
BASEML (in paml version 4.10.10, 29 Jan 2026)  tmp0002.txt  HKY85 dGamma (ncatG=5)
Frequencies..
                                    T      C      A      G
Caranx_caninus                 0.24203 0.25704 0.27955 0.22139 GC = 0.478
Centropomus_armatus            0.24525 0.25095 0.28707 0.21673 GC = 0.468
Centropomus_ensiferus          0.26217 0.24345 0.28464 0.20974 GC = 0.453
Centropomus_medius             0.23846 0.25385 0.28654 0.22115 GC = 0.475
Centropomus_nigrescens         0.22302 0.27338 0.30456 0.19904 GC = 0.472
Centropomus_pectinatus         0.21220 0.26829 0.30488 0.21463 GC = 0.483
Centropomus_robalito           0.24525 0.25095 0.28707 0.21673 GC = 0.468
Centropomus_undecimalis        0.24621 0.26136 0.28977 0.20265 GC = 0.464
Centropomus_unionensis         0.23371 0.26174 0.28882 0.21573 GC = 0.477
Centropomus_viridis            0.24427 0.26145 0.27481 0.21947 GC = 0.481
Coryphaena_equiselis           0.27289 0.22344 0.29487 0.20879 GC = 0.432
Echeneis_naucrates             0.25996 0.21442 0.31879 0.20683 GC = 0.421
Gnathanodon_speciosus          0.24254 0.24813 0.29104 0.21828 GC = 0.466
Istiophorus_platypterus        0.23048 0.25143 0.29333 0.22476 GC = 0.476
Lates_angustifrons             0.24112 0.24860 0.28598 0.22430 GC = 0.473
Lates_calcarifer               0.22837 0.25481 0.32452 0.19231 GC = 0.447
Lates_japonicus                0.24578 0.24390 0.28705 0.22326 GC = 0.467
Lates_microlepis               0.24299 0.24673 0.28598 0.22430 GC = 0.471
Lates_niloticus                0.24860 0.23925 0.28785 0.22430 GC = 0.464
Lates_stappersii               0.24299 0.24673 0.28785 0.22243 GC = 0.469
Makaira_nigricans              0.22857 0.25333 0.29333 0.22476 GC = 0.478
Nematistius_pectoralis         0.24000 0.26182 0.27273 0.22545 GC = 0.487
Psammoperca_waigiensis         0.23358 0.24574 0.31387 0.20681 GC = 0.453
Sphyraena_africana             0.25000 0.25000 0.25000 0.25000 GC = 0.500
Sphyraena_barracuda            0.25275 0.23810 0.29304 0.21612 GC = 0.454
Sphyraena_borealis             0.24641 0.23614 0.29979 0.21766 GC = 0.454
Sphyraena_ensis                0.24038 0.24231 0.30000 0.21731 GC = 0.460
Sphyraena_forsteri             0.25000 0.25000 0.25000 0.25000 GC = 0.500
Sphyraena_guachancho           0.24673 0.23551 0.29346 0.22430 GC = 0.460
Sphyraena_helleri              0.25000 0.25000 0.25000 0.25000 GC = 0.500
Sphyraena_iburiensis           0.25000 0.25000 0.25000 0.25000 GC = 0.500
Sphyraena_japonica             0.24404 0.24220 0.28257 0.23119 GC = 0.473
Sphyraena_jello                0.25275 0.23993 0.29121 0.21612 GC = 0.456
Sphyraena_obtusata             0.24248 0.24812 0.28195 0.22744 GC = 0.476
Sphyraena_picudilla            0.25000 0.25000 0.25000 0.25000 GC = 0.500
Sphyraena_pinguis              0.25000 0.25000 0.25000 0.25000 GC = 0.500
Sphyraena_putnamae             0.23395 0.22774 0.30021 0.23810 GC = 0.466
Sphyraena_qenie                0.24542 0.24359 0.30220 0.20879 GC = 0.452
Sphyraena_viridensis           0.25000 0.25000 0.25000 0.25000 GC = 0.500
Tetrapturus_audax              0.23048 0.25143 0.29143 0.22667 GC = 0.478
Xiphias_gladius                0.23629 0.25520 0.28922 0.21928 GC = 0.474
Sphyraena_argentea             0.24678 0.24125 0.28361 0.22836 GC = 0.470
Sphyraena_idiastes             0.23738 0.24860 0.28972 0.22430 GC = 0.473
Sphyraena_novaehollandiae      0.23587 0.24366 0.30019 0.22027 GC = 0.464
Sphyraena_chrysotaenia         0.25046 0.25783 0.27072 0.22099 GC = 0.479
Sphyraena_flavicauda           0.22945 0.24283 0.27533 0.25239 GC = 0.495
Centropomus_irae               0.25124 0.25124 0.29353 0.20398 GC = 0.455
Centropomus_poeyi              0.23699 0.26012 0.28516 0.21773 GC = 0.478
Centropomus_mexicanus          0.26195 0.24092 0.27916 0.21797 GC = 0.459
Centropomus_parallelus         0.25571 0.24521 0.27686 0.22222 GC = 0.467
Hypopterus_macropterus         0.25000 0.25000 0.25000 0.25000 GC = 0.500
Sphyraena_acutipinnis          0.25000 0.25000 0.25000 0.25000 GC = 0.500
Sphyraena_waitii               0.25000 0.25000 0.25000 0.25000 GC = 0.500

Homogeneity statistic: X2 = 0.16603 G = 0.16672 

Average                        0.24295 0.24743 0.29028 0.21934
(Ambiguity characters are used to calculate freqs.)


# constant sites:      0 (0.00%)
Distances:HKY85 (kappa)  (alpha set at 0.50)
This matrix is not used in later m.l. analysis.

(Pairwise deletion.)
Caranx_caninus   
Centropomus_armatus    0.343456 ( 5.2273)
Centropomus_ensiferus    0.334561 ( 5.2763)  0.053224 ( 3.9300)
Centropomus_medius    0.370273 ( 5.7545)  0.108545 ( 4.4496)  0.136749 ( 4.3402)
Centropomus_nigrescens    0.388933 ( 4.0478)  0.218817 ( 3.0329)  0.203667 ( 2.8848)  0.212710 ( 5.1693)
Centropomus_pectinatus    0.456876 ( 6.4684)  0.154937 ( 5.6437)  0.196064 ( 5.3849)  0.024475 (999.0000)  0.201658 ( 4.7989)
Centropomus_robalito    0.343456 ( 5.2273)  0.000000 ( 5.2273)  0.053224 ( 3.9300)  0.108545 ( 4.4496)  0.218817 ( 3.0329)  0.154937 ( 5.6437)
Centropomus_undecimalis    0.383311 ( 4.0202)  0.185928 ( 5.4400)  0.171503 ( 5.2152)  0.174765 ( 7.7437)  0.160787 ( 5.0528)  0.217205 (10.6347)  0.185928 ( 5.4400)
Centropomus_unionensis    0.394357 ( 5.6845)  0.070329 (18.6332)  0.102141 ( 8.8064)  0.152625 ( 5.0212)  0.228310 ( 3.7390)  0.184382 ( 7.0964)  0.070329 (18.6332)  0.167653 ( 4.4955)
Centropomus_viridis    0.298960 ( 3.3499)  0.153018 ( 3.7969)  0.154297 ( 4.1364)  0.127190 ( 4.2299)  0.136949 ( 2.9296)  0.159693 ( 5.3268)  0.153018 ( 3.7969)  0.067352 (15.4038)  0.140350 ( 3.1060)
Coryphaena_equiselis    0.338328 ( 2.6316)  0.370742 ( 3.7932)  0.373829 ( 4.3655)  0.453564 ( 4.4927)  0.513978 ( 3.5964)  0.511990 ( 4.0512)  0.370742 ( 3.7932)  0.434316 ( 3.9763)  0.432399 ( 4.4063)  0.392009 ( 3.7598)
Echeneis_naucrates    0.230358 ( 3.4253)  0.398668 ( 4.7301)  0.359160 ( 4.2448)  0.375254 ( 4.1153)  0.465235 ( 3.8478)  0.454462 ( 4.6805)  0.398668 ( 4.7301)  0.445330 ( 4.2417)  0.435896 ( 4.8190)  0.385962 ( 3.9423)  0.320289 ( 3.3770)
Gnathanodon_speciosus    0.064110 ( 5.2548)  0.356267 ( 5.2636)  0.347264 ( 5.3156)  0.375033 ( 5.6079)  0.400435 ( 4.0185)  0.477931 ( 6.5240)  0.356267 ( 5.2636)  0.377621 ( 3.9362)  0.401162 ( 5.5406)  0.311548 ( 3.4166)  0.353307 ( 3.2515)  0.227525 ( 3.5677)
Istiophorus_platypterus    0.163031 ( 2.5822)  0.316992 ( 5.0603)  0.298973 ( 4.8917)  0.338605 ( 4.5814)  0.371469 ( 5.7111)  0.464298 ( 6.1578)  0.316992 ( 5.0603)  0.356364 ( 5.0140)  0.358993 ( 6.0629)  0.292115 ( 3.8579)  0.306399 ( 3.9123)  0.195930 ( 3.7503)  0.176196 ( 2.7670)
Lates_angustifrons    0.184045 ( 3.0356)  0.374833 ( 5.3810)  0.360411 ( 5.3256)  0.385983 ( 6.0635)  0.409349 ( 5.6224)  0.515214 ( 7.5224)  0.374833 ( 5.3810)  0.361444 ( 4.9462)  0.418955 ( 5.5655)  0.305639 ( 3.9822)  0.422291 ( 4.8240)  0.210034 ( 2.9280)  0.189036 ( 3.1870)  0.151438 ( 4.6893)
Lates_calcarifer    0.193683 ( 2.2301)  0.520698 ( 6.1343)  0.495293 ( 6.6480)  0.640154 ( 8.7002)  0.657167 ( 6.3211)  0.929766 (11.7090)  0.520698 ( 6.1343)  0.537927 ( 5.6646)  0.557976 ( 5.8243)  0.465569 ( 4.0613)  0.520459 ( 3.7815)  0.287995 ( 3.2804)  0.194955 ( 2.8831)  0.222733 ( 4.2881)  0.089997 ( 4.3656)
Lates_japonicus    0.172121 ( 2.2092)  0.387917 ( 6.1235)  0.348261 ( 5.2923)  0.410160 ( 7.1350)  0.464361 ( 5.9875)  0.549919 ( 8.9477)  0.387917 ( 6.1235)  0.408546 ( 5.8343)  0.423051 ( 6.1860)  0.350029 ( 4.8337)  0.329981 ( 4.1216)  0.210716 ( 3.5099)  0.181739 ( 3.1705)  0.159592 ( 4.6876)  0.060262 ( 6.8644)  0.093809 ( 4.0046)
Lates_microlepis    0.184039 ( 3.0352)  0.365430 ( 5.1955)  0.351812 ( 5.1507)  0.376221 ( 5.8588)  0.396602 ( 5.3815)  0.496746 ( 7.1766)  0.365430 ( 5.1955)  0.352876 ( 4.7807)  0.406234 ( 5.3340)  0.298088 ( 3.8339)  0.422411 ( 4.8269)  0.210054 ( 2.9288)  0.189034 ( 3.1869)  0.155557 ( 4.8710)  0.001957 (999.0000)  0.086326 ( 4.1023)  0.062950 ( 7.2604)
Lates_niloticus    0.145765 ( 2.4966)  0.355182 ( 5.2357)  0.321254 ( 4.7614)  0.375056 ( 6.1147)  0.413468 ( 5.4242)  0.490608 ( 7.4357)  0.355182 ( 5.2357)  0.353464 ( 4.4087)  0.392764 ( 5.3671)  0.296401 ( 3.8151)  0.377581 ( 3.9386)  0.196731 ( 2.7806)  0.158251 ( 2.8968)  0.156564 ( 3.4063)  0.034413 ( 5.1794)  0.082862 ( 3.8586)  0.045728 ( 3.8470)  0.032122 ( 4.7005)
Lates_stappersii    0.172359 ( 2.7161)  0.339474 ( 4.6857)  0.322797 ( 4.5619)  0.349255 ( 5.2971)  0.361511 ( 4.7294)  0.451277 ( 6.3393)  0.339474 ( 4.6857)  0.328168 ( 4.3069)  0.372493 ( 4.7263)  0.276682 ( 3.4156)  0.406704 ( 4.5747)  0.196766 ( 2.6173)  0.176966 ( 2.8562)  0.152478 ( 4.7370)  0.011620 (999.0000)  0.082876 ( 3.8607)  0.060597 ( 6.9170)  0.009572 (999.0000)  0.025970 ( 3.4163)
Makaira_nigricans    0.163043 ( 2.5829)  0.320932 ( 5.1487)  0.302452 ( 4.9723)  0.342270 ( 4.6534)  0.360446 ( 5.4840)  0.474277 ( 6.3371)  0.320932 ( 5.1487)  0.343642 ( 4.7635)  0.343438 ( 5.7144)  0.281465 ( 3.6444)  0.313913 ( 4.0573)  0.189761 ( 3.5682)  0.176205 ( 2.7675)  0.005721 (999.0000)  0.145387 ( 4.4221)  0.214394 ( 4.0522)  0.153629 ( 4.4377)  0.149505 ( 4.6037)  0.150655 ( 3.2020)  0.146581 ( 4.4765)
Nematistius_pectoralis    0.238525 ( 2.1440)  0.360873 ( 3.3199)  0.323138 ( 3.1732)  0.448345 ( 4.9470)  0.409355 ( 3.5430)  0.554262 ( 5.6997)  0.360873 ( 3.3199)  0.384319 ( 3.5546)  0.447633 ( 4.6111)  0.363768 ( 3.4798)  0.430337 ( 3.0032)  0.341844 ( 3.1028)  0.222038 ( 1.8676)  0.254362 ( 4.3887)  0.232793 ( 4.2053)  0.329322 ( 3.1790)  0.218736 ( 3.5951)  0.238270 ( 4.3511)  0.233721 ( 3.4100)  0.227444 ( 4.0637)  0.256854 ( 4.4522)
Psammoperca_waigiensis    0.218422 ( 2.4739)  0.542276 ( 5.4250)  0.498408 ( 5.5926)  0.674341 ( 8.1867)  0.861871 ( 7.0270)  1.455613 (15.9330)  0.542276 ( 5.4250)  0.592376 ( 5.4226)  0.744501 ( 6.5132)  0.510602 ( 3.8676)  0.641988 ( 4.9622)  0.325576 ( 3.8248)  0.218356 ( 2.8858)  0.233309 ( 4.4278)  0.094829 ( 4.5557)  0.000000 ( 4.5557)  0.098767 ( 4.1786)  0.090984 ( 4.2881)  0.087225 ( 4.0301)  0.087482 ( 4.0486)  0.224770 ( 4.1926)  0.346998 ( 3.1465)
Sphyraena_africana    9.000000 ( 3.1465)  9.000000 ( 3.1465)  9.000000 ( 3.1465)  9.000000 ( 3.1465)  9.000000 ( 3.1465)  9.000000 ( 3.1465)  9.000000 ( 3.1465)  9.000000 ( 3.1465)  9.000000 ( 3.1465)  9.000000 ( 3.1465)  9.000000 ( 3.1465)  9.000000 ( 3.1465)  9.000000 ( 3.1465)  9.000000 ( 3.1465)  9.000000 ( 3.1465)  9.000000 ( 3.1465)  9.000000 ( 3.1465)  9.000000 ( 3.1465)  9.000000 ( 3.1465)  9.000000 ( 3.1465)  9.000000 ( 3.1465)  9.000000 ( 3.1465)  9.000000 ( 3.1465)
Sphyraena_barracuda    0.244076 ( 3.0663)  0.417114 ( 4.6727)  0.385906 ( 4.7356)  0.435856 ( 5.3425)  0.599269 ( 5.8456)  0.606610 ( 6.6772)  0.417114 ( 4.6727)  0.509349 ( 4.9865)  0.546674 ( 6.6012)  0.460655 ( 4.7465)  0.512315 ( 5.5982)  0.281945 ( 4.1817)  0.266080 ( 3.7225)  0.252149 ( 5.3582)  0.267575 ( 4.1583)  0.356406 ( 3.9752)  0.247334 ( 4.3075)  0.273600 ( 4.2973)  0.269029 ( 4.0037)  0.267575 ( 4.1605)  0.258239 ( 5.5364)  0.386895 ( 3.4725)  0.358446 ( 3.4537)  9.000000 ( 3.4537)
Sphyraena_borealis    0.344238 ( 5.5111)  0.421764 ( 4.8590)  0.409572 ( 5.3440)  0.409105 ( 5.0489)  0.472652 ( 4.3584)  0.498813 ( 5.8838)  0.421764 ( 4.8590)  0.466670 ( 4.4015)  0.462138 ( 6.0250)  0.406022 ( 3.9862)  0.452159 ( 4.0980)  0.402352 ( 7.3501)  0.352872 ( 5.7243)  0.292330 ( 5.0139)  0.353852 ( 5.2301)  0.506923 ( 5.7278)  0.362186 ( 6.2204)  0.362655 ( 5.4105)  0.351149 ( 6.0108)  0.345392 ( 5.0601)  0.292351 ( 5.0150)  0.430659 ( 4.1085)  0.592153 ( 5.5737)  9.000000 ( 5.5737)  0.137692 ( 6.2003)
Sphyraena_ensis    0.307998 ( 5.5667)  0.369084 ( 4.1826)  0.350150 ( 4.4323)  0.359579 ( 4.3649)  0.473263 ( 4.0752)  0.499522 ( 5.5509)  0.369084 ( 4.1826)  0.415663 ( 3.9225)  0.460127 ( 5.6630)  0.364126 ( 3.5585)  0.432215 ( 4.2078)  0.369426 ( 6.6634)  0.315674 ( 5.7763)  0.258394 ( 4.4848)  0.330766 ( 5.0995)  0.454668 ( 5.6167)  0.333284 ( 5.9139)  0.338251 ( 5.2601)  0.328106 ( 5.8274)  0.323508 ( 4.9457)  0.258425 ( 4.4864)  0.394420 ( 3.7954)  0.436372 ( 4.6178)  9.000000 ( 4.6178)  0.117056 ( 6.0714)  0.015146 ( 2.7164)
Sphyraena_forsteri    9.000000 ( 2.7164)  9.000000 ( 2.7164)  9.000000 ( 2.7164)  9.000000 ( 2.7164)  9.000000 ( 2.7164)  9.000000 ( 2.7164)  9.000000 ( 2.7164)  9.000000 ( 2.7164)  9.000000 ( 2.7164)  9.000000 ( 2.7164)  9.000000 ( 2.7164)  9.000000 ( 2.7164)  9.000000 ( 2.7164)  9.000000 ( 2.7164)  9.000000 ( 2.7164)  9.000000 ( 2.7164)  9.000000 ( 2.7164)  9.000000 ( 2.7164)  9.000000 ( 2.7164)  9.000000 ( 2.7164)  9.000000 ( 2.7164)  9.000000 ( 2.7164)  9.000000 ( 2.7164)  9.000000 ( 2.7164)  9.000000 ( 2.7164)  9.000000 ( 2.7164)  9.000000 ( 2.7164)
Sphyraena_guachancho    0.300317 ( 5.9091)  0.358295 ( 4.4155)  0.340533 ( 4.6924)  0.349323 ( 4.6118)  0.451183 ( 4.2764)  0.474824 ( 5.7842)  0.358295 ( 4.4155)  0.402344 ( 4.1170)  0.440701 ( 5.9304)  0.353327 ( 3.7633)  0.408109 ( 4.2524)  0.350134 ( 6.8012)  0.307831 ( 6.1290)  0.245974 ( 4.6240)  0.299447 ( 4.8739)  0.476006 ( 5.9684)  0.306412 ( 5.7952)  0.306115 ( 5.0273)  0.297010 ( 5.5909)  0.293014 ( 4.7283)  0.245984 ( 4.6247)  0.373334 ( 3.8480)  0.456761 ( 4.9235)  9.000000 ( 4.9235)  0.119224 ( 7.1669)  0.006380 ( 1.0810)  0.009678 ( 8.0884)  9.000000 ( 8.0884)
Sphyraena_helleri    9.000000 ( 8.0884)  9.000000 ( 8.0884)  9.000000 ( 8.0884)  9.000000 ( 8.0884)  9.000000 ( 8.0884)  9.000000 ( 8.0884)  9.000000 ( 8.0884)  9.000000 ( 8.0884)  9.000000 ( 8.0884)  9.000000 ( 8.0884)  9.000000 ( 8.0884)  9.000000 ( 8.0884)  9.000000 ( 8.0884)  9.000000 ( 8.0884)  9.000000 ( 8.0884)  9.000000 ( 8.0884)  9.000000 ( 8.0884)  9.000000 ( 8.0884)  9.000000 ( 8.0884)  9.000000 ( 8.0884)  9.000000 ( 8.0884)  9.000000 ( 8.0884)  9.000000 ( 8.0884)  9.000000 ( 8.0884)  9.000000 ( 8.0884)  9.000000 ( 8.0884)  9.000000 ( 8.0884)  9.000000 ( 8.0884)  9.000000 ( 8.0884)
Sphyraena_iburiensis    9.000000 ( 8.0884)  9.000000 ( 8.0884)  9.000000 ( 8.0884)  9.000000 ( 8.0884)  9.000000 ( 8.0884)  9.000000 ( 8.0884)  9.000000 ( 8.0884)  9.000000 ( 8.0884)  9.000000 ( 8.0884)  9.000000 ( 8.0884)  9.000000 ( 8.0884)  9.000000 ( 8.0884)  9.000000 ( 8.0884)  9.000000 ( 8.0884)  9.000000 ( 8.0884)  9.000000 ( 8.0884)  9.000000 ( 8.0884)  9.000000 ( 8.0884)  9.000000 ( 8.0884)  9.000000 ( 8.0884)  9.000000 ( 8.0884)  9.000000 ( 8.0884)  9.000000 ( 8.0884)  9.000000 ( 8.0884)  9.000000 ( 8.0884)  9.000000 ( 8.0884)  9.000000 ( 8.0884)  9.000000 ( 8.0884)  9.000000 ( 8.0884)  9.000000 ( 8.0884)
Sphyraena_japonica    0.297081 ( 3.7998)  0.362482 ( 3.9669)  0.342552 ( 3.8076)  0.421832 ( 4.5296)  0.483131 ( 3.5663)  0.546812 ( 5.8166)  0.362482 ( 3.9669)  0.433294 ( 3.9442)  0.436337 ( 5.3460)  0.373452 ( 3.0533)  0.386858 ( 2.3708)  0.313550 ( 4.6483)  0.264689 ( 4.0856)  0.230280 ( 2.8643)  0.345994 ( 3.5344)  0.443586 ( 4.0552)  0.305927 ( 3.3115)  0.354629 ( 3.6726)  0.310309 ( 3.1159)  0.334008 ( 3.3437)  0.230299 ( 2.8650)  0.384505 ( 2.1582)  0.484098 ( 4.2243)  9.000000 ( 4.2243)  0.361592 ( 6.8569)  0.321570 ( 6.2688)  0.311944 ( 7.0332)  9.000000 ( 7.0332)  0.282113 ( 6.7810)  9.000000 ( 6.7810)  9.000000 ( 6.7810)
Sphyraena_jello    0.236190 ( 3.0627)  0.405574 ( 4.6744)  0.375208 ( 4.7452)  0.423677 ( 5.3490)  0.580057 ( 5.8464)  0.586284 ( 6.6803)  0.405574 ( 4.6744)  0.496227 ( 4.9862)  0.529541 ( 6.6147)  0.448667 ( 4.7520)  0.499212 ( 5.5988)  0.273195 ( 4.1942)  0.257891 ( 3.7310)  0.244108 ( 5.4186)  0.265301 ( 4.3182)  0.352488 ( 4.1310)  0.244321 ( 4.4624)  0.271440 ( 4.4648)  0.266493 ( 4.1494)  0.259363 ( 4.1787)  0.250110 ( 5.6015)  0.376687 ( 3.4651)  0.354418 ( 3.5880)  9.000000 ( 3.5880)  0.003661 ( 1.9986)  0.131339 ( 6.4364)  0.111481 ( 6.3297)  9.000000 ( 6.3297)  0.113728 ( 7.5297)  9.000000 ( 7.5297)  9.000000 ( 7.5297)  0.351582 ( 6.9152)
Sphyraena_obtusata    0.300582 ( 2.6596)  0.467538 ( 5.2858)  0.436156 ( 4.6135)  0.455960 ( 5.0647)  0.463484 ( 3.5167)  0.574041 ( 6.2287)  0.467538 ( 5.2858)  0.466152 ( 4.2358)  0.630801 ( 7.9535)  0.425777 ( 3.7649)  0.467043 ( 3.4836)  0.354641 ( 3.1429)  0.279469 ( 2.7103)  0.257096 ( 2.1442)  0.349427 ( 3.8566)  0.469140 ( 4.5644)  0.313748 ( 4.2735)  0.341986 ( 3.7316)  0.288398 ( 3.1326)  0.323356 ( 3.4202)  0.255902 ( 2.1251)  0.330829 ( 3.1253)  0.492917 ( 4.2863)  9.000000 ( 4.2863)  0.355014 ( 4.1430)  0.438597 ( 5.3103)  0.402478 ( 5.5535)  9.000000 ( 5.5535)  0.363169 ( 5.2823)  9.000000 ( 5.2823)  9.000000 ( 5.2823)  0.264146 ( 2.3195)  0.345076 ( 4.1471)
Sphyraena_picudilla    9.000000 ( 4.1471)  9.000000 ( 4.1471)  9.000000 ( 4.1471)  9.000000 ( 4.1471)  9.000000 ( 4.1471)  9.000000 ( 4.1471)  9.000000 ( 4.1471)  9.000000 ( 4.1471)  9.000000 ( 4.1471)  9.000000 ( 4.1471)  9.000000 ( 4.1471)  9.000000 ( 4.1471)  9.000000 ( 4.1471)  9.000000 ( 4.1471)  9.000000 ( 4.1471)  9.000000 ( 4.1471)  9.000000 ( 4.1471)  9.000000 ( 4.1471)  9.000000 ( 4.1471)  9.000000 ( 4.1471)  9.000000 ( 4.1471)  9.000000 ( 4.1471)  9.000000 ( 4.1471)  9.000000 ( 4.1471)  9.000000 ( 4.1471)  9.000000 ( 4.1471)  9.000000 ( 4.1471)  9.000000 ( 4.1471)  9.000000 ( 4.1471)  9.000000 ( 4.1471)  9.000000 ( 4.1471)  9.000000 ( 4.1471)  9.000000 ( 4.1471)  9.000000 ( 4.1471)
Sphyraena_pinguis    9.000000 ( 4.1471)  9.000000 ( 4.1471)  9.000000 ( 4.1471)  9.000000 ( 4.1471)  9.000000 ( 4.1471)  9.000000 ( 4.1471)  9.000000 ( 4.1471)  9.000000 ( 4.1471)  9.000000 ( 4.1471)  9.000000 ( 4.1471)  9.000000 ( 4.1471)  9.000000 ( 4.1471)  9.000000 ( 4.1471)  9.000000 ( 4.1471)  9.000000 ( 4.1471)  9.000000 ( 4.1471)  9.000000 ( 4.1471)  9.000000 ( 4.1471)  9.000000 ( 4.1471)  9.000000 ( 4.1471)  9.000000 ( 4.1471)  9.000000 ( 4.1471)  9.000000 ( 4.1471)  9.000000 ( 4.1471)  9.000000 ( 4.1471)  9.000000 ( 4.1471)  9.000000 ( 4.1471)  9.000000 ( 4.1471)  9.000000 ( 4.1471)  9.000000 ( 4.1471)  9.000000 ( 4.1471)  9.000000 ( 4.1471)  9.000000 ( 4.1471)  9.000000 ( 4.1471)  9.000000 ( 4.1471)
Sphyraena_putnamae    0.233854 ( 3.4754)  0.321325 ( 3.8306)  0.322733 ( 4.0565)  0.368021 ( 5.3471)  0.509055 ( 7.2130)  0.574144 ( 8.2845)  0.321325 ( 3.8306)  0.407529 ( 4.7227)  0.420403 ( 6.0026)  0.340383 ( 3.7619)  0.364892 ( 6.2514)  0.333417 ( 5.5375)  0.236579 ( 3.9781)  0.238236 ( 4.0041)  0.220316 ( 3.5442)  0.290939 ( 4.0386)  0.210182 ( 3.7367)  0.226510 ( 3.6997)  0.206615 ( 3.4135)  0.207359 ( 3.2200)  0.230130 ( 3.8001)  0.252374 ( 2.6196)  0.292120 ( 3.4232)  9.000000 ( 3.4232)  0.121868 (11.9477)  0.123944 ( 9.2216)  0.110444 (10.6530)  9.000000 (10.6530)  0.109511 (12.4061)  9.000000 (12.4061)  9.000000 (12.4061)  0.226538 ( 7.0431)  0.115653 (13.2300)  0.304959 ( 4.3934)  9.000000 ( 4.3934)  9.000000 ( 4.3934)
Sphyraena_qenie    0.264998 ( 3.6911)  0.379204 ( 4.6223)  0.354532 ( 4.7823)  0.402476 ( 5.4251)  0.422968 ( 4.5735)  0.548536 ( 6.7475)  0.379204 ( 4.6223)  0.430587 ( 4.7677)  0.489015 ( 6.5439)  0.402094 ( 4.7854)  0.489917 ( 5.8795)  0.275398 ( 4.7018)  0.277635 ( 4.6144)  0.249799 ( 5.6060)  0.230398 ( 3.4932)  0.339995 ( 3.9370)  0.257433 ( 4.8206)  0.235646 ( 3.6186)  0.247845 ( 3.7256)  0.225297 ( 3.3730)  0.243547 ( 5.4159)  0.380701 ( 3.8275)  0.341685 ( 3.4007)  9.000000 ( 3.4007)  0.083799 (16.0218)  0.123186 ( 5.9290)  0.104411 ( 5.8176)  9.000000 ( 5.8176)  0.106803 ( 6.9635)  9.000000 ( 6.9635)  9.000000 ( 6.9635)  0.326105 ( 6.8980)  0.079052 (19.3719)  0.373750 ( 5.0781)  9.000000 ( 5.0781)  9.000000 ( 5.0781)  0.102761 (13.9173)
Sphyraena_viridensis    9.000000 (13.9173)  9.000000 (13.9173)  9.000000 (13.9173)  9.000000 (13.9173)  9.000000 (13.9173)  9.000000 (13.9173)  9.000000 (13.9173)  9.000000 (13.9173)  9.000000 (13.9173)  9.000000 (13.9173)  9.000000 (13.9173)  9.000000 (13.9173)  9.000000 (13.9173)  9.000000 (13.9173)  9.000000 (13.9173)  9.000000 (13.9173)  9.000000 (13.9173)  9.000000 (13.9173)  9.000000 (13.9173)  9.000000 (13.9173)  9.000000 (13.9173)  9.000000 (13.9173)  9.000000 (13.9173)  9.000000 (13.9173)  9.000000 (13.9173)  9.000000 (13.9173)  9.000000 (13.9173)  9.000000 (13.9173)  9.000000 (13.9173)  9.000000 (13.9173)  9.000000 (13.9173)  9.000000 (13.9173)  9.000000 (13.9173)  9.000000 (13.9173)  9.000000 (13.9173)  9.000000 (13.9173)  9.000000 (13.9173)  9.000000 (13.9173)
Tetrapturus_audax    0.165973 ( 2.6640)  0.321188 ( 5.1514)  0.303078 ( 4.9841)  0.343210 ( 4.6689)  0.377648 ( 5.8351)  0.471034 ( 6.2717)  0.321188 ( 5.1514)  0.361007 ( 5.1029)  0.364373 ( 6.1801)  0.296267 ( 3.9397)  0.310270 ( 3.9851)  0.199155 ( 3.8428)  0.179335 ( 2.8507)  0.001809 (999.0000)  0.154594 ( 4.8266)  0.227224 ( 4.4108)  0.162707 ( 4.8161)  0.158715 ( 5.0084)  0.159646 ( 3.5112)  0.155557 ( 4.8710)  0.007613 (999.0000)  0.254375 ( 4.3872)  0.237884 ( 4.5501)  9.000000 ( 4.5501)  0.256158 ( 5.4725)  0.297669 ( 5.1390)  0.262768 ( 4.5920)  9.000000 ( 4.5920)  0.250302 ( 4.7383)  9.000000 ( 4.7383)  9.000000 ( 4.7383)  0.233578 ( 2.9328)  0.247997 ( 5.5340)  0.257110 ( 2.1435)  9.000000 ( 2.1435)  9.000000 ( 2.1435)  0.242467 ( 4.1082)  0.253471 ( 5.7147)  9.000000 ( 5.7147)
Xiphias_gladius    0.135071 ( 3.1828)  0.331003 ( 4.9702)  0.304442 ( 5.6114)  0.382788 ( 6.0207)  0.458269 ( 6.2523)  0.552935 ( 8.2520)  0.331003 ( 4.9702)  0.390615 ( 5.0911)  0.345142 ( 5.2510)  0.286599 ( 3.8074)  0.326012 ( 4.1693)  0.219794 ( 4.2093)  0.153443 ( 3.1365)  0.081317 ( 2.5621)  0.137663 ( 4.8568)  0.192778 ( 4.1192)  0.132330 ( 4.2082)  0.141567 ( 5.0512)  0.126882 ( 3.9768)  0.125311 ( 4.2419)  0.081322 ( 2.5629)  0.223438 ( 4.1039)  0.201523 ( 4.2499)  9.000000 ( 4.2499)  0.234055 ( 4.1508)  0.292181 ( 5.3794)  0.263209 ( 4.9372)  9.000000 ( 4.9372)  0.245267 ( 4.9380)  9.000000 ( 4.9380)  9.000000 ( 4.9380)  0.239798 ( 3.1220)  0.226343 ( 4.1748)  0.283205 ( 2.6179)  9.000000 ( 2.6179)  9.000000 ( 2.6179)  0.207312 ( 3.9295)  0.251535 ( 6.0714)  9.000000 ( 6.0714)  0.078999 ( 2.4303)
Sphyraena_argentea    0.241424 ( 3.0049)  0.318154 ( 3.7030)  0.306002 ( 3.6561)  0.381150 ( 4.4075)  0.395965 ( 3.5090)  0.471595 ( 5.4631)  0.318154 ( 3.7030)  0.358652 ( 3.4569)  0.361887 ( 4.7512)  0.323181 ( 2.7221)  0.386527 ( 3.7106)  0.297632 ( 4.7297)  0.250915 ( 3.9561)  0.227299 ( 4.3658)  0.300537 ( 4.4627)  0.343322 ( 4.9549)  0.243721 ( 4.2024)  0.308101 ( 4.6254)  0.278897 ( 3.8210)  0.293170 ( 4.3057)  0.221140 ( 4.1935)  0.326612 ( 2.2443)  0.380715 ( 4.9520)  9.000000 ( 4.9520)  0.271100 ( 5.6325)  0.257885 ( 4.6099)  0.232566 ( 4.7170)  9.000000 ( 4.7170)  0.220493 ( 4.8470)  9.000000 ( 4.8470)  9.000000 ( 4.8470)  0.170140 ( 7.8915)  0.262921 ( 5.6898)  0.265250 ( 3.3249)  9.000000 ( 3.3249)  9.000000 ( 3.3249)  0.187458 ( 6.8874)  0.239184 ( 5.5853)  9.000000 ( 5.5853)  0.230543 ( 4.4547)  0.215994 ( 3.6663)
Sphyraena_idiastes    0.229403 ( 2.1650)  0.302105 ( 2.7751)  0.280358 ( 2.8344)  0.335250 ( 3.5819)  0.359802 ( 3.4871)  0.432303 ( 4.5279)  0.302105 ( 2.7751)  0.362831 ( 3.3213)  0.398293 ( 4.1798)  0.326993 ( 2.8622)  0.351451 ( 3.8369)  0.293274 ( 4.5735)  0.248070 ( 3.1108)  0.193582 ( 3.3744)  0.281617 ( 3.6313)  0.380963 ( 4.7994)  0.226226 ( 3.3176)  0.288183 ( 3.7625)  0.263811 ( 3.1262)  0.271404 ( 3.4296)  0.198700 ( 3.5173)  0.312853 ( 2.4063)  0.398387 ( 4.6693)  9.000000 ( 4.6693)  0.217627 ( 4.5018)  0.272374 ( 4.9191)  0.234818 ( 4.4656)  9.000000 ( 4.4656)  0.226345 ( 4.6954)  9.000000 ( 4.6954)  9.000000 ( 4.6954)  0.201598 ( 6.6464)  0.210170 ( 4.5377)  0.260119 ( 3.1744)  9.000000 ( 3.1744)  9.000000 ( 3.1744)  0.194237 ( 7.2086)  0.214236 ( 4.9589)  9.000000 ( 4.9589)  0.196772 ( 3.4615)  0.182733 ( 2.5816)  0.070369 ( 3.8753)
Sphyraena_novaehollandiae    0.256179 ( 2.9272)  0.308280 ( 3.4318)  0.325749 ( 3.5657)  0.369028 ( 3.9007)  0.430704 ( 4.7053)  0.557591 ( 6.2790)  0.308280 ( 3.4318)  0.373366 ( 3.8793)  0.350334 ( 4.4266)  0.315139 ( 2.7452)  0.394029 ( 2.6018)  0.312149 ( 4.3310)  0.251045 ( 3.3520)  0.244088 ( 4.6259)  0.285717 ( 3.7018)  0.363951 ( 5.1126)  0.253298 ( 3.7860)  0.293856 ( 3.8642)  0.275870 ( 3.7073)  0.271407 ( 3.4170)  0.237222 ( 4.4399)  0.324102 ( 1.8867)  0.403776 ( 5.1255)  9.000000 ( 5.1255)  0.326223 ( 6.6003)  0.352754 ( 7.9154)  0.316069 ( 8.4478)  9.000000 ( 8.4478)  0.299718 ( 8.3621)  9.000000 ( 8.3621)  9.000000 ( 8.3621)  0.164858 ( 5.5235)  0.316673 ( 6.6772)  0.261636 ( 2.7149)  9.000000 ( 2.7149)  9.000000 ( 2.7149)  0.149112 ( 6.5171)  0.301831 ( 6.2888)  9.000000 ( 6.2888)  0.247734 ( 4.7222)  0.223051 ( 3.0619)  0.090142 ( 6.7317)  0.114068 ( 5.0197)
Sphyraena_chrysotaenia    0.324573 ( 4.1510)  0.461901 ( 5.1846)  0.419924 ( 4.7149)  0.513198 ( 5.9399)  0.457988 ( 3.1188)  0.591716 ( 6.2119)  0.461901 ( 5.1846)  0.476228 ( 4.3501)  0.477683 ( 5.2836)  0.437178 ( 3.6070)  0.430273 ( 2.9643)  0.382722 ( 4.3811)  0.313129 ( 4.5342)  0.316151 ( 4.0732)  0.358649 ( 4.4535)  0.500683 ( 6.1984)  0.326051 ( 4.7996)  0.366916 ( 4.6023)  0.347509 ( 4.2533)  0.362541 ( 4.5253)  0.308285 ( 3.9223)  0.391091 ( 4.2314)  0.538876 ( 6.3034)  9.000000 ( 6.3034)  0.357651 ( 5.3573)  0.439688 ( 5.6713)  0.398825 ( 5.8256)  9.000000 ( 5.8256)  0.391250 ( 6.2008)  9.000000 ( 6.2008)  9.000000 ( 6.2008)  0.327423 ( 5.1796)  0.347693 ( 5.3799)  0.247196 ( 4.5293)  9.000000 ( 4.5293)  9.000000 ( 4.5293)  0.277888 ( 5.6084)  0.299813 ( 4.7988)  9.000000 ( 4.7988)  0.316198 ( 4.0723)  0.348176 ( 5.6822)  0.258766 ( 4.7101)  0.264739 ( 3.5467)  0.316829 ( 3.8566)
Sphyraena_flavicauda    0.343544 ( 2.7863)  0.488111 ( 5.8221)  0.461701 ( 4.8083)  0.563394 ( 6.4873)  0.547240 ( 4.0798)  0.673312 ( 7.2835)  0.488111 ( 5.8221)  0.542769 ( 4.8828)  0.649636 ( 7.9100)  0.532570 ( 4.3311)  0.471144 ( 3.5012)  0.392893 ( 4.5385)  0.308016 ( 3.2019)  0.269842 ( 3.3855)  0.358358 ( 4.0163)  0.469451 ( 4.5085)  0.328514 ( 5.0504)  0.351285 ( 3.8971)  0.315122 ( 3.3025)  0.339129 ( 3.6943)  0.267685 ( 3.3430)  0.359143 ( 3.2755)  0.488524 ( 4.3887)  9.000000 ( 4.3887)  0.399607 ( 5.3485)  0.473866 ( 6.1590)  0.432516 ( 6.3344)  9.000000 ( 6.3344)  0.404770 ( 6.1533)  9.000000 ( 6.1533)  9.000000 ( 6.1533)  0.275866 ( 3.7603)  0.388293 ( 5.3643)  0.134449 ( 2.8315)  9.000000 ( 2.8315)  9.000000 ( 2.8315)  0.294352 ( 5.3966)  0.357882 ( 5.2359)  9.000000 ( 5.2359)  0.269836 ( 3.3842)  0.342298 ( 3.2850)  0.270211 ( 4.2288)  0.275307 ( 4.2893)  0.275586 ( 4.2448)  0.216494 ( 3.3856)
Centropomus_irae    0.577493 ( 4.7552)  0.247742 ( 4.8405)  0.240820 ( 5.8028)  0.220417 ( 7.0111)  0.291398 ( 5.6910)  0.342862 (10.6865)  0.247742 ( 4.8405)  0.021192 ( 6.5220)  0.246609 ( 3.9515)  0.085915 ( 9.0016)  0.693990 ( 4.5544)  0.691882 ( 5.2953)  0.548435 ( 4.2131)  0.561879 ( 5.9104)  0.567911 ( 5.5406)  0.714420 ( 6.8181)  0.663006 ( 6.7838)  0.549321 ( 5.2925)  0.544395 ( 4.7866)  0.500415 ( 4.6449)  0.535753 ( 5.5422)  0.542874 ( 3.7508)  0.595944 ( 5.7032)  9.000000 ( 5.7032)  0.769246 ( 5.9015)  0.726075 ( 4.9973)  0.542136 ( 4.2835)  9.000000 ( 4.2835)  0.567321 ( 4.5726)  9.000000 ( 4.5726)  9.000000 ( 4.5726)  0.631508 ( 4.6962)  0.743803 ( 5.8781)  0.706980 ( 4.6499)  9.000000 ( 4.6499)  9.000000 ( 4.6499)  0.495836 ( 4.2273)  0.631958 ( 5.6192)  9.000000 ( 5.6192)  0.569805 ( 6.0171)  0.603450 ( 6.0543)  0.520282 ( 3.8473)  0.568369 ( 3.9207)  0.468632 ( 4.2325)  0.697011 ( 4.7314)  0.832422 ( 5.7836)
Centropomus_poeyi    0.289653 ( 3.1212)  0.194695 ( 5.3076)  0.174400 ( 5.6251)  0.183966 ( 8.1076)  0.161031 ( 3.7234)  0.231624 ( 9.2739)  0.194695 ( 5.3076)  0.064507 ( 6.0621)  0.173395 ( 4.2355)  0.064045 ( 5.0483)  0.421921 ( 4.4710)  0.377182 ( 3.5752)  0.319153 ( 3.4818)  0.321542 ( 4.1720)  0.296610 ( 3.5591)  0.444462 ( 4.3066)  0.346234 ( 4.4733)  0.290361 ( 3.4415)  0.278901 ( 3.0808)  0.269726 ( 3.0552)  0.314973 ( 4.0462)  0.338755 ( 2.6460)  0.469063 ( 3.8433)  9.000000 ( 3.8433)  0.415241 ( 4.3445)  0.413238 ( 4.3889)  0.361337 ( 3.7725)  9.000000 ( 3.7725)  0.350712 ( 3.9903)  9.000000 ( 3.9903)  9.000000 ( 3.9903)  0.410171 ( 4.0983)  0.403779 ( 4.3448)  0.426284 ( 3.5495)  9.000000 ( 3.5495)  9.000000 ( 3.5495)  0.353081 ( 4.5201)  0.368782 ( 4.5202)  9.000000 ( 4.5202)  0.326706 ( 4.2693)  0.312360 ( 4.2583)  0.322089 ( 3.1940)  0.314423 ( 3.0217)  0.345483 ( 3.1328)  0.427577 ( 4.0133)  0.493163 ( 4.2405)  0.098333 ( 8.5842)
Centropomus_mexicanus    0.359929 ( 3.9031)  0.140274 ( 3.8732)  0.125249 ( 3.2432)  0.107231 ( 3.9438)  0.190121 ( 5.7020)  0.143996 ( 5.6399)  0.140274 ( 3.8732)  0.134453 ( 7.3221)  0.172513 ( 4.6368)  0.110877 ( 4.6084)  0.430863 ( 3.8554)  0.345435 ( 2.9012)  0.344105 ( 3.4891)  0.286046 ( 3.5547)  0.323724 ( 3.9573)  0.457940 ( 4.1641)  0.326840 ( 4.3826)  0.315970 ( 3.8146)  0.307119 ( 3.8440)  0.300871 ( 3.5377)  0.288895 ( 3.6102)  0.390639 ( 3.5735)  0.474752 ( 4.0244)  9.000000 ( 4.0244)  0.391329 ( 4.2296)  0.422942 ( 4.6312)  0.363929 ( 4.0628)  9.000000 ( 4.0628)  0.353598 ( 4.3012)  9.000000 ( 4.3012)  9.000000 ( 4.3012)  0.417217 ( 4.1162)  0.380542 ( 4.2317)  0.440289 ( 3.8093)  9.000000 ( 3.8093)  9.000000 ( 3.8093)  0.317047 ( 4.1193)  0.399287 ( 4.9393)  9.000000 ( 4.9393)  0.290089 ( 3.6318)  0.321430 ( 3.9320)  0.361624 ( 3.4311)  0.286938 ( 2.5099)  0.337043 ( 3.3862)  0.429005 ( 3.6462)  0.512430 ( 5.3078)  0.175380 ( 6.3352)  0.138281 ( 5.6378)
Centropomus_parallelus    0.370342 ( 4.7956)  0.142950 ( 3.6584)  0.131816 ( 3.4907)  0.110030 ( 3.6942)  0.185369 ( 5.4620)  0.136431 ( 5.1947)  0.142950 ( 3.6584)  0.134342 ( 6.5952)  0.181276 ( 4.9353)  0.116741 ( 5.4331)  0.435414 ( 3.5802)  0.364087 ( 3.2887)  0.337412 ( 4.0096)  0.292329 ( 3.4850)  0.331417 ( 3.8826)  0.456428 ( 4.3063)  0.334569 ( 4.2953)  0.323428 ( 3.7407)  0.314555 ( 3.7702)  0.308069 ( 3.4690)  0.295392 ( 3.5428)  0.376517 ( 3.3405)  0.467902 ( 3.8842)  9.000000 ( 3.8842)  0.382085 ( 4.2177)  0.400195 ( 4.2308)  0.341918 ( 3.8315)  9.000000 ( 3.8315)  0.332548 ( 4.0693)  9.000000 ( 4.0693)  9.000000 ( 4.0693)  0.386900 ( 3.7930)  0.371291 ( 4.2184)  0.426140 ( 4.0462)  9.000000 ( 4.0462)  9.000000 ( 4.0462)  0.313714 ( 4.2468)  0.384321 ( 4.8369)  9.000000 ( 4.8369)  0.296367 ( 3.5595)  0.325658 ( 3.9762)  0.351196 ( 3.5423)  0.285422 ( 2.4589)  0.348485 ( 3.8825)  0.417556 ( 3.7559)  0.486462 ( 5.0876)  0.175722 ( 6.9665)  0.133330 ( 5.3273)  0.011826 ( 4.1177)
Hypopterus_macropterus    9.000000 ( 4.1177)  9.000000 ( 4.1177)  9.000000 ( 4.1177)  9.000000 ( 4.1177)  9.000000 ( 4.1177)  9.000000 ( 4.1177)  9.000000 ( 4.1177)  9.000000 ( 4.1177)  9.000000 ( 4.1177)  9.000000 ( 4.1177)  9.000000 ( 4.1177)  9.000000 ( 4.1177)  9.000000 ( 4.1177)  9.000000 ( 4.1177)  9.000000 ( 4.1177)  9.000000 ( 4.1177)  9.000000 ( 4.1177)  9.000000 ( 4.1177)  9.000000 ( 4.1177)  9.000000 ( 4.1177)  9.000000 ( 4.1177)  9.000000 ( 4.1177)  9.000000 ( 4.1177)  9.000000 ( 4.1177)  9.000000 ( 4.1177)  9.000000 ( 4.1177)  9.000000 ( 4.1177)  9.000000 ( 4.1177)  9.000000 ( 4.1177)  9.000000 ( 4.1177)  9.000000 ( 4.1177)  9.000000 ( 4.1177)  9.000000 ( 4.1177)  9.000000 ( 4.1177)  9.000000 ( 4.1177)  9.000000 ( 4.1177)  9.000000 ( 4.1177)  9.000000 ( 4.1177)  9.000000 ( 4.1177)  9.000000 ( 4.1177)  9.000000 ( 4.1177)  9.000000 ( 4.1177)  9.000000 ( 4.1177)  9.000000 ( 4.1177)  9.000000 ( 4.1177)  9.000000 ( 4.1177)  9.000000 ( 4.1177)  9.000000 ( 4.1177)  9.000000 ( 4.1177)  9.000000 ( 4.1177)
Sphyraena_acutipinnis    9.000000 ( 4.1177)  9.000000 ( 4.1177)  9.000000 ( 4.1177)  9.000000 ( 4.1177)  9.000000 ( 4.1177)  9.000000 ( 4.1177)  9.000000 ( 4.1177)  9.000000 ( 4.1177)  9.000000 ( 4.1177)  9.000000 ( 4.1177)  9.000000 ( 4.1177)  9.000000 ( 4.1177)  9.000000 ( 4.1177)  9.000000 ( 4.1177)  9.000000 ( 4.1177)  9.000000 ( 4.1177)  9.000000 ( 4.1177)  9.000000 ( 4.1177)  9.000000 ( 4.1177)  9.000000 ( 4.1177)  9.000000 ( 4.1177)  9.000000 ( 4.1177)  9.000000 ( 4.1177)  9.000000 ( 4.1177)  9.000000 ( 4.1177)  9.000000 ( 4.1177)  9.000000 ( 4.1177)  9.000000 ( 4.1177)  9.000000 ( 4.1177)  9.000000 ( 4.1177)  9.000000 ( 4.1177)  9.000000 ( 4.1177)  9.000000 ( 4.1177)  9.000000 ( 4.1177)  9.000000 ( 4.1177)  9.000000 ( 4.1177)  9.000000 ( 4.1177)  9.000000 ( 4.1177)  9.000000 ( 4.1177)  9.000000 ( 4.1177)  9.000000 ( 4.1177)  9.000000 ( 4.1177)  9.000000 ( 4.1177)  9.000000 ( 4.1177)  9.000000 ( 4.1177)  9.000000 ( 4.1177)  9.000000 ( 4.1177)  9.000000 ( 4.1177)  9.000000 ( 4.1177)  9.000000 ( 4.1177)  9.000000 ( 4.1177)
Sphyraena_waitii    9.000000 ( 4.1177)  9.000000 ( 4.1177)  9.000000 ( 4.1177)  9.000000 ( 4.1177)  9.000000 ( 4.1177)  9.000000 ( 4.1177)  9.000000 ( 4.1177)  9.000000 ( 4.1177)  9.000000 ( 4.1177)  9.000000 ( 4.1177)  9.000000 ( 4.1177)  9.000000 ( 4.1177)  9.000000 ( 4.1177)  9.000000 ( 4.1177)  9.000000 ( 4.1177)  9.000000 ( 4.1177)  9.000000 ( 4.1177)  9.000000 ( 4.1177)  9.000000 ( 4.1177)  9.000000 ( 4.1177)  9.000000 ( 4.1177)  9.000000 ( 4.1177)  9.000000 ( 4.1177)  9.000000 ( 4.1177)  9.000000 ( 4.1177)  9.000000 ( 4.1177)  9.000000 ( 4.1177)  9.000000 ( 4.1177)  9.000000 ( 4.1177)  9.000000 ( 4.1177)  9.000000 ( 4.1177)  9.000000 ( 4.1177)  9.000000 ( 4.1177)  9.000000 ( 4.1177)  9.000000 ( 4.1177)  9.000000 ( 4.1177)  9.000000 ( 4.1177)  9.000000 ( 4.1177)  9.000000 ( 4.1177)  9.000000 ( 4.1177)  9.000000 ( 4.1177)  9.000000 ( 4.1177)  9.000000 ( 4.1177)  9.000000 ( 4.1177)  9.000000 ( 4.1177)  9.000000 ( 4.1177)  9.000000 ( 4.1177)  9.000000 ( 4.1177)  9.000000 ( 4.1177)  9.000000 ( 4.1177)  9.000000 ( 4.1177)  9.000000 ( 4.1177)

TREE #  1:  (((((14, 40), 21), 41), (((11, 12), (13, 1)), (((3, ((2, 7), 9)), ((6, 4), ((((48, (8, 47)), 10), 5), (50, 49)))), ((((30, ((24, (32, (52, 53))), 44)), ((39, 42), 43)), (((31, 45), 36), (34, 46))), (37, (((35, (27, (26, 29))), 28), (38, (25, 33)))))))), ((51, 23), ((((15, 18), 20), 19), (16, 17))), 22);  MP score: -1.00
lnL(ntime:103  np:105):  -5820.327333    +0.000000
  54..55   55..56   56..57   57..58   58..14   58..40   57..21   56..41   55..59   59..60   60..61   61..11   61..12   60..62   62..13   62..1    59..63   63..64   64..65   65..3    65..66   66..67   67..2    67..7    66..9    64..68   68..69   69..6    69..4    68..70   70..71   71..72   72..73   73..48   73..74   74..8    74..47   72..10   71..5    70..75   75..50   75..49   63..76   76..77   77..78   78..79   79..30   79..80   80..81   81..24   81..82   82..32   82..83   83..52   83..53   80..44   78..84   84..85   85..39   85..42   84..43   77..86   86..87   87..88   88..31   88..45   87..36   86..89   89..34   89..46   76..90   90..37   90..91   91..92   92..93   93..35   93..94   94..27   94..95   95..26   95..29   92..28   91..96   96..38   96..97   97..25   97..33   54..98   98..99   99..51   99..23   98..100 100..101 101..102 102..103 103..15  103..18  102..20  101..19  100..104 104..16  104..17   54..22 
 0.024386 0.027147 0.069094 0.006332 0.000004 0.002273 0.000546 0.037460 0.000004 0.018949 0.070184 0.364892 0.163403 0.081323 0.041088 0.030998 0.036760 0.325108 0.042919 0.034496 0.019546 0.017187 0.000004 0.000004 0.050339 0.027171 0.068791 0.018757 0.005874 0.024501 0.036057 0.021940 0.018098 0.043151 0.035013 0.003164 0.017172 0.019244 0.113982 0.055044 0.012886 0.001524 0.081947 0.035100 0.040987 0.007955 0.066457 0.016101 0.064623 0.091803 0.040214 0.032100 0.076337 0.036422 0.052349 0.031034 0.023724 0.018213 0.058117 0.002013 0.063344 0.141767 0.077259 0.030612 0.045914 0.020920 0.076452 0.086532 0.097118 0.080294 0.110070 0.059545 0.037720 0.041787 0.018488 0.066444 0.002354 0.003569 0.006972 0.006546 0.000004 0.070853 0.018598 0.035354 0.043475 0.003894 0.000004 0.100087 0.000004 0.019002 0.000004 0.000004 0.064119 0.015158 0.008426 0.002090 0.000004 0.002182 0.012804 0.000004 0.000004 0.086647 0.246813 5.043641 0.264408
