
BASEML (in paml version 4.10.10, 29 Jan 2026)  tmp0003.txt  HKY85 dGamma (ncatG=5)
Frequencies..
                                    T      C      A      G
Caranx_caninus                 0.32085 0.25407 0.24919 0.17590 GC = 0.430
Centropomus_armatus            0.29967 0.29153 0.24593 0.16287 GC = 0.454
Centropomus_ensiferus          0.28990 0.28664 0.25081 0.17264 GC = 0.459
Centropomus_medius             0.28339 0.29967 0.23941 0.17752 GC = 0.477
Centropomus_nigrescens         0.27687 0.31525 0.24175 0.16612 GC = 0.481
Centropomus_pectinatus         0.28101 0.30619 0.24016 0.17264 GC = 0.479
Centropomus_robalito           0.29967 0.29153 0.24593 0.16287 GC = 0.454
Centropomus_undecimalis        0.26873 0.32085 0.24919 0.16124 GC = 0.482
Centropomus_unionensis         0.29590 0.29397 0.22872 0.18140 GC = 0.475
Centropomus_viridis            0.27687 0.31433 0.24267 0.16612 GC = 0.480
Coryphaena_equiselis           0.29805 0.26059 0.25896 0.18241 GC = 0.443
Echeneis_naucrates             0.33062 0.23616 0.27036 0.16287 GC = 0.399
Gnathanodon_speciosus          0.30293 0.27199 0.25570 0.16938 GC = 0.441
Istiophorus_platypterus        0.28339 0.30782 0.23290 0.17590 GC = 0.484
Lates_angustifrons             0.29260 0.28744 0.24441 0.17556 GC = 0.463
Lates_calcarifer               0.28176 0.32085 0.21987 0.17752 GC = 0.498
Lates_japonicus                0.28176 0.31433 0.21661 0.18730 GC = 0.502
Lates_microlepis               0.25000 0.25000 0.25000 0.25000 GC = 0.500
Lates_niloticus                0.28088 0.29949 0.24196 0.17766 GC = 0.477
Lates_stappersii               0.25000 0.25000 0.25000 0.25000 GC = 0.500
Makaira_nigricans              0.28827 0.30293 0.22638 0.18241 GC = 0.485
Nematistius_pectoralis         0.28664 0.30782 0.22638 0.17915 GC = 0.487
Psammoperca_waigiensis         0.28827 0.29479 0.22801 0.18893 GC = 0.484
Sphyraena_africana             0.25000 0.25000 0.25000 0.25000 GC = 0.500
Sphyraena_barracuda            0.28664 0.30130 0.24593 0.16612 GC = 0.467
Sphyraena_borealis             0.28013 0.29479 0.23616 0.18893 GC = 0.484
Sphyraena_ensis                0.27199 0.29642 0.23616 0.19544 GC = 0.492
Sphyraena_forsteri             0.30050 0.28715 0.24875 0.16361 GC = 0.451
Sphyraena_guachancho           0.27850 0.29316 0.23941 0.18893 GC = 0.482
Sphyraena_helleri              0.25000 0.25000 0.25000 0.25000 GC = 0.500
Sphyraena_iburiensis           0.25000 0.25000 0.25000 0.25000 GC = 0.500
Sphyraena_japonica             0.29479 0.28990 0.23941 0.17590 GC = 0.466
Sphyraena_jello                0.28642 0.28805 0.26023 0.16530 GC = 0.453
Sphyraena_obtusata             0.29153 0.28990 0.23779 0.18078 GC = 0.471
Sphyraena_picudilla            0.29967 0.27362 0.23779 0.18893 GC = 0.463
Sphyraena_pinguis              0.27687 0.30782 0.23453 0.18078 GC = 0.489
Sphyraena_putnamae             0.31107 0.27036 0.23779 0.18078 GC = 0.451
Sphyraena_qenie                0.27374 0.29609 0.25419 0.17598 GC = 0.472
Sphyraena_viridensis           0.30405 0.27027 0.25676 0.16892 GC = 0.439
Tetrapturus_audax              0.28827 0.30130 0.22801 0.18241 GC = 0.484
Xiphias_gladius                0.28339 0.30619 0.22964 0.18078 GC = 0.487
Sphyraena_argentea             0.28827 0.28502 0.25407 0.17264 GC = 0.458
Sphyraena_idiastes             0.25000 0.25000 0.25000 0.25000 GC = 0.500
Sphyraena_novaehollandiae      0.25000 0.25000 0.25000 0.25000 GC = 0.500
Sphyraena_chrysotaenia         0.28339 0.29805 0.22964 0.18893 GC = 0.487
Sphyraena_flavicauda           0.29153 0.28827 0.23941 0.18078 GC = 0.469
Centropomus_irae               0.25383 0.33220 0.25383 0.16014 GC = 0.492
Centropomus_poeyi              0.25000 0.25000 0.25000 0.25000 GC = 0.500
Centropomus_mexicanus          0.30293 0.28176 0.25244 0.16287 GC = 0.445
Centropomus_parallelus         0.29805 0.28502 0.25733 0.15961 GC = 0.445
Hypopterus_macropterus         0.30213 0.26437 0.23810 0.19540 GC = 0.460
Sphyraena_acutipinnis          0.29316 0.28502 0.24104 0.18078 GC = 0.466
Sphyraena_waitii               0.28990 0.29805 0.23127 0.18078 GC = 0.479

Homogeneity statistic: X2 = 0.40682 G = 0.39463 

Average                        0.28992 0.29245 0.24152 0.17611
(Ambiguity characters are used to calculate freqs.)


# constant sites:      0 (0.00%)
Distances:HKY85 (kappa)  (alpha set at 0.50)
This matrix is not used in later m.l. analysis.

(Pairwise deletion.)
Caranx_caninus   
Centropomus_armatus    0.313944 ( 5.0810)
Centropomus_ensiferus    0.298010 ( 3.5757)  0.161448 (11.7392)
Centropomus_medius    0.333257 ( 4.5312)  0.247227 ( 7.3577)  0.294996 ( 9.7340)
Centropomus_nigrescens    0.303572 ( 4.8104)  0.220122 ( 5.9530)  0.298080 ( 8.3983)  0.159914 ( 9.5798)
Centropomus_pectinatus    0.359475 ( 5.4008)  0.236596 ( 7.7322)  0.252145 ( 8.9450)  0.054521 (29.5710)  0.145343 (10.2582)
Centropomus_robalito    0.313944 ( 5.0810)  0.000000 ( 5.0810)  0.161448 (11.7392)  0.247227 ( 7.3577)  0.220122 ( 5.9530)  0.236596 ( 7.7322)
Centropomus_undecimalis    0.282750 ( 4.9896)  0.261974 ( 7.1293)  0.289080 ( 8.5695)  0.217086 ( 9.5489)  0.117304 (16.9484)  0.205322 (10.2151)  0.261974 ( 7.1293)
Centropomus_unionensis    0.310337 ( 4.0265)  0.133050 (22.9699)  0.188013 (16.9404)  0.269912 ( 9.0671)  0.269866 ( 6.9236)  0.282625 (10.6631)  0.133050 (22.9699)  0.285766 ( 7.8807)
Centropomus_viridis    0.302996 ( 4.8208)  0.219687 ( 5.9645)  0.297415 ( 8.4107)  0.159515 ( 9.5888)  0.000000 ( 9.5888)  0.145343 (10.2582)  0.219687 ( 5.9645)  0.116999 (16.9636)  0.268941 ( 6.9235)
Coryphaena_equiselis    0.348899 ( 4.0957)  0.260899 ( 3.6075)  0.324291 ( 4.8047)  0.317036 ( 3.3628)  0.315778 ( 2.7085)  0.353795 ( 3.9514)  0.260899 ( 3.6075)  0.363658 ( 3.3164)  0.350028 ( 5.0378)  0.315195 ( 2.7156)
Echeneis_naucrates    0.317390 ( 3.1732)  0.285303 ( 2.6029)  0.295997 ( 3.1723)  0.323979 ( 3.3503)  0.368695 ( 4.5131)  0.363272 ( 3.9656)  0.285303 ( 2.6029)  0.348197 ( 3.4649)  0.322705 ( 3.0270)  0.373431 ( 4.6166)  0.429380 ( 3.5785)
Gnathanodon_speciosus    0.170985 (22.5691)  0.266006 ( 4.0122)  0.284229 ( 3.3215)  0.304772 ( 3.6720)  0.303114 ( 4.0762)  0.333426 ( 4.5077)  0.266006 ( 4.0122)  0.273747 ( 4.0135)  0.318093 ( 4.1750)  0.302530 ( 4.0854)  0.307155 ( 3.6493)  0.290145 ( 2.9624)
Istiophorus_platypterus    0.306441 ( 4.4998)  0.307455 ( 3.2247)  0.304316 ( 2.8421)  0.326092 ( 3.1592)  0.263096 ( 2.7061)  0.307598 ( 2.8507)  0.307455 ( 3.2247)  0.295043 ( 3.7309)  0.342073 ( 3.6146)  0.262492 ( 2.7113)  0.365291 ( 2.7550)  0.387976 ( 3.9184)  0.321171 ( 4.8122)
Lates_angustifrons    0.267532 ( 5.3238)  0.318878 ( 3.7756)  0.285215 ( 2.8171)  0.386262 ( 4.1277)  0.375829 ( 4.2447)  0.380482 ( 4.3290)  0.318878 ( 3.7756)  0.312613 ( 4.0074)  0.369927 ( 4.4496)  0.374743 ( 4.2505)  0.377892 ( 3.3711)  0.334939 ( 2.3483)  0.275213 ( 5.0329)  0.308295 ( 3.4320)
Lates_calcarifer    0.398915 ( 7.7021)  0.483429 ( 8.2953)  0.441524 ( 5.8504)  0.388984 ( 5.6707)  0.358492 ( 5.6517)  0.325876 ( 4.7847)  0.483429 ( 8.2953)  0.269152 ( 4.3501)  0.457795 ( 6.6697)  0.363682 ( 5.7866)  0.486475 ( 6.0910)  0.405286 ( 4.9211)  0.380385 ( 7.2653)  0.386071 ( 5.7850)  0.320221 (10.8271)
Lates_japonicus    0.405779 (11.0147)  0.333485 ( 4.7695)  0.348401 ( 3.9256)  0.388680 ( 5.6882)  0.323614 ( 4.5564)  0.330308 ( 4.8940)  0.333485 ( 4.7695)  0.307176 ( 5.2495)  0.319644 ( 4.1117)  0.322634 ( 4.5597)  0.411898 ( 3.9617)  0.420683 ( 4.8514)  0.408124 ( 9.3503)  0.309456 ( 4.2854)  0.268165 (11.2428)  0.242722 (10.5907)
Lates_microlepis    9.000000 (10.5907)  9.000000 (10.5907)  9.000000 (10.5907)  9.000000 (10.5907)  9.000000 (10.5907)  9.000000 (10.5907)  9.000000 (10.5907)  9.000000 (10.5907)  9.000000 (10.5907)  9.000000 (10.5907)  9.000000 (10.5907)  9.000000 (10.5907)  9.000000 (10.5907)  9.000000 (10.5907)  9.000000 (10.5907)  9.000000 (10.5907)  9.000000 (10.5907)
Lates_niloticus    0.302012 ( 5.8624)  0.322195 ( 4.6850)  0.303487 ( 3.8322)  0.383524 ( 4.7454)  0.382107 ( 5.2435)  0.387661 ( 5.1609)  0.322195 ( 4.6850)  0.308990 ( 4.8322)  0.384967 ( 5.2545)  0.381180 ( 5.2528)  0.384749 ( 3.4698)  0.366330 ( 3.3408)  0.322490 ( 5.3828)  0.318880 ( 4.0716)  0.083456 ( 8.7215)  0.293175 (11.2822)  0.281247 (13.9205)  9.000000 (13.9205)
Lates_stappersii    9.000000 (13.9205)  9.000000 (13.9205)  9.000000 (13.9205)  9.000000 (13.9205)  9.000000 (13.9205)  9.000000 (13.9205)  9.000000 (13.9205)  9.000000 (13.9205)  9.000000 (13.9205)  9.000000 (13.9205)  9.000000 (13.9205)  9.000000 (13.9205)  9.000000 (13.9205)  9.000000 (13.9205)  9.000000 (13.9205)  9.000000 (13.9205)  9.000000 (13.9205)  9.000000 (13.9205)  9.000000 (13.9205)
Makaira_nigricans    0.319117 ( 4.7596)  0.310136 ( 3.0101)  0.313139 ( 2.7434)  0.325956 ( 2.9124)  0.264727 ( 2.4957)  0.330846 ( 2.9614)  0.310136 ( 3.0101)  0.296819 ( 3.4582)  0.364399 ( 3.6832)  0.264149 ( 2.5011)  0.372830 ( 2.8475)  0.364099 ( 3.3000)  0.300909 ( 4.3808)  0.035579 ( 8.1884)  0.300656 ( 3.4337)  0.377357 ( 5.6025)  0.328368 ( 4.6548)  9.000000 ( 4.6548)  0.317750 ( 4.0426)  9.000000 ( 4.0426)
Nematistius_pectoralis    0.331818 ( 5.8887)  0.342815 ( 5.5971)  0.330408 ( 4.7813)  0.367664 ( 5.4975)  0.296213 ( 4.5613)  0.348700 ( 5.4967)  0.342815 ( 5.5971)  0.311721 ( 5.6006)  0.362790 ( 5.7460)  0.295620 ( 4.5710)  0.312823 ( 3.1300)  0.398719 ( 4.6822)  0.290668 ( 4.9255)  0.253010 ( 3.9758)  0.306400 ( 4.9672)  0.344847 ( 5.3519)  0.322718 ( 6.3000)  9.000000 ( 6.3000)  0.303193 ( 4.6474)  9.000000 ( 4.6474)  0.275333 ( 4.4851)
Psammoperca_waigiensis    0.336530 ( 4.9564)  0.360045 ( 3.9688)  0.338754 ( 3.5273)  0.311398 ( 3.0665)  0.355158 ( 3.3294)  0.314126 ( 3.0871)  0.360045 ( 3.9688)  0.374386 ( 4.3751)  0.332459 ( 3.2124)  0.354382 ( 3.3366)  0.370102 ( 3.6630)  0.380107 ( 2.7501)  0.309132 ( 4.7707)  0.274511 ( 3.9578)  0.297459 ( 4.4099)  0.426416 ( 7.3907)  0.362305 ( 5.5738)  9.000000 ( 5.5738)  0.292191 ( 3.5799)  9.000000 ( 3.5799)  0.275779 ( 4.3401)  0.332774 ( 6.0940)
Sphyraena_africana    9.000000 ( 6.0940)  9.000000 ( 6.0940)  9.000000 ( 6.0940)  9.000000 ( 6.0940)  9.000000 ( 6.0940)  9.000000 ( 6.0940)  9.000000 ( 6.0940)  9.000000 ( 6.0940)  9.000000 ( 6.0940)  9.000000 ( 6.0940)  9.000000 ( 6.0940)  9.000000 ( 6.0940)  9.000000 ( 6.0940)  9.000000 ( 6.0940)  9.000000 ( 6.0940)  9.000000 ( 6.0940)  9.000000 ( 6.0940)  9.000000 ( 6.0940)  9.000000 ( 6.0940)  9.000000 ( 6.0940)  9.000000 ( 6.0940)  9.000000 ( 6.0940)  9.000000 ( 6.0940)
Sphyraena_barracuda    0.303673 ( 4.8549)  0.314839 ( 3.9522)  0.325634 ( 3.7355)  0.274719 ( 3.0851)  0.296399 ( 4.2393)  0.299774 ( 3.8168)  0.314839 ( 3.9522)  0.300588 ( 4.5508)  0.368045 ( 5.0703)  0.295693 ( 4.2464)  0.452442 ( 6.2276)  0.295652 ( 3.8517)  0.332870 ( 5.9763)  0.275563 ( 4.1597)  0.278031 ( 2.9152)  0.368183 ( 5.0589)  0.328852 ( 5.5117)  9.000000 ( 5.5117)  0.302779 ( 3.3322)  9.000000 ( 3.3322)  0.275946 ( 3.8153)  0.341088 ( 7.7798)  0.344398 ( 4.3372)  9.000000 ( 4.3372)
Sphyraena_borealis    0.341125 ( 7.3154)  0.325691 ( 4.8983)  0.345972 ( 3.8121)  0.310197 ( 2.7197)  0.329938 ( 3.6282)  0.336856 ( 3.3445)  0.325691 ( 4.8983)  0.356845 ( 3.9646)  0.308966 ( 3.9701)  0.329024 ( 3.6319)  0.406042 ( 5.4137)  0.367361 ( 4.5495)  0.353918 ( 7.0551)  0.355106 ( 4.0600)  0.356350 ( 3.9643)  0.448542 ( 5.0312)  0.357623 ( 4.5622)  9.000000 ( 4.5622)  0.347996 ( 3.4011)  9.000000 ( 3.4011)  0.347062 ( 3.6329)  0.371976 ( 7.3780)  0.383272 ( 4.7207)  9.000000 ( 4.7207)  0.223960 ( 8.7383)
Sphyraena_ensis    0.372548 ( 7.5487)  0.329752 ( 4.2756)  0.355333 ( 3.6978)  0.297968 ( 2.5498)  0.306421 ( 3.2508)  0.325197 ( 2.9377)  0.329752 ( 4.2756)  0.341234 ( 3.7266)  0.319444 ( 3.5735)  0.305585 ( 3.2540)  0.390735 ( 4.7959)  0.372565 ( 4.3266)  0.362422 ( 6.2224)  0.343451 ( 4.1914)  0.356370 ( 3.6835)  0.433952 ( 4.5148)  0.355573 ( 4.2201)  9.000000 ( 4.2201)  0.331616 ( 3.1668)  9.000000 ( 3.1668)  0.335729 ( 3.7477)  0.351966 ( 6.3727)  0.373160 ( 4.5672)  9.000000 ( 4.5672)  0.220007 ( 7.6042)  0.026985 ( 5.8998)
Sphyraena_forsteri    0.335242 ( 5.5513)  0.287528 ( 3.8871)  0.373592 ( 3.4800)  0.309778 ( 3.1299)  0.333476 ( 4.5989)  0.323749 ( 3.6116)  0.287528 ( 3.8871)  0.262462 ( 3.7188)  0.356511 ( 4.4486)  0.332647 ( 4.6070)  0.383926 ( 3.8148)  0.333276 ( 3.0731)  0.278141 ( 3.9166)  0.290960 ( 3.7813)  0.284396 ( 2.8579)  0.438127 ( 5.6930)  0.406541 ( 5.9754)  9.000000 ( 5.9754)  0.329720 ( 3.8097)  9.000000 ( 3.8097)  0.297411 ( 3.5837)  0.379360 ( 7.2118)  0.437105 ( 6.4215)  9.000000 ( 6.4215)  0.196771 ( 8.1612)  0.306410 (10.3209)  0.302792 (10.2168)
Sphyraena_guachancho    0.330116 ( 7.0353)  0.313735 ( 4.3005)  0.347001 ( 3.5608)  0.299237 ( 2.5638)  0.310617 ( 3.5920)  0.325089 ( 3.1707)  0.313735 ( 4.3005)  0.337941 ( 3.9568)  0.311514 ( 3.7181)  0.309855 ( 3.5972)  0.393164 ( 4.8344)  0.354332 ( 4.3310)  0.348407 ( 6.3918)  0.334895 ( 4.0311)  0.343927 ( 3.7717)  0.434399 ( 4.8283)  0.346421 ( 4.3729)  9.000000 ( 4.3729)  0.343171 ( 3.3377)  9.000000 ( 3.3377)  0.327175 ( 3.5960)  0.359851 ( 7.0956)  0.365745 ( 4.4299)  9.000000 ( 4.4299)  0.209438 ( 8.0694)  0.010522 ( 4.2325)  0.015479 ( 7.1587)  0.297731 (11.1873)
Sphyraena_helleri    9.000000 (11.1873)  9.000000 (11.1873)  9.000000 (11.1873)  9.000000 (11.1873)  9.000000 (11.1873)  9.000000 (11.1873)  9.000000 (11.1873)  9.000000 (11.1873)  9.000000 (11.1873)  9.000000 (11.1873)  9.000000 (11.1873)  9.000000 (11.1873)  9.000000 (11.1873)  9.000000 (11.1873)  9.000000 (11.1873)  9.000000 (11.1873)  9.000000 (11.1873)  9.000000 (11.1873)  9.000000 (11.1873)  9.000000 (11.1873)  9.000000 (11.1873)  9.000000 (11.1873)  9.000000 (11.1873)  9.000000 (11.1873)  9.000000 (11.1873)  9.000000 (11.1873)  9.000000 (11.1873)  9.000000 (11.1873)  9.000000 (11.1873)
Sphyraena_iburiensis    9.000000 (11.1873)  9.000000 (11.1873)  9.000000 (11.1873)  9.000000 (11.1873)  9.000000 (11.1873)  9.000000 (11.1873)  9.000000 (11.1873)  9.000000 (11.1873)  9.000000 (11.1873)  9.000000 (11.1873)  9.000000 (11.1873)  9.000000 (11.1873)  9.000000 (11.1873)  9.000000 (11.1873)  9.000000 (11.1873)  9.000000 (11.1873)  9.000000 (11.1873)  9.000000 (11.1873)  9.000000 (11.1873)  9.000000 (11.1873)  9.000000 (11.1873)  9.000000 (11.1873)  9.000000 (11.1873)  9.000000 (11.1873)  9.000000 (11.1873)  9.000000 (11.1873)  9.000000 (11.1873)  9.000000 (11.1873)  9.000000 (11.1873)  9.000000 (11.1873)
Sphyraena_japonica    0.432813 ( 4.7286)  0.353313 ( 3.4539)  0.413300 ( 3.7109)  0.351115 ( 2.4330)  0.340315 ( 2.9962)  0.372009 ( 2.8774)  0.353313 ( 3.4539)  0.368761 ( 3.8384)  0.432684 ( 4.4316)  0.339441 ( 3.0012)  0.501241 ( 4.5285)  0.371795 ( 3.2014)  0.430543 ( 5.0262)  0.327215 ( 3.5657)  0.329660 ( 2.0235)  0.461201 ( 3.9723)  0.395702 ( 3.9120)  9.000000 ( 3.9120)  0.373200 ( 2.5580)  9.000000 ( 2.5580)  0.320080 ( 3.1791)  0.425296 ( 8.0046)  0.390273 ( 3.8797)  9.000000 ( 3.8797)  0.293667 ( 5.9384)  0.342803 ( 7.2928)  0.332412 ( 7.0426)  0.305185 ( 6.2641)  0.328713 ( 7.5629)  9.000000 ( 7.5629)  9.000000 ( 7.5629)
Sphyraena_jello    0.322651 ( 5.0990)  0.320309 ( 4.2455)  0.300631 ( 2.9317)  0.336698 ( 3.7698)  0.307669 ( 4.3181)  0.365955 ( 4.5650)  0.320309 ( 4.2455)  0.308106 ( 4.9398)  0.384728 ( 5.2214)  0.307141 ( 4.3292)  0.353059 ( 4.6249)  0.298845 ( 2.7170)  0.284738 ( 3.9269)  0.273551 ( 3.6324)  0.280635 ( 2.9930)  0.441891 ( 5.4503)  0.357634 ( 5.9552)  9.000000 ( 5.9552)  0.306559 ( 3.2728)  9.000000 ( 3.2728)  0.281030 ( 3.4677)  0.285758 ( 4.9981)  0.328872 ( 3.3522)  9.000000 ( 3.3522)  0.147540 (13.0074)  0.232954 ( 9.8124)  0.206740 ( 8.5193)  0.200754 ( 9.0359)  0.216123 (10.2683)  9.000000 (10.2683)  9.000000 (10.2683)  0.308001 ( 8.7848)
Sphyraena_obtusata    0.314771 ( 4.3510)  0.245975 ( 2.6787)  0.286035 ( 3.3217)  0.296104 ( 3.2058)  0.308511 ( 3.5256)  0.328898 ( 4.0504)  0.245975 ( 2.6787)  0.314200 ( 3.8071)  0.310212 ( 3.5377)  0.307517 ( 3.5270)  0.288667 ( 3.2775)  0.343634 ( 3.2823)  0.327247 ( 4.9793)  0.340968 ( 3.0217)  0.298854 ( 2.5267)  0.425655 ( 4.6513)  0.360841 ( 4.5954)  9.000000 ( 4.5954)  0.320824 ( 3.2366)  9.000000 ( 3.2366)  0.303297 ( 2.4745)  0.389430 ( 6.1638)  0.398157 ( 3.7316)  9.000000 ( 3.7316)  0.257340 ( 4.1443)  0.286480 ( 3.7672)  0.295986 ( 3.3703)  0.272344 ( 3.4470)  0.286358 ( 3.4718)  9.000000 ( 3.4718)  9.000000 ( 3.4718)  0.351158 ( 2.9554)  0.239352 ( 2.6955)
Sphyraena_picudilla    0.399797 ( 4.1111)  0.354057 ( 3.6283)  0.411327 ( 3.8442)  0.416855 ( 3.8925)  0.356424 ( 3.1334)  0.384985 ( 3.6787)  0.354057 ( 3.6283)  0.346307 ( 3.6490)  0.413640 ( 4.6542)  0.355475 ( 3.1377)  0.347514 ( 3.3535)  0.460634 ( 4.0495)  0.407827 ( 4.2283)  0.422770 ( 2.8865)  0.468854 ( 3.9821)  0.448134 ( 3.9726)  0.345315 ( 3.0823)  9.000000 ( 3.0823)  0.472762 ( 4.1882)  9.000000 ( 4.1882)  0.418710 ( 3.0452)  0.359780 ( 3.6907)  0.443780 ( 3.7234)  9.000000 ( 3.7234)  0.373410 ( 4.9064)  0.343323 ( 4.7337)  0.344624 ( 4.7775)  0.359589 ( 5.8279)  0.320520 ( 4.6590)  9.000000 ( 4.6590)  9.000000 ( 4.6590)  0.335366 ( 6.2668)  0.338799 ( 6.1246)  0.349276 ( 3.3108)
Sphyraena_pinguis    0.411248 ( 4.3833)  0.341200 ( 3.2665)  0.305899 ( 3.3904)  0.357050 ( 3.1506)  0.322924 ( 2.5344)  0.326213 ( 2.6932)  0.341200 ( 3.2665)  0.352094 ( 2.8532)  0.410409 ( 4.2712)  0.322131 ( 2.5392)  0.336363 ( 3.2770)  0.383981 ( 3.6058)  0.392744 ( 4.4071)  0.334378 ( 3.1572)  0.343467 ( 3.1920)  0.382628 ( 4.2840)  0.413812 ( 5.5379)  9.000000 ( 5.5379)  0.376422 ( 3.9715)  9.000000 ( 3.9715)  0.313493 ( 2.8365)  0.374417 ( 3.2359)  0.419213 ( 4.6158)  9.000000 ( 4.6158)  0.290185 ( 3.5025)  0.311171 ( 3.0820)  0.316339 ( 3.4442)  0.300223 ( 3.5158)  0.310727 ( 3.0841)  9.000000 ( 3.0841)  9.000000 ( 3.0841)  0.362579 ( 2.6691)  0.293168 ( 3.4295)  0.289901 ( 5.3525)  0.363167 ( 3.0223)
Sphyraena_putnamae    0.324963 ( 5.8189)  0.321493 ( 4.4279)  0.364681 ( 4.1103)  0.351833 ( 3.8668)  0.331809 ( 4.2518)  0.348814 ( 4.0873)  0.321493 ( 4.4279)  0.329636 ( 4.7776)  0.418002 ( 6.2522)  0.330986 ( 4.2581)  0.379173 ( 4.2599)  0.346304 ( 4.1886)  0.305617 ( 5.3499)  0.361760 ( 6.0653)  0.336716 ( 4.1089)  0.507761 ( 7.7029)  0.389591 ( 8.0757)  9.000000 ( 8.0757)  0.336944 ( 3.9329)  9.000000 ( 3.9329)  0.381816 ( 6.0214)  0.330859 ( 6.3230)  0.350867 ( 4.4692)  9.000000 ( 4.4692)  0.199347 (11.5145)  0.316391 (16.9116)  0.288029 (15.2754)  0.239422 ( 8.0981)  0.296596 (18.1986)  9.000000 (18.1986)  9.000000 (18.1986)  0.333591 ( 9.1898)  0.195300 (17.8622)  0.384170 ( 5.2817)  0.381373 ( 6.3469)  0.316606 ( 4.0015)
Sphyraena_qenie    0.426112 ( 5.1621)  0.330472 ( 3.4978)  0.329451 ( 2.5019)  0.387432 ( 3.1006)  0.335410 ( 3.6084)  0.390925 ( 3.5459)  0.330472 ( 3.4978)  0.349993 ( 4.3705)  0.412817 ( 4.0329)  0.335410 ( 3.6084)  0.361528 ( 3.6557)  0.300600 ( 3.0868)  0.333594 ( 3.1735)  0.299267 ( 3.2016)  0.360985 ( 3.0338)  0.570012 ( 6.2538)  0.447131 ( 6.4319)  9.000000 ( 6.4319)  0.387056 ( 3.2750)  9.000000 ( 3.2750)  0.297787 ( 2.9592)  0.348315 ( 4.5643)  0.369284 ( 2.8468)  9.000000 ( 2.8468)  0.180607 (10.9056)  0.232042 ( 9.0869)  0.205249 ( 7.8606)  0.254060 (10.0483)  0.213462 (10.3142)  9.000000 (10.3142)  9.000000 (10.3142)  0.323822 ( 9.2682)  0.000000 ( 9.2682)  0.279774 ( 2.0121)  0.350918 ( 7.0183)  0.355575 ( 3.2841)  0.251342 (25.5095)
Sphyraena_viridensis    0.372412 ( 3.5631)  0.351679 ( 3.0886)  0.369585 ( 3.0156)  0.412484 ( 3.4357)  0.358328 ( 3.2858)  0.391375 ( 3.3791)  0.351679 ( 3.0886)  0.319229 ( 2.6322)  0.404099 ( 3.9070)  0.357611 ( 3.2948)  0.396812 ( 3.6877)  0.383021 ( 2.9086)  0.360742 ( 3.6594)  0.365870 ( 3.4066)  0.378973 ( 2.5999)  0.437043 ( 3.8168)  0.357607 ( 3.2536)  9.000000 ( 3.2536)  0.424715 ( 3.4648)  9.000000 ( 3.4648)  0.343854 ( 3.3356)  0.367776 ( 4.8155)  0.455256 ( 4.1130)  9.000000 ( 4.1130)  0.285335 ( 3.9835)  0.335498 ( 5.2527)  0.364442 ( 6.3876)  0.349970 ( 4.5567)  0.345476 ( 5.9496)  9.000000 ( 5.9496)  9.000000 ( 5.9496)  0.299096 ( 6.3465)  0.285799 ( 5.0147)  0.304035 ( 2.7582)  0.206589 ( 5.6183)  0.361941 ( 2.5640)  0.336795 ( 5.9811)  0.310583 ( 4.5782)
Tetrapturus_audax    0.298930 ( 4.5288)  0.316615 ( 3.2447)  0.305220 ( 2.7409)  0.335863 ( 2.9465)  0.285349 ( 2.7230)  0.320151 ( 2.6984)  0.316615 ( 3.2447)  0.288697 ( 3.4587)  0.362319 ( 3.7964)  0.284726 ( 2.7289)  0.373605 ( 2.9701)  0.358792 ( 3.1105)  0.292483 ( 4.3914)  0.041610 ( 7.5013)  0.297791 ( 3.2447)  0.364612 ( 4.7824)  0.336610 ( 4.6401)  9.000000 ( 4.6401)  0.311968 ( 3.7794)  9.000000 ( 3.7794)  0.020635 ( 5.9440)  0.278854 ( 4.3783)  0.287236 ( 4.4129)  9.000000 ( 4.4129)  0.278850 ( 4.0516)  0.346517 ( 3.7697)  0.334880 ( 3.8854)  0.284044 ( 3.4913)  0.327374 ( 3.7478)  9.000000 ( 3.7478)  9.000000 ( 3.7478)  0.350374 ( 3.8057)  0.272755 ( 3.4610)  0.306947 ( 2.4280)  0.423416 ( 2.9989)  0.311534 ( 2.6993)  0.384450 ( 6.3205)  0.299872 ( 3.2185)  0.353684 ( 3.3583)
Xiphias_gladius    0.321964 ( 5.4505)  0.304065 ( 3.8853)  0.293606 ( 3.2955)  0.312460 ( 4.9816)  0.316772 ( 5.6991)  0.366171 ( 6.6290)  0.304065 ( 3.8853)  0.307140 ( 5.2869)  0.376947 ( 5.0240)  0.316196 ( 5.7120)  0.337118 ( 2.6972)  0.335418 ( 3.5102)  0.317880 ( 5.8253)  0.254405 ( 6.1555)  0.287503 ( 4.0039)  0.323686 ( 5.5768)  0.347742 ( 6.1565)  9.000000 ( 6.1565)  0.290718 ( 3.6887)  9.000000 ( 3.6887)  0.265783 ( 7.1858)  0.239336 ( 7.7904)  0.322488 ( 5.1892)  9.000000 ( 5.1892)  0.285742 ( 4.5764)  0.338099 ( 3.6341)  0.324077 ( 3.1635)  0.280362 ( 3.8939)  0.327105 ( 3.4644)  9.000000 ( 3.4644)  9.000000 ( 3.4644)  0.376103 ( 4.8940)  0.293590 ( 3.5649)  0.320612 ( 3.3307)  0.379877 ( 3.6066)  0.313154 ( 2.7253)  0.365532 ( 5.0798)  0.360473 ( 3.9423)  0.372055 ( 4.2121)  0.257664 ( 5.9572)
Sphyraena_argentea    0.397835 ( 4.3915)  0.316586 ( 2.8194)  0.334694 ( 2.7804)  0.368677 ( 3.0033)  0.329009 ( 2.9865)  0.348650 ( 2.9323)  0.316586 ( 2.8194)  0.330933 ( 2.9272)  0.346100 ( 3.3309)  0.328134 ( 2.9907)  0.392549 ( 3.7773)  0.384621 ( 3.5448)  0.422403 ( 4.7837)  0.364111 ( 2.8120)  0.388874 ( 2.9857)  0.453990 ( 3.8027)  0.352762 ( 3.4512)  9.000000 ( 3.4512)  0.440914 ( 3.4109)  9.000000 ( 3.4109)  0.358116 ( 2.9448)  0.363323 ( 5.0643)  0.443407 ( 3.4867)  9.000000 ( 3.4867)  0.304663 ( 3.9777)  0.354589 ( 5.3645)  0.352808 ( 5.3485)  0.363950 ( 5.2842)  0.346746 ( 5.6403)  9.000000 ( 5.6403)  9.000000 ( 5.6403)  0.311971 ( 8.9613)  0.289430 ( 4.9740)  0.282892 ( 2.5363)  0.200217 (10.0929)  0.365775 ( 2.6415)  0.394868 ( 7.1841)  0.329843 ( 4.9713)  0.088007 ( 5.9645)  0.371362 ( 3.0156)  0.355964 ( 3.8003)
Sphyraena_idiastes    9.000000 ( 3.8003)  9.000000 ( 3.8003)  9.000000 ( 3.8003)  9.000000 ( 3.8003)  9.000000 ( 3.8003)  9.000000 ( 3.8003)  9.000000 ( 3.8003)  9.000000 ( 3.8003)  9.000000 ( 3.8003)  9.000000 ( 3.8003)  9.000000 ( 3.8003)  9.000000 ( 3.8003)  9.000000 ( 3.8003)  9.000000 ( 3.8003)  9.000000 ( 3.8003)  9.000000 ( 3.8003)  9.000000 ( 3.8003)  9.000000 ( 3.8003)  9.000000 ( 3.8003)  9.000000 ( 3.8003)  9.000000 ( 3.8003)  9.000000 ( 3.8003)  9.000000 ( 3.8003)  9.000000 ( 3.8003)  9.000000 ( 3.8003)  9.000000 ( 3.8003)  9.000000 ( 3.8003)  9.000000 ( 3.8003)  9.000000 ( 3.8003)  9.000000 ( 3.8003)  9.000000 ( 3.8003)  9.000000 ( 3.8003)  9.000000 ( 3.8003)  9.000000 ( 3.8003)  9.000000 ( 3.8003)  9.000000 ( 3.8003)  9.000000 ( 3.8003)  9.000000 ( 3.8003)  9.000000 ( 3.8003)  9.000000 ( 3.8003)  9.000000 ( 3.8003)  9.000000 ( 3.8003)
Sphyraena_novaehollandiae    9.000000 ( 3.8003)  9.000000 ( 3.8003)  9.000000 ( 3.8003)  9.000000 ( 3.8003)  9.000000 ( 3.8003)  9.000000 ( 3.8003)  9.000000 ( 3.8003)  9.000000 ( 3.8003)  9.000000 ( 3.8003)  9.000000 ( 3.8003)  9.000000 ( 3.8003)  9.000000 ( 3.8003)  9.000000 ( 3.8003)  9.000000 ( 3.8003)  9.000000 ( 3.8003)  9.000000 ( 3.8003)  9.000000 ( 3.8003)  9.000000 ( 3.8003)  9.000000 ( 3.8003)  9.000000 ( 3.8003)  9.000000 ( 3.8003)  9.000000 ( 3.8003)  9.000000 ( 3.8003)  9.000000 ( 3.8003)  9.000000 ( 3.8003)  9.000000 ( 3.8003)  9.000000 ( 3.8003)  9.000000 ( 3.8003)  9.000000 ( 3.8003)  9.000000 ( 3.8003)  9.000000 ( 3.8003)  9.000000 ( 3.8003)  9.000000 ( 3.8003)  9.000000 ( 3.8003)  9.000000 ( 3.8003)  9.000000 ( 3.8003)  9.000000 ( 3.8003)  9.000000 ( 3.8003)  9.000000 ( 3.8003)  9.000000 ( 3.8003)  9.000000 ( 3.8003)  9.000000 ( 3.8003)  9.000000 ( 3.8003)
Sphyraena_chrysotaenia    0.363697 ( 3.4004)  0.313052 ( 2.6214)  0.290629 ( 2.8771)  0.347390 ( 3.0164)  0.347699 ( 3.1055)  0.399317 ( 3.4700)  0.313052 ( 2.6214)  0.373697 ( 3.3855)  0.358234 ( 3.4920)  0.346580 ( 3.1071)  0.349140 ( 2.7696)  0.363437 ( 2.8548)  0.380725 ( 3.3958)  0.327886 ( 3.0618)  0.318226 ( 2.4758)  0.417584 ( 4.2204)  0.409685 ( 5.0931)  9.000000 ( 5.0931)  0.362406 ( 3.3407)  9.000000 ( 3.3407)  0.325311 ( 3.0184)  0.387455 ( 4.2408)  0.380998 ( 3.4846)  9.000000 ( 3.4846)  0.301990 ( 4.0416)  0.290817 ( 2.7578)  0.302055 ( 3.2040)  0.278797 ( 3.2668)  0.285374 ( 2.6782)  9.000000 ( 2.6782)  9.000000 ( 2.6782)  0.362406 ( 3.6038)  0.303504 ( 3.9265)  0.279357 ( 5.5685)  0.402381 ( 3.3177)  0.205742 (11.9236)  0.331185 ( 4.2802)  0.317537 ( 2.7424)  0.377568 ( 2.8651)  0.324646 ( 2.8961)  0.288322 ( 2.3615)  0.339873 ( 2.7193)  9.000000 ( 2.7193)  9.000000 ( 2.7193)
Sphyraena_flavicauda    0.306432 ( 4.3652)  0.249159 ( 2.6197)  0.289425 ( 3.2506)  0.299654 ( 3.1407)  0.316033 ( 3.5205)  0.332737 ( 3.9689)  0.249159 ( 2.6197)  0.310075 ( 3.5905)  0.310106 ( 3.4011)  0.315034 ( 3.5222)  0.288806 ( 3.4243)  0.335169 ( 3.2832)  0.318392 ( 4.9976)  0.347622 ( 3.2439)  0.299410 ( 2.6541)  0.436276 ( 4.6601)  0.362390 ( 4.8074)  9.000000 ( 4.8074)  0.326081 ( 3.3209)  9.000000 ( 3.3209)  0.309169 ( 2.6709)  0.390965 ( 6.4434)  0.388546 ( 3.7324)  9.000000 ( 3.7324)  0.257149 ( 4.3382)  0.285572 ( 3.9157)  0.295040 ( 3.4990)  0.268963 ( 3.3808)  0.285553 ( 3.6097)  9.000000 ( 3.6097)  9.000000 ( 3.6097)  0.350728 ( 3.0689)  0.232759 ( 2.6981)  0.002882 ( 1.4532)  0.349354 ( 3.1938)  0.289753 ( 5.1283)  0.374526 ( 5.3025)  0.279774 ( 2.0121)  0.299483 ( 2.6884)  0.312840 ( 2.6205)  0.320404 ( 3.4668)  0.288463 ( 2.7420)  9.000000 ( 2.7420)  9.000000 ( 2.7420)  0.278995 ( 5.3220)
Centropomus_irae    0.325466 ( 6.1323)  0.263943 ( 8.3884)  0.264853 ( 8.0723)  0.226329 (10.9106)  0.143950 (24.1515)  0.218904 (12.1583)  0.263943 ( 8.3884)  0.077880 (26.9879)  0.255375 ( 7.1444)  0.143455 (24.1546)  0.371821 ( 3.9163)  0.384533 ( 3.6886)  0.298075 ( 4.5837)  0.303225 ( 3.7406)  0.300637 ( 3.9658)  0.280110 ( 4.6808)  0.262408 ( 3.8991)  9.000000 ( 3.8991)  0.306813 ( 4.8401)  9.000000 ( 4.8401)  0.325007 ( 3.8083)  0.283439 ( 4.7796)  0.344638 ( 3.6949)  9.000000 ( 3.6949)  0.332139 ( 4.8570)  0.337936 ( 3.9161)  0.310300 ( 3.4596)  0.272883 ( 3.6297)  0.317629 ( 3.8861)  9.000000 ( 3.8861)  9.000000 ( 3.8861)  0.356441 ( 3.4631)  0.298238 ( 4.5886)  0.293897 ( 3.5757)  0.395634 ( 4.3924)  0.370585 ( 2.8151)  0.346881 ( 4.9430)  0.376846 ( 5.1411)  0.406130 ( 4.4171)  0.321117 ( 3.9050)  0.290007 ( 4.3500)  0.341439 ( 3.5498)  9.000000 ( 3.5498)  9.000000 ( 3.5498)  0.355561 ( 2.8395)  0.293356 ( 3.4198)
Centropomus_poeyi    9.000000 ( 3.4198)  9.000000 ( 3.4198)  9.000000 ( 3.4198)  9.000000 ( 3.4198)  9.000000 ( 3.4198)  9.000000 ( 3.4198)  9.000000 ( 3.4198)  9.000000 ( 3.4198)  9.000000 ( 3.4198)  9.000000 ( 3.4198)  9.000000 ( 3.4198)  9.000000 ( 3.4198)  9.000000 ( 3.4198)  9.000000 ( 3.4198)  9.000000 ( 3.4198)  9.000000 ( 3.4198)  9.000000 ( 3.4198)  9.000000 ( 3.4198)  9.000000 ( 3.4198)  9.000000 ( 3.4198)  9.000000 ( 3.4198)  9.000000 ( 3.4198)  9.000000 ( 3.4198)  9.000000 ( 3.4198)  9.000000 ( 3.4198)  9.000000 ( 3.4198)  9.000000 ( 3.4198)  9.000000 ( 3.4198)  9.000000 ( 3.4198)  9.000000 ( 3.4198)  9.000000 ( 3.4198)  9.000000 ( 3.4198)  9.000000 ( 3.4198)  9.000000 ( 3.4198)  9.000000 ( 3.4198)  9.000000 ( 3.4198)  9.000000 ( 3.4198)  9.000000 ( 3.4198)  9.000000 ( 3.4198)  9.000000 ( 3.4198)  9.000000 ( 3.4198)  9.000000 ( 3.4198)  9.000000 ( 3.4198)  9.000000 ( 3.4198)  9.000000 ( 3.4198)  9.000000 ( 3.4198)  9.000000 ( 3.4198)
Centropomus_mexicanus    0.334476 ( 4.4047)  0.249605 ( 9.9299)  0.295926 (10.3400)  0.190695 (11.8961)  0.177880 ( 8.5836)  0.202364 (15.0985)  0.249605 ( 9.9299)  0.212964 ( 7.7161)  0.291933 (10.5483)  0.177527 ( 8.5981)  0.366325 ( 3.7674)  0.293138 ( 3.5282)  0.277498 ( 3.3241)  0.336791 ( 4.0371)  0.366344 ( 4.6563)  0.392096 ( 6.4155)  0.349451 ( 5.5353)  9.000000 ( 5.5353)  0.331845 ( 4.7222)  9.000000 ( 4.7222)  0.323384 ( 3.5069)  0.359951 ( 5.5591)  0.318479 ( 3.0603)  9.000000 ( 3.0603)  0.250698 ( 3.0435)  0.355140 ( 3.7998)  0.332740 ( 3.1967)  0.288286 ( 2.9146)  0.340389 ( 3.5733)  9.000000 ( 3.5733)  9.000000 ( 3.5733)  0.353752 ( 3.2322)  0.288938 ( 3.3704)  0.303541 ( 4.4462)  0.355783 ( 2.9376)  0.313224 ( 2.6385)  0.282152 ( 3.3803)  0.349782 ( 3.6089)  0.370662 ( 3.0197)  0.344122 ( 3.7156)  0.336415 ( 6.7723)  0.345849 ( 2.8136)  9.000000 ( 2.8136)  9.000000 ( 2.8136)  0.410765 ( 3.5297)  0.298617 ( 4.1737)  0.214944 ( 8.3569)  9.000000 ( 8.3569)
Centropomus_parallelus    0.347772 ( 4.4912)  0.248004 ( 9.3033)  0.278681 ( 9.1409)  0.199871 (11.6113)  0.157761 ( 8.0201)  0.188964 (12.7923)  0.248004 ( 9.3033)  0.190936 ( 7.1839)  0.289467 ( 9.9050)  0.157473 ( 8.0352)  0.365314 ( 3.6239)  0.315978 ( 3.8093)  0.276611 ( 3.1763)  0.327849 ( 4.0451)  0.371467 ( 4.5791)  0.383807 ( 6.0236)  0.318463 ( 4.6952)  9.000000 ( 4.6952)  0.330601 ( 4.5216)  9.000000 ( 4.5216)  0.319805 ( 3.5953)  0.338788 ( 5.3413)  0.343520 ( 3.5932)  9.000000 ( 3.5932)  0.250010 ( 3.1794)  0.356433 ( 3.9755)  0.334776 ( 3.3632)  0.294272 ( 3.1545)  0.342509 ( 3.7565)  9.000000 ( 3.7565)  9.000000 ( 3.7565)  0.343366 ( 3.2098)  0.320189 ( 4.1153)  0.324127 ( 5.0894)  0.354235 ( 3.0358)  0.321311 ( 2.6545)  0.277123 ( 3.4365)  0.392693 ( 4.5805)  0.349517 ( 2.8559)  0.334447 ( 3.7072)  0.367871 ( 7.9235)  0.327103 ( 2.6681)  9.000000 ( 2.6681)  9.000000 ( 2.6681)  0.403331 ( 3.5634)  0.318482 ( 4.7778)  0.203749 ( 8.3935)  9.000000 ( 8.3935)  0.021471 (23.3187)
Hypopterus_macropterus    0.322344 ( 3.8337)  0.414878 ( 5.0421)  0.399419 ( 4.0443)  0.354925 ( 3.1087)  0.383597 ( 3.8792)  0.347011 ( 3.2115)  0.414878 ( 5.0421)  0.370880 ( 4.1515)  0.426074 ( 4.4918)  0.382314 ( 3.8801)  0.379173 ( 4.8960)  0.387099 ( 3.4051)  0.315527 ( 4.3516)  0.382934 ( 4.8293)  0.395554 ( 5.2197)  0.355238 ( 4.8155)  0.424372 ( 6.6097)  9.000000 ( 6.6097)  0.366348 ( 4.4225)  9.000000 ( 4.4225)  0.365084 ( 4.8620)  0.336710 ( 4.6770)  0.258291 ( 5.2243)  9.000000 ( 5.2243)  0.352152 ( 5.0210)  0.459287 ( 6.6887)  0.439792 ( 5.9165)  0.370812 ( 5.5748)  0.437108 ( 6.2879)  9.000000 ( 6.2879)  9.000000 ( 6.2879)  0.462000 ( 5.4659)  0.326576 ( 4.7495)  0.415045 ( 5.0668)  0.456171 ( 4.8974)  0.422245 ( 4.8210)  0.454321 ( 7.0708)  0.366001 ( 4.8836)  0.380418 ( 4.7242)  0.378000 ( 5.3028)  0.304525 ( 3.5941)  0.447742 ( 5.1150)  9.000000 ( 5.1150)  9.000000 ( 5.1150)  0.467239 ( 4.5457)  0.416524 ( 5.2818)  0.347012 ( 3.7813)  9.000000 ( 3.7813)  0.327178 ( 2.8357)  0.337380 ( 3.1096)
Sphyraena_acutipinnis    0.435712 ( 4.4823)  0.426045 ( 4.2763)  0.405819 ( 3.6271)  0.388952 ( 3.1362)  0.375466 ( 3.5204)  0.373315 ( 3.1343)  0.426045 ( 4.2763)  0.432200 ( 4.8506)  0.483907 ( 4.8800)  0.374382 ( 3.5243)  0.496896 ( 4.4925)  0.408756 ( 3.7314)  0.462923 ( 5.2158)  0.355798 ( 3.4988)  0.358034 ( 2.3773)  0.415675 ( 3.1841)  0.355109 ( 3.0942)  9.000000 ( 3.0942)  0.381374 ( 2.6711)  9.000000 ( 2.6711)  0.341545 ( 3.0350)  0.426716 ( 6.9552)  0.367873 ( 3.0767)  9.000000 ( 3.0767)  0.291455 ( 5.9064)  0.395657 ( 8.0704)  0.383716 ( 7.7994)  0.329391 ( 6.3674)  0.378549 ( 8.3093)  9.000000 ( 8.3093)  9.000000 ( 8.3093)  0.097687 (26.1710)  0.341197 ( 9.9789)  0.343198 ( 3.3349)  0.319043 ( 5.4259)  0.371339 ( 2.7949)  0.331567 ( 8.3534)  0.346723 (10.9766)  0.305639 ( 5.4831)  0.366234 ( 3.5249)  0.349677 ( 4.1155)  0.302640 ( 7.1767)  9.000000 ( 7.1767)  9.000000 ( 7.1767)  0.355312 ( 3.2602)  0.344142 ( 3.4846)  0.363001 ( 3.5818)  9.000000 ( 3.5818)  0.366487 ( 3.4354)  0.371984 ( 3.6555)  0.387404 ( 3.9941)
Sphyraena_waitii    0.417432 ( 4.4690)  0.398891 ( 3.5794)  0.360075 ( 2.5523)  0.358390 ( 2.5118)  0.374006 ( 3.4658)  0.353396 ( 2.6269)  0.398891 ( 3.5794)  0.377273 ( 3.6772)  0.449168 ( 4.0682)  0.372934 ( 3.4700)  0.554343 ( 4.8829)  0.359080 ( 3.0072)  0.418392 ( 4.8067)  0.350131 ( 3.3805)  0.377517 ( 2.4833)  0.430913 ( 3.5739)  0.368010 ( 3.4934)  9.000000 ( 3.4934)  0.404429 ( 2.9183)  9.000000 ( 2.9183)  0.340116 ( 2.9853)  0.421789 ( 6.7927)  0.366576 ( 3.2642)  9.000000 ( 3.2642)  0.295452 ( 5.9613)  0.340235 ( 7.1985)  0.341064 ( 7.2525)  0.361107 ( 8.4287)  0.332618 ( 7.6488)  9.000000 ( 7.6488)  9.000000 ( 7.6488)  0.098650 (16.6700)  0.327757 ( 7.8302)  0.344211 ( 3.0746)  0.327635 ( 5.5758)  0.378867 ( 3.0820)  0.371721 ( 8.7174)  0.340037 ( 8.3725)  0.313078 ( 5.6082)  0.345334 ( 3.1847)  0.331538 ( 3.7690)  0.283909 ( 6.5585)  9.000000 ( 6.5585)  9.000000 ( 6.5585)  0.332238 ( 3.1333)  0.344049 ( 3.1973)  0.352494 ( 3.0150)  9.000000 ( 3.0150)  0.380115 ( 3.3453)  0.370800 ( 3.3461)  0.465950 ( 5.1498)  0.083039 ( 9.7448)

TREE #  1:  (((((14, 40), 21), 41), (((11, 12), (13, 1)), (((3, ((2, 7), 9)), ((6, 4), ((((48, (8, 47)), 10), 5), (50, 49)))), ((((30, ((24, (32, (52, 53))), 44)), ((39, 42), 43)), (((31, 45), 36), (34, 46))), (37, (((35, (27, (26, 29))), 28), (38, (25, 33)))))))), ((51, 23), ((((15, 18), 20), 19), (16, 17))), 22);  MP score: -1.00
lnL(ntime:103  np:105):  -8537.190187    +0.000000
  54..55   55..56   56..57   57..58   58..14   58..40   57..21   56..41   55..59   59..60   60..61   61..11   61..12   60..62   62..13   62..1    59..63   63..64   64..65   65..3    65..66   66..67   67..2    67..7    66..9    64..68   68..69   69..6    69..4    68..70   70..71   71..72   72..73   73..48   73..74   74..8    74..47   72..10   71..5    70..75   75..50   75..49   63..76   76..77   77..78   78..79   79..30   79..80   80..81   81..24   81..82   82..32   82..83   83..52   83..53   80..44   78..84   84..85   85..39   85..42   84..43   77..86   86..87   87..88   88..31   88..45   87..36   86..89   89..34   89..46   76..90   90..37   90..91   91..92   92..93   93..35   93..94   94..27   94..95   95..26   95..29   92..28   91..96   96..38   96..97   97..25   97..33   54..98   98..99   99..51   99..23   98..100 100..101 101..102 102..103 103..15  103..18  102..20  101..19  100..104 104..16  104..17   54..22 
 0.004675 0.126389 0.284757 0.006408 0.024472 0.015296 0.000004 0.167225 0.055269 0.066232 0.041435 0.559352 0.582187 0.205101 0.079669 0.127628 0.000004 0.229434 0.110814 0.107699 0.033708 0.053565 0.000004 0.000004 0.088665 0.093708 0.079567 0.018112 0.035167 0.004472 0.079826 0.000004 0.061543 0.077187 0.037518 0.032716 0.043403 0.000004 0.000004 0.134623 0.006424 0.017380 0.174980 0.000004 0.199913 0.087432 0.081431 0.038183 0.044820 0.045571 0.051247 0.037444 0.003652 0.042974 0.041814 0.068298 0.139551 0.118218 0.083631 0.015126 0.035716 0.202398 0.249773 0.060826 0.067736 0.039891 0.143030 0.223048 0.003178 0.000004 0.091763 0.177525 0.003159 0.000004 0.018420 0.566067 0.180814 0.010916 0.002277 0.008056 0.000004 0.242282 0.085444 0.000004 0.000004 0.176345 0.000004 0.037007 0.204023 0.306017 0.237411 0.182753 0.111235 0.000230 0.032411 0.000015 0.032316 0.063186 0.049040 0.066746 0.241470 0.155758 0.294914 12.962106 0.192164
