
BASEML (in paml version 4.10.10, 29 Jan 2026)  tmp0005.txt  HKY85 dGamma (ncatG=5)
Frequencies..
                                    T      C      A      G
Caranx_caninus                 0.25000 0.25000 0.25000 0.25000 GC = 0.500
Centropomus_armatus            0.25172 0.18535 0.29519 0.26773 GC = 0.453
Centropomus_ensiferus          0.25400 0.18535 0.29062 0.27002 GC = 0.455
Centropomus_medius             0.25172 0.18535 0.29062 0.27231 GC = 0.458
Centropomus_nigrescens         0.24943 0.18764 0.29062 0.27231 GC = 0.460
Centropomus_pectinatus         0.25172 0.18764 0.29062 0.27002 GC = 0.458
Centropomus_robalito           0.26357 0.18088 0.27907 0.27649 GC = 0.457
Centropomus_undecimalis        0.25714 0.18961 0.27792 0.27532 GC = 0.465
Centropomus_unionensis         0.25400 0.18078 0.29519 0.27002 GC = 0.451
Centropomus_viridis            0.25000 0.25000 0.25000 0.25000 GC = 0.500
Coryphaena_equiselis           0.25000 0.25000 0.25000 0.25000 GC = 0.500
Echeneis_naucrates             0.25000 0.25000 0.25000 0.25000 GC = 0.500
Gnathanodon_speciosus          0.25000 0.25000 0.25000 0.25000 GC = 0.500
Istiophorus_platypterus        0.24943 0.18307 0.30435 0.26316 GC = 0.446
Lates_angustifrons             0.25000 0.25000 0.25000 0.25000 GC = 0.500
Lates_calcarifer               0.25000 0.25000 0.25000 0.25000 GC = 0.500
Lates_japonicus                0.25000 0.25000 0.25000 0.25000 GC = 0.500
Lates_microlepis               0.25000 0.25000 0.25000 0.25000 GC = 0.500
Lates_niloticus                0.25000 0.25000 0.25000 0.25000 GC = 0.500
Lates_stappersii               0.25000 0.25000 0.25000 0.25000 GC = 0.500
Makaira_nigricans              0.25400 0.17849 0.30435 0.26316 GC = 0.442
Nematistius_pectoralis         0.25000 0.25000 0.25000 0.25000 GC = 0.500
Psammoperca_waigiensis         0.25000 0.25000 0.25000 0.25000 GC = 0.500
Sphyraena_africana             0.25000 0.25000 0.25000 0.25000 GC = 0.500
Sphyraena_barracuda            0.25858 0.18307 0.29519 0.26316 GC = 0.446
Sphyraena_borealis             0.26316 0.17849 0.29748 0.26087 GC = 0.439
Sphyraena_ensis                0.26545 0.17849 0.29977 0.25629 GC = 0.435
Sphyraena_forsteri             0.25000 0.25000 0.25000 0.25000 GC = 0.500
Sphyraena_guachancho           0.26316 0.17849 0.29748 0.26087 GC = 0.439
Sphyraena_helleri              0.25000 0.25000 0.25000 0.25000 GC = 0.500
Sphyraena_iburiensis           0.25000 0.25000 0.25000 0.25000 GC = 0.500
Sphyraena_japonica             0.25000 0.25000 0.25000 0.25000 GC = 0.500
Sphyraena_jello                0.25000 0.25000 0.25000 0.25000 GC = 0.500
Sphyraena_obtusata             0.25000 0.25000 0.25000 0.25000 GC = 0.500
Sphyraena_picudilla            0.25000 0.25000 0.25000 0.25000 GC = 0.500
Sphyraena_pinguis              0.25000 0.25000 0.25000 0.25000 GC = 0.500
Sphyraena_putnamae             0.25542 0.18795 0.30361 0.25301 GC = 0.441
Sphyraena_qenie                0.25000 0.25000 0.25000 0.25000 GC = 0.500
Sphyraena_viridensis           0.25000 0.25000 0.25000 0.25000 GC = 0.500
Tetrapturus_audax              0.25000 0.25000 0.25000 0.25000 GC = 0.500
Xiphias_gladius                0.25400 0.18535 0.29519 0.26545 GC = 0.451
Sphyraena_argentea             0.26316 0.18535 0.29291 0.25858 GC = 0.444
Sphyraena_idiastes             0.25000 0.25000 0.25000 0.25000 GC = 0.500
Sphyraena_novaehollandiae      0.25000 0.25000 0.25000 0.25000 GC = 0.500
Sphyraena_chrysotaenia         0.25000 0.25000 0.25000 0.25000 GC = 0.500
Sphyraena_flavicauda           0.25000 0.25000 0.25000 0.25000 GC = 0.500
Centropomus_irae               0.25000 0.25000 0.25000 0.25000 GC = 0.500
Centropomus_poeyi              0.25000 0.25000 0.25000 0.25000 GC = 0.500
Centropomus_mexicanus          0.25000 0.25000 0.25000 0.25000 GC = 0.500
Centropomus_parallelus         0.25000 0.25000 0.25000 0.25000 GC = 0.500
Hypopterus_macropterus         0.25000 0.25000 0.25000 0.25000 GC = 0.500
Sphyraena_acutipinnis          0.25000 0.25000 0.25000 0.25000 GC = 0.500
Sphyraena_waitii               0.25000 0.25000 0.25000 0.25000 GC = 0.500

Homogeneity statistic: X2 = 0.32993 G = 0.33697 

Average                        0.25640 0.18357 0.29432 0.26571
(Ambiguity characters are used to calculate freqs.)


# constant sites:      0 (0.00%)
Distances:HKY85 (kappa)  (alpha set at 0.50)
This matrix is not used in later m.l. analysis.

(Pairwise deletion.)
Caranx_caninus   
Centropomus_armatus    9.000000 ( 0.0000)
Centropomus_ensiferus    9.000000 ( 0.0000)  0.012763 ( 1.6077)
Centropomus_medius    9.000000 ( 1.6077)  0.027413 ( 9.5998)  0.018464 (13.7364)
Centropomus_nigrescens    9.000000 (13.7364)  0.019731 ( 6.3576)  0.015220 (10.9723)  0.014906 (999.0000)
Centropomus_pectinatus    9.000000 (999.0000)  0.029942 ( 6.4054)  0.020898 ( 6.8674)  0.002300 (-0.0035)  0.017332 (12.7596)
Centropomus_robalito    9.000000 (12.7596)  0.006950 ( 3.3026)  0.007397 ( 0.8106)  0.020990 (13.9734)  0.012671 ( 7.6441)  0.023767 ( 6.9859)
Centropomus_undecimalis    9.000000 ( 6.9859)  0.023897 ( 6.9705)  0.018666 (12.1292)  0.020839 (999.0000)  0.003401 (999.0000)  0.023631 (15.8703)  0.016328 (10.3396)
Centropomus_unionensis    9.000000 (10.3396)  0.009218 ( 5.8711)  0.009678 ( 2.1258)  0.023963 (18.3831)  0.016431 (11.9831)  0.026421 ( 9.1873)  0.003450 (999.0000)  0.020062 (13.1657)
Centropomus_viridis    9.000000 (13.1657)  9.000000 (13.1657)  9.000000 (13.1657)  9.000000 (13.1657)  9.000000 (13.1657)  9.000000 (13.1657)  9.000000 (13.1657)  9.000000 (13.1657)  9.000000 (13.1657)
Coryphaena_equiselis    9.000000 (13.1657)  9.000000 (13.1657)  9.000000 (13.1657)  9.000000 (13.1657)  9.000000 (13.1657)  9.000000 (13.1657)  9.000000 (13.1657)  9.000000 (13.1657)  9.000000 (13.1657)  9.000000 (13.1657)
Echeneis_naucrates    9.000000 (13.1657)  9.000000 (13.1657)  9.000000 (13.1657)  9.000000 (13.1657)  9.000000 (13.1657)  9.000000 (13.1657)  9.000000 (13.1657)  9.000000 (13.1657)  9.000000 (13.1657)  9.000000 (13.1657)  9.000000 (13.1657)
Gnathanodon_speciosus    9.000000 (13.1657)  9.000000 (13.1657)  9.000000 (13.1657)  9.000000 (13.1657)  9.000000 (13.1657)  9.000000 (13.1657)  9.000000 (13.1657)  9.000000 (13.1657)  9.000000 (13.1657)  9.000000 (13.1657)  9.000000 (13.1657)  9.000000 (13.1657)
Istiophorus_platypterus    9.000000 (13.1657)  0.121282 ( 7.6868)  0.120186 ( 8.7494)  0.113915 ( 9.5270)  0.113947 ( 9.5246)  0.116868 ( 8.4487)  0.098166 (12.4797)  0.103313 (17.0654)  0.124720 ( 9.1388)  9.000000 ( 9.1388)  9.000000 ( 9.1388)  9.000000 ( 9.1388)  9.000000 ( 9.1388)
Lates_angustifrons    9.000000 ( 9.1388)  9.000000 ( 9.1388)  9.000000 ( 9.1388)  9.000000 ( 9.1388)  9.000000 ( 9.1388)  9.000000 ( 9.1388)  9.000000 ( 9.1388)  9.000000 ( 9.1388)  9.000000 ( 9.1388)  9.000000 ( 9.1388)  9.000000 ( 9.1388)  9.000000 ( 9.1388)  9.000000 ( 9.1388)  9.000000 ( 9.1388)
Lates_calcarifer    9.000000 ( 9.1388)  9.000000 ( 9.1388)  9.000000 ( 9.1388)  9.000000 ( 9.1388)  9.000000 ( 9.1388)  9.000000 ( 9.1388)  9.000000 ( 9.1388)  9.000000 ( 9.1388)  9.000000 ( 9.1388)  9.000000 ( 9.1388)  9.000000 ( 9.1388)  9.000000 ( 9.1388)  9.000000 ( 9.1388)  9.000000 ( 9.1388)  9.000000 ( 9.1388)
Lates_japonicus    9.000000 ( 9.1388)  9.000000 ( 9.1388)  9.000000 ( 9.1388)  9.000000 ( 9.1388)  9.000000 ( 9.1388)  9.000000 ( 9.1388)  9.000000 ( 9.1388)  9.000000 ( 9.1388)  9.000000 ( 9.1388)  9.000000 ( 9.1388)  9.000000 ( 9.1388)  9.000000 ( 9.1388)  9.000000 ( 9.1388)  9.000000 ( 9.1388)  9.000000 ( 9.1388)  9.000000 ( 9.1388)
Lates_microlepis    9.000000 ( 9.1388)  9.000000 ( 9.1388)  9.000000 ( 9.1388)  9.000000 ( 9.1388)  9.000000 ( 9.1388)  9.000000 ( 9.1388)  9.000000 ( 9.1388)  9.000000 ( 9.1388)  9.000000 ( 9.1388)  9.000000 ( 9.1388)  9.000000 ( 9.1388)  9.000000 ( 9.1388)  9.000000 ( 9.1388)  9.000000 ( 9.1388)  9.000000 ( 9.1388)  9.000000 ( 9.1388)  9.000000 ( 9.1388)
Lates_niloticus    9.000000 ( 9.1388)  9.000000 ( 9.1388)  9.000000 ( 9.1388)  9.000000 ( 9.1388)  9.000000 ( 9.1388)  9.000000 ( 9.1388)  9.000000 ( 9.1388)  9.000000 ( 9.1388)  9.000000 ( 9.1388)  9.000000 ( 9.1388)  9.000000 ( 9.1388)  9.000000 ( 9.1388)  9.000000 ( 9.1388)  9.000000 ( 9.1388)  9.000000 ( 9.1388)  9.000000 ( 9.1388)  9.000000 ( 9.1388)  9.000000 ( 9.1388)
Lates_stappersii    9.000000 ( 9.1388)  9.000000 ( 9.1388)  9.000000 ( 9.1388)  9.000000 ( 9.1388)  9.000000 ( 9.1388)  9.000000 ( 9.1388)  9.000000 ( 9.1388)  9.000000 ( 9.1388)  9.000000 ( 9.1388)  9.000000 ( 9.1388)  9.000000 ( 9.1388)  9.000000 ( 9.1388)  9.000000 ( 9.1388)  9.000000 ( 9.1388)  9.000000 ( 9.1388)  9.000000 ( 9.1388)  9.000000 ( 9.1388)  9.000000 ( 9.1388)  9.000000 ( 9.1388)
Makaira_nigricans    9.000000 ( 9.1388)  0.109797 ( 6.7823)  0.108882 ( 7.7523)  0.103449 ( 8.4828)  0.103105 ( 8.4427)  0.106390 ( 7.5251)  0.092259 (11.6196)  0.097488 (16.0041)  0.112776 ( 8.0871)  9.000000 ( 8.0871)  9.000000 ( 8.0871)  9.000000 ( 8.0871)  9.000000 ( 8.0871)  0.006528 (999.0000)  9.000000 (999.0000)  9.000000 (999.0000)  9.000000 (999.0000)  9.000000 (999.0000)  9.000000 (999.0000)  9.000000 (999.0000)
Nematistius_pectoralis    9.000000 (999.0000)  9.000000 (999.0000)  9.000000 (999.0000)  9.000000 (999.0000)  9.000000 (999.0000)  9.000000 (999.0000)  9.000000 (999.0000)  9.000000 (999.0000)  9.000000 (999.0000)  9.000000 (999.0000)  9.000000 (999.0000)  9.000000 (999.0000)  9.000000 (999.0000)  9.000000 (999.0000)  9.000000 (999.0000)  9.000000 (999.0000)  9.000000 (999.0000)  9.000000 (999.0000)  9.000000 (999.0000)  9.000000 (999.0000)  9.000000 (999.0000)
Psammoperca_waigiensis    9.000000 (999.0000)  9.000000 (999.0000)  9.000000 (999.0000)  9.000000 (999.0000)  9.000000 (999.0000)  9.000000 (999.0000)  9.000000 (999.0000)  9.000000 (999.0000)  9.000000 (999.0000)  9.000000 (999.0000)  9.000000 (999.0000)  9.000000 (999.0000)  9.000000 (999.0000)  9.000000 (999.0000)  9.000000 (999.0000)  9.000000 (999.0000)  9.000000 (999.0000)  9.000000 (999.0000)  9.000000 (999.0000)  9.000000 (999.0000)  9.000000 (999.0000)  9.000000 (999.0000)
Sphyraena_africana    9.000000 (999.0000)  9.000000 (999.0000)  9.000000 (999.0000)  9.000000 (999.0000)  9.000000 (999.0000)  9.000000 (999.0000)  9.000000 (999.0000)  9.000000 (999.0000)  9.000000 (999.0000)  9.000000 (999.0000)  9.000000 (999.0000)  9.000000 (999.0000)  9.000000 (999.0000)  9.000000 (999.0000)  9.000000 (999.0000)  9.000000 (999.0000)  9.000000 (999.0000)  9.000000 (999.0000)  9.000000 (999.0000)  9.000000 (999.0000)  9.000000 (999.0000)  9.000000 (999.0000)  9.000000 (999.0000)
Sphyraena_barracuda    9.000000 (999.0000)  0.084890 ( 6.6420)  0.079197 ( 7.2866)  0.070247 ( 7.6662)  0.074500 ( 8.2439)  0.073025 ( 6.5613)  0.081943 ( 6.5252)  0.087624 ( 8.6446)  0.081737 ( 7.5730)  9.000000 ( 7.5730)  9.000000 ( 7.5730)  9.000000 ( 7.5730)  9.000000 ( 7.5730)  0.121059 ( 5.9712)  9.000000 ( 5.9712)  9.000000 ( 5.9712)  9.000000 ( 5.9712)  9.000000 ( 5.9712)  9.000000 ( 5.9712)  9.000000 ( 5.9712)  0.110335 ( 5.2755)  9.000000 ( 5.2755)  9.000000 ( 5.2755)  9.000000 ( 5.2755)
Sphyraena_borealis    9.000000 ( 5.2755)  0.097214 ( 7.9044)  0.091300 ( 8.7148)  0.081671 ( 9.2469)  0.086246 ( 9.8683)  0.084486 ( 7.9120)  0.090214 ( 7.3917)  0.096095 ( 9.6810)  0.094297 ( 9.0536)  9.000000 ( 9.0536)  9.000000 ( 9.0536)  9.000000 ( 9.0536)  9.000000 ( 9.0536)  0.135796 ( 6.9487)  9.000000 ( 6.9487)  9.000000 ( 6.9487)  9.000000 ( 6.9487)  9.000000 ( 6.9487)  9.000000 ( 6.9487)  9.000000 ( 6.9487)  0.124186 ( 6.1954)  9.000000 ( 6.1954)  9.000000 ( 6.1954)  9.000000 ( 6.1954)  0.008118 (999.0000)
Sphyraena_ensis    9.000000 (999.0000)  0.105785 ( 7.5263)  0.099634 ( 8.1744)  0.090075 ( 8.5739)  0.094664 ( 9.1048)  0.092990 ( 7.4924)  0.093161 ( 7.6990)  0.099362 (10.0788)  0.102413 ( 8.4468)  9.000000 ( 8.4468)  9.000000 ( 8.4468)  9.000000 ( 8.4468)  9.000000 ( 8.4468)  0.138937 ( 6.4042)  9.000000 ( 6.4042)  9.000000 ( 6.4042)  9.000000 ( 6.4042)  9.000000 ( 6.4042)  9.000000 ( 6.4042)  9.000000 ( 6.4042)  0.127301 ( 5.7111)  9.000000 ( 5.7111)  9.000000 ( 5.7111)  9.000000 ( 5.7111)  0.014355 (10.3524)  0.006104 ( 3.2701)
Sphyraena_forsteri    9.000000 ( 3.2701)  9.000000 ( 3.2701)  9.000000 ( 3.2701)  9.000000 ( 3.2701)  9.000000 ( 3.2701)  9.000000 ( 3.2701)  9.000000 ( 3.2701)  9.000000 ( 3.2701)  9.000000 ( 3.2701)  9.000000 ( 3.2701)  9.000000 ( 3.2701)  9.000000 ( 3.2701)  9.000000 ( 3.2701)  9.000000 ( 3.2701)  9.000000 ( 3.2701)  9.000000 ( 3.2701)  9.000000 ( 3.2701)  9.000000 ( 3.2701)  9.000000 ( 3.2701)  9.000000 ( 3.2701)  9.000000 ( 3.2701)  9.000000 ( 3.2701)  9.000000 ( 3.2701)  9.000000 ( 3.2701)  9.000000 ( 3.2701)  9.000000 ( 3.2701)  9.000000 ( 3.2701)
Sphyraena_guachancho    9.000000 ( 3.2701)  0.097214 ( 7.9044)  0.091300 ( 8.7148)  0.081671 ( 9.2469)  0.086246 ( 9.8683)  0.084486 ( 7.9120)  0.090214 ( 7.3917)  0.096095 ( 9.6810)  0.094297 ( 9.0536)  9.000000 ( 9.0536)  9.000000 ( 9.0536)  9.000000 ( 9.0536)  9.000000 ( 9.0536)  0.135796 ( 6.9487)  9.000000 ( 6.9487)  9.000000 ( 6.9487)  9.000000 ( 6.9487)  9.000000 ( 6.9487)  9.000000 ( 6.9487)  9.000000 ( 6.9487)  0.124186 ( 6.1954)  9.000000 ( 6.1954)  9.000000 ( 6.1954)  9.000000 ( 6.1954)  0.008118 (999.0000)  0.000000 (999.0000)  0.006104 ( 3.2701)  9.000000 ( 3.2701)
Sphyraena_helleri    9.000000 ( 3.2701)  9.000000 ( 3.2701)  9.000000 ( 3.2701)  9.000000 ( 3.2701)  9.000000 ( 3.2701)  9.000000 ( 3.2701)  9.000000 ( 3.2701)  9.000000 ( 3.2701)  9.000000 ( 3.2701)  9.000000 ( 3.2701)  9.000000 ( 3.2701)  9.000000 ( 3.2701)  9.000000 ( 3.2701)  9.000000 ( 3.2701)  9.000000 ( 3.2701)  9.000000 ( 3.2701)  9.000000 ( 3.2701)  9.000000 ( 3.2701)  9.000000 ( 3.2701)  9.000000 ( 3.2701)  9.000000 ( 3.2701)  9.000000 ( 3.2701)  9.000000 ( 3.2701)  9.000000 ( 3.2701)  9.000000 ( 3.2701)  9.000000 ( 3.2701)  9.000000 ( 3.2701)  9.000000 ( 3.2701)  9.000000 ( 3.2701)
Sphyraena_iburiensis    9.000000 ( 3.2701)  9.000000 ( 3.2701)  9.000000 ( 3.2701)  9.000000 ( 3.2701)  9.000000 ( 3.2701)  9.000000 ( 3.2701)  9.000000 ( 3.2701)  9.000000 ( 3.2701)  9.000000 ( 3.2701)  9.000000 ( 3.2701)  9.000000 ( 3.2701)  9.000000 ( 3.2701)  9.000000 ( 3.2701)  9.000000 ( 3.2701)  9.000000 ( 3.2701)  9.000000 ( 3.2701)  9.000000 ( 3.2701)  9.000000 ( 3.2701)  9.000000 ( 3.2701)  9.000000 ( 3.2701)  9.000000 ( 3.2701)  9.000000 ( 3.2701)  9.000000 ( 3.2701)  9.000000 ( 3.2701)  9.000000 ( 3.2701)  9.000000 ( 3.2701)  9.000000 ( 3.2701)  9.000000 ( 3.2701)  9.000000 ( 3.2701)  9.000000 ( 3.2701)
Sphyraena_japonica    9.000000 ( 3.2701)  9.000000 ( 3.2701)  9.000000 ( 3.2701)  9.000000 ( 3.2701)  9.000000 ( 3.2701)  9.000000 ( 3.2701)  9.000000 ( 3.2701)  9.000000 ( 3.2701)  9.000000 ( 3.2701)  9.000000 ( 3.2701)  9.000000 ( 3.2701)  9.000000 ( 3.2701)  9.000000 ( 3.2701)  9.000000 ( 3.2701)  9.000000 ( 3.2701)  9.000000 ( 3.2701)  9.000000 ( 3.2701)  9.000000 ( 3.2701)  9.000000 ( 3.2701)  9.000000 ( 3.2701)  9.000000 ( 3.2701)  9.000000 ( 3.2701)  9.000000 ( 3.2701)  9.000000 ( 3.2701)  9.000000 ( 3.2701)  9.000000 ( 3.2701)  9.000000 ( 3.2701)  9.000000 ( 3.2701)  9.000000 ( 3.2701)  9.000000 ( 3.2701)  9.000000 ( 3.2701)
Sphyraena_jello    9.000000 ( 3.2701)  9.000000 ( 3.2701)  9.000000 ( 3.2701)  9.000000 ( 3.2701)  9.000000 ( 3.2701)  9.000000 ( 3.2701)  9.000000 ( 3.2701)  9.000000 ( 3.2701)  9.000000 ( 3.2701)  9.000000 ( 3.2701)  9.000000 ( 3.2701)  9.000000 ( 3.2701)  9.000000 ( 3.2701)  9.000000 ( 3.2701)  9.000000 ( 3.2701)  9.000000 ( 3.2701)  9.000000 ( 3.2701)  9.000000 ( 3.2701)  9.000000 ( 3.2701)  9.000000 ( 3.2701)  9.000000 ( 3.2701)  9.000000 ( 3.2701)  9.000000 ( 3.2701)  9.000000 ( 3.2701)  9.000000 ( 3.2701)  9.000000 ( 3.2701)  9.000000 ( 3.2701)  9.000000 ( 3.2701)  9.000000 ( 3.2701)  9.000000 ( 3.2701)  9.000000 ( 3.2701)  9.000000 ( 3.2701)
Sphyraena_obtusata    9.000000 ( 3.2701)  9.000000 ( 3.2701)  9.000000 ( 3.2701)  9.000000 ( 3.2701)  9.000000 ( 3.2701)  9.000000 ( 3.2701)  9.000000 ( 3.2701)  9.000000 ( 3.2701)  9.000000 ( 3.2701)  9.000000 ( 3.2701)  9.000000 ( 3.2701)  9.000000 ( 3.2701)  9.000000 ( 3.2701)  9.000000 ( 3.2701)  9.000000 ( 3.2701)  9.000000 ( 3.2701)  9.000000 ( 3.2701)  9.000000 ( 3.2701)  9.000000 ( 3.2701)  9.000000 ( 3.2701)  9.000000 ( 3.2701)  9.000000 ( 3.2701)  9.000000 ( 3.2701)  9.000000 ( 3.2701)  9.000000 ( 3.2701)  9.000000 ( 3.2701)  9.000000 ( 3.2701)  9.000000 ( 3.2701)  9.000000 ( 3.2701)  9.000000 ( 3.2701)  9.000000 ( 3.2701)  9.000000 ( 3.2701)  9.000000 ( 3.2701)
Sphyraena_picudilla    9.000000 ( 3.2701)  9.000000 ( 3.2701)  9.000000 ( 3.2701)  9.000000 ( 3.2701)  9.000000 ( 3.2701)  9.000000 ( 3.2701)  9.000000 ( 3.2701)  9.000000 ( 3.2701)  9.000000 ( 3.2701)  9.000000 ( 3.2701)  9.000000 ( 3.2701)  9.000000 ( 3.2701)  9.000000 ( 3.2701)  9.000000 ( 3.2701)  9.000000 ( 3.2701)  9.000000 ( 3.2701)  9.000000 ( 3.2701)  9.000000 ( 3.2701)  9.000000 ( 3.2701)  9.000000 ( 3.2701)  9.000000 ( 3.2701)  9.000000 ( 3.2701)  9.000000 ( 3.2701)  9.000000 ( 3.2701)  9.000000 ( 3.2701)  9.000000 ( 3.2701)  9.000000 ( 3.2701)  9.000000 ( 3.2701)  9.000000 ( 3.2701)  9.000000 ( 3.2701)  9.000000 ( 3.2701)  9.000000 ( 3.2701)  9.000000 ( 3.2701)  9.000000 ( 3.2701)
Sphyraena_pinguis    9.000000 ( 3.2701)  9.000000 ( 3.2701)  9.000000 ( 3.2701)  9.000000 ( 3.2701)  9.000000 ( 3.2701)  9.000000 ( 3.2701)  9.000000 ( 3.2701)  9.000000 ( 3.2701)  9.000000 ( 3.2701)  9.000000 ( 3.2701)  9.000000 ( 3.2701)  9.000000 ( 3.2701)  9.000000 ( 3.2701)  9.000000 ( 3.2701)  9.000000 ( 3.2701)  9.000000 ( 3.2701)  9.000000 ( 3.2701)  9.000000 ( 3.2701)  9.000000 ( 3.2701)  9.000000 ( 3.2701)  9.000000 ( 3.2701)  9.000000 ( 3.2701)  9.000000 ( 3.2701)  9.000000 ( 3.2701)  9.000000 ( 3.2701)  9.000000 ( 3.2701)  9.000000 ( 3.2701)  9.000000 ( 3.2701)  9.000000 ( 3.2701)  9.000000 ( 3.2701)  9.000000 ( 3.2701)  9.000000 ( 3.2701)  9.000000 ( 3.2701)  9.000000 ( 3.2701)  9.000000 ( 3.2701)
Sphyraena_putnamae    9.000000 ( 3.2701)  0.097326 ( 6.2939)  0.090905 ( 6.7860)  0.087800 ( 7.7536)  0.095547 ( 8.6099)  0.090883 ( 6.7771)  0.087754 ( 8.0986)  0.098748 (11.6517)  0.092893 ( 6.9685)  9.000000 ( 6.9685)  9.000000 ( 6.9685)  9.000000 ( 6.9685)  9.000000 ( 6.9685)  0.146950 ( 8.0738)  9.000000 ( 8.0738)  9.000000 ( 8.0738)  9.000000 ( 8.0738)  9.000000 ( 8.0738)  9.000000 ( 8.0738)  9.000000 ( 8.0738)  0.135235 ( 7.2821)  9.000000 ( 7.2821)  9.000000 ( 7.2821)  9.000000 ( 7.2821)  0.021023 ( 6.5142)  0.030206 (10.2405)  0.037862 ( 8.1747)  9.000000 ( 8.1747)  0.030206 (10.2405)  9.000000 (10.2405)  9.000000 (10.2405)  9.000000 (10.2405)  9.000000 (10.2405)  9.000000 (10.2405)  9.000000 (10.2405)  9.000000 (10.2405)
Sphyraena_qenie    9.000000 (10.2405)  9.000000 (10.2405)  9.000000 (10.2405)  9.000000 (10.2405)  9.000000 (10.2405)  9.000000 (10.2405)  9.000000 (10.2405)  9.000000 (10.2405)  9.000000 (10.2405)  9.000000 (10.2405)  9.000000 (10.2405)  9.000000 (10.2405)  9.000000 (10.2405)  9.000000 (10.2405)  9.000000 (10.2405)  9.000000 (10.2405)  9.000000 (10.2405)  9.000000 (10.2405)  9.000000 (10.2405)  9.000000 (10.2405)  9.000000 (10.2405)  9.000000 (10.2405)  9.000000 (10.2405)  9.000000 (10.2405)  9.000000 (10.2405)  9.000000 (10.2405)  9.000000 (10.2405)  9.000000 (10.2405)  9.000000 (10.2405)  9.000000 (10.2405)  9.000000 (10.2405)  9.000000 (10.2405)  9.000000 (10.2405)  9.000000 (10.2405)  9.000000 (10.2405)  9.000000 (10.2405)  9.000000 (10.2405)
Sphyraena_viridensis    9.000000 (10.2405)  9.000000 (10.2405)  9.000000 (10.2405)  9.000000 (10.2405)  9.000000 (10.2405)  9.000000 (10.2405)  9.000000 (10.2405)  9.000000 (10.2405)  9.000000 (10.2405)  9.000000 (10.2405)  9.000000 (10.2405)  9.000000 (10.2405)  9.000000 (10.2405)  9.000000 (10.2405)  9.000000 (10.2405)  9.000000 (10.2405)  9.000000 (10.2405)  9.000000 (10.2405)  9.000000 (10.2405)  9.000000 (10.2405)  9.000000 (10.2405)  9.000000 (10.2405)  9.000000 (10.2405)  9.000000 (10.2405)  9.000000 (10.2405)  9.000000 (10.2405)  9.000000 (10.2405)  9.000000 (10.2405)  9.000000 (10.2405)  9.000000 (10.2405)  9.000000 (10.2405)  9.000000 (10.2405)  9.000000 (10.2405)  9.000000 (10.2405)  9.000000 (10.2405)  9.000000 (10.2405)  9.000000 (10.2405)  9.000000 (10.2405)
Tetrapturus_audax    9.000000 (10.2405)  9.000000 (10.2405)  9.000000 (10.2405)  9.000000 (10.2405)  9.000000 (10.2405)  9.000000 (10.2405)  9.000000 (10.2405)  9.000000 (10.2405)  9.000000 (10.2405)  9.000000 (10.2405)  9.000000 (10.2405)  9.000000 (10.2405)  9.000000 (10.2405)  9.000000 (10.2405)  9.000000 (10.2405)  9.000000 (10.2405)  9.000000 (10.2405)  9.000000 (10.2405)  9.000000 (10.2405)  9.000000 (10.2405)  9.000000 (10.2405)  9.000000 (10.2405)  9.000000 (10.2405)  9.000000 (10.2405)  9.000000 (10.2405)  9.000000 (10.2405)  9.000000 (10.2405)  9.000000 (10.2405)  9.000000 (10.2405)  9.000000 (10.2405)  9.000000 (10.2405)  9.000000 (10.2405)  9.000000 (10.2405)  9.000000 (10.2405)  9.000000 (10.2405)  9.000000 (10.2405)  9.000000 (10.2405)  9.000000 (10.2405)  9.000000 (10.2405)
Xiphias_gladius    9.000000 (10.2405)  0.074325 (10.3333)  0.063779 (11.3332)  0.058739 (14.4578)  0.064415 (16.0346)  0.061351 (10.8203)  0.060346 (13.0578)  0.066587 (22.9373)  0.070936 (12.8067)  9.000000 (12.8067)  9.000000 (12.8067)  9.000000 (12.8067)  9.000000 (12.8067)  0.081980 ( 7.5751)  9.000000 ( 7.5751)  9.000000 ( 7.5751)  9.000000 ( 7.5751)  9.000000 ( 7.5751)  9.000000 ( 7.5751)  9.000000 ( 7.5751)  0.072763 ( 6.5116)  9.000000 ( 6.5116)  9.000000 ( 6.5116)  9.000000 ( 6.5116)  0.066311 ( 5.7840)  0.077390 ( 7.0910)  0.085696 ( 6.7590)  9.000000 ( 6.7590)  0.077390 ( 7.0910)  9.000000 ( 7.0910)  9.000000 ( 7.0910)  9.000000 ( 7.0910)  9.000000 ( 7.0910)  9.000000 ( 7.0910)  9.000000 ( 7.0910)  9.000000 ( 7.0910)  0.089495 ( 6.6530)  9.000000 ( 6.6530)  9.000000 ( 6.6530)  9.000000 ( 6.6530)
Sphyraena_argentea    9.000000 ( 6.6530)  0.066820 ( 4.0289)  0.060786 ( 6.4031)  0.079811 ( 7.3748)  0.075559 ( 6.8724)  0.082662 ( 6.4431)  0.065636 ( 3.9410)  0.080805 ( 6.3661)  0.068250 ( 4.9729)  9.000000 ( 4.9729)  9.000000 ( 4.9729)  9.000000 ( 4.9729)  9.000000 ( 4.9729)  0.129639 ( 5.8455)  9.000000 ( 5.8455)  9.000000 ( 5.8455)  9.000000 ( 5.8455)  9.000000 ( 5.8455)  9.000000 ( 5.8455)  9.000000 ( 5.8455)  0.118223 ( 5.1643)  9.000000 ( 5.1643)  9.000000 ( 5.1643)  9.000000 ( 5.1643)  0.040316 ( 9.4042)  0.050134 (12.1982)  0.052760 ( 9.1484)  9.000000 ( 9.1484)  0.050134 (12.1982)  9.000000 (12.1982)  9.000000 (12.1982)  9.000000 (12.1982)  9.000000 (12.1982)  9.000000 (12.1982)  9.000000 (12.1982)  9.000000 (12.1982)  0.052419 ( 6.3283)  9.000000 ( 6.3283)  9.000000 ( 6.3283)  9.000000 ( 6.3283)  0.078442 ( 6.0207)
Sphyraena_idiastes    9.000000 ( 6.0207)  9.000000 ( 6.0207)  9.000000 ( 6.0207)  9.000000 ( 6.0207)  9.000000 ( 6.0207)  9.000000 ( 6.0207)  9.000000 ( 6.0207)  9.000000 ( 6.0207)  9.000000 ( 6.0207)  9.000000 ( 6.0207)  9.000000 ( 6.0207)  9.000000 ( 6.0207)  9.000000 ( 6.0207)  9.000000 ( 6.0207)  9.000000 ( 6.0207)  9.000000 ( 6.0207)  9.000000 ( 6.0207)  9.000000 ( 6.0207)  9.000000 ( 6.0207)  9.000000 ( 6.0207)  9.000000 ( 6.0207)  9.000000 ( 6.0207)  9.000000 ( 6.0207)  9.000000 ( 6.0207)  9.000000 ( 6.0207)  9.000000 ( 6.0207)  9.000000 ( 6.0207)  9.000000 ( 6.0207)  9.000000 ( 6.0207)  9.000000 ( 6.0207)  9.000000 ( 6.0207)  9.000000 ( 6.0207)  9.000000 ( 6.0207)  9.000000 ( 6.0207)  9.000000 ( 6.0207)  9.000000 ( 6.0207)  9.000000 ( 6.0207)  9.000000 ( 6.0207)  9.000000 ( 6.0207)  9.000000 ( 6.0207)  9.000000 ( 6.0207)  9.000000 ( 6.0207)
Sphyraena_novaehollandiae    9.000000 ( 6.0207)  9.000000 ( 6.0207)  9.000000 ( 6.0207)  9.000000 ( 6.0207)  9.000000 ( 6.0207)  9.000000 ( 6.0207)  9.000000 ( 6.0207)  9.000000 ( 6.0207)  9.000000 ( 6.0207)  9.000000 ( 6.0207)  9.000000 ( 6.0207)  9.000000 ( 6.0207)  9.000000 ( 6.0207)  9.000000 ( 6.0207)  9.000000 ( 6.0207)  9.000000 ( 6.0207)  9.000000 ( 6.0207)  9.000000 ( 6.0207)  9.000000 ( 6.0207)  9.000000 ( 6.0207)  9.000000 ( 6.0207)  9.000000 ( 6.0207)  9.000000 ( 6.0207)  9.000000 ( 6.0207)  9.000000 ( 6.0207)  9.000000 ( 6.0207)  9.000000 ( 6.0207)  9.000000 ( 6.0207)  9.000000 ( 6.0207)  9.000000 ( 6.0207)  9.000000 ( 6.0207)  9.000000 ( 6.0207)  9.000000 ( 6.0207)  9.000000 ( 6.0207)  9.000000 ( 6.0207)  9.000000 ( 6.0207)  9.000000 ( 6.0207)  9.000000 ( 6.0207)  9.000000 ( 6.0207)  9.000000 ( 6.0207)  9.000000 ( 6.0207)  9.000000 ( 6.0207)  9.000000 ( 6.0207)
Sphyraena_chrysotaenia    9.000000 ( 6.0207)  9.000000 ( 6.0207)  9.000000 ( 6.0207)  9.000000 ( 6.0207)  9.000000 ( 6.0207)  9.000000 ( 6.0207)  9.000000 ( 6.0207)  9.000000 ( 6.0207)  9.000000 ( 6.0207)  9.000000 ( 6.0207)  9.000000 ( 6.0207)  9.000000 ( 6.0207)  9.000000 ( 6.0207)  9.000000 ( 6.0207)  9.000000 ( 6.0207)  9.000000 ( 6.0207)  9.000000 ( 6.0207)  9.000000 ( 6.0207)  9.000000 ( 6.0207)  9.000000 ( 6.0207)  9.000000 ( 6.0207)  9.000000 ( 6.0207)  9.000000 ( 6.0207)  9.000000 ( 6.0207)  9.000000 ( 6.0207)  9.000000 ( 6.0207)  9.000000 ( 6.0207)  9.000000 ( 6.0207)  9.000000 ( 6.0207)  9.000000 ( 6.0207)  9.000000 ( 6.0207)  9.000000 ( 6.0207)  9.000000 ( 6.0207)  9.000000 ( 6.0207)  9.000000 ( 6.0207)  9.000000 ( 6.0207)  9.000000 ( 6.0207)  9.000000 ( 6.0207)  9.000000 ( 6.0207)  9.000000 ( 6.0207)  9.000000 ( 6.0207)  9.000000 ( 6.0207)  9.000000 ( 6.0207)  9.000000 ( 6.0207)
Sphyraena_flavicauda    9.000000 ( 6.0207)  9.000000 ( 6.0207)  9.000000 ( 6.0207)  9.000000 ( 6.0207)  9.000000 ( 6.0207)  9.000000 ( 6.0207)  9.000000 ( 6.0207)  9.000000 ( 6.0207)  9.000000 ( 6.0207)  9.000000 ( 6.0207)  9.000000 ( 6.0207)  9.000000 ( 6.0207)  9.000000 ( 6.0207)  9.000000 ( 6.0207)  9.000000 ( 6.0207)  9.000000 ( 6.0207)  9.000000 ( 6.0207)  9.000000 ( 6.0207)  9.000000 ( 6.0207)  9.000000 ( 6.0207)  9.000000 ( 6.0207)  9.000000 ( 6.0207)  9.000000 ( 6.0207)  9.000000 ( 6.0207)  9.000000 ( 6.0207)  9.000000 ( 6.0207)  9.000000 ( 6.0207)  9.000000 ( 6.0207)  9.000000 ( 6.0207)  9.000000 ( 6.0207)  9.000000 ( 6.0207)  9.000000 ( 6.0207)  9.000000 ( 6.0207)  9.000000 ( 6.0207)  9.000000 ( 6.0207)  9.000000 ( 6.0207)  9.000000 ( 6.0207)  9.000000 ( 6.0207)  9.000000 ( 6.0207)  9.000000 ( 6.0207)  9.000000 ( 6.0207)  9.000000 ( 6.0207)  9.000000 ( 6.0207)  9.000000 ( 6.0207)  9.000000 ( 6.0207)
Centropomus_irae    9.000000 ( 6.0207)  9.000000 ( 6.0207)  9.000000 ( 6.0207)  9.000000 ( 6.0207)  9.000000 ( 6.0207)  9.000000 ( 6.0207)  9.000000 ( 6.0207)  9.000000 ( 6.0207)  9.000000 ( 6.0207)  9.000000 ( 6.0207)  9.000000 ( 6.0207)  9.000000 ( 6.0207)  9.000000 ( 6.0207)  9.000000 ( 6.0207)  9.000000 ( 6.0207)  9.000000 ( 6.0207)  9.000000 ( 6.0207)  9.000000 ( 6.0207)  9.000000 ( 6.0207)  9.000000 ( 6.0207)  9.000000 ( 6.0207)  9.000000 ( 6.0207)  9.000000 ( 6.0207)  9.000000 ( 6.0207)  9.000000 ( 6.0207)  9.000000 ( 6.0207)  9.000000 ( 6.0207)  9.000000 ( 6.0207)  9.000000 ( 6.0207)  9.000000 ( 6.0207)  9.000000 ( 6.0207)  9.000000 ( 6.0207)  9.000000 ( 6.0207)  9.000000 ( 6.0207)  9.000000 ( 6.0207)  9.000000 ( 6.0207)  9.000000 ( 6.0207)  9.000000 ( 6.0207)  9.000000 ( 6.0207)  9.000000 ( 6.0207)  9.000000 ( 6.0207)  9.000000 ( 6.0207)  9.000000 ( 6.0207)  9.000000 ( 6.0207)  9.000000 ( 6.0207)  9.000000 ( 6.0207)
Centropomus_poeyi    9.000000 ( 6.0207)  9.000000 ( 6.0207)  9.000000 ( 6.0207)  9.000000 ( 6.0207)  9.000000 ( 6.0207)  9.000000 ( 6.0207)  9.000000 ( 6.0207)  9.000000 ( 6.0207)  9.000000 ( 6.0207)  9.000000 ( 6.0207)  9.000000 ( 6.0207)  9.000000 ( 6.0207)  9.000000 ( 6.0207)  9.000000 ( 6.0207)  9.000000 ( 6.0207)  9.000000 ( 6.0207)  9.000000 ( 6.0207)  9.000000 ( 6.0207)  9.000000 ( 6.0207)  9.000000 ( 6.0207)  9.000000 ( 6.0207)  9.000000 ( 6.0207)  9.000000 ( 6.0207)  9.000000 ( 6.0207)  9.000000 ( 6.0207)  9.000000 ( 6.0207)  9.000000 ( 6.0207)  9.000000 ( 6.0207)  9.000000 ( 6.0207)  9.000000 ( 6.0207)  9.000000 ( 6.0207)  9.000000 ( 6.0207)  9.000000 ( 6.0207)  9.000000 ( 6.0207)  9.000000 ( 6.0207)  9.000000 ( 6.0207)  9.000000 ( 6.0207)  9.000000 ( 6.0207)  9.000000 ( 6.0207)  9.000000 ( 6.0207)  9.000000 ( 6.0207)  9.000000 ( 6.0207)  9.000000 ( 6.0207)  9.000000 ( 6.0207)  9.000000 ( 6.0207)  9.000000 ( 6.0207)  9.000000 ( 6.0207)
Centropomus_mexicanus    9.000000 ( 6.0207)  9.000000 ( 6.0207)  9.000000 ( 6.0207)  9.000000 ( 6.0207)  9.000000 ( 6.0207)  9.000000 ( 6.0207)  9.000000 ( 6.0207)  9.000000 ( 6.0207)  9.000000 ( 6.0207)  9.000000 ( 6.0207)  9.000000 ( 6.0207)  9.000000 ( 6.0207)  9.000000 ( 6.0207)  9.000000 ( 6.0207)  9.000000 ( 6.0207)  9.000000 ( 6.0207)  9.000000 ( 6.0207)  9.000000 ( 6.0207)  9.000000 ( 6.0207)  9.000000 ( 6.0207)  9.000000 ( 6.0207)  9.000000 ( 6.0207)  9.000000 ( 6.0207)  9.000000 ( 6.0207)  9.000000 ( 6.0207)  9.000000 ( 6.0207)  9.000000 ( 6.0207)  9.000000 ( 6.0207)  9.000000 ( 6.0207)  9.000000 ( 6.0207)  9.000000 ( 6.0207)  9.000000 ( 6.0207)  9.000000 ( 6.0207)  9.000000 ( 6.0207)  9.000000 ( 6.0207)  9.000000 ( 6.0207)  9.000000 ( 6.0207)  9.000000 ( 6.0207)  9.000000 ( 6.0207)  9.000000 ( 6.0207)  9.000000 ( 6.0207)  9.000000 ( 6.0207)  9.000000 ( 6.0207)  9.000000 ( 6.0207)  9.000000 ( 6.0207)  9.000000 ( 6.0207)  9.000000 ( 6.0207)  9.000000 ( 6.0207)
Centropomus_parallelus    9.000000 ( 6.0207)  9.000000 ( 6.0207)  9.000000 ( 6.0207)  9.000000 ( 6.0207)  9.000000 ( 6.0207)  9.000000 ( 6.0207)  9.000000 ( 6.0207)  9.000000 ( 6.0207)  9.000000 ( 6.0207)  9.000000 ( 6.0207)  9.000000 ( 6.0207)  9.000000 ( 6.0207)  9.000000 ( 6.0207)  9.000000 ( 6.0207)  9.000000 ( 6.0207)  9.000000 ( 6.0207)  9.000000 ( 6.0207)  9.000000 ( 6.0207)  9.000000 ( 6.0207)  9.000000 ( 6.0207)  9.000000 ( 6.0207)  9.000000 ( 6.0207)  9.000000 ( 6.0207)  9.000000 ( 6.0207)  9.000000 ( 6.0207)  9.000000 ( 6.0207)  9.000000 ( 6.0207)  9.000000 ( 6.0207)  9.000000 ( 6.0207)  9.000000 ( 6.0207)  9.000000 ( 6.0207)  9.000000 ( 6.0207)  9.000000 ( 6.0207)  9.000000 ( 6.0207)  9.000000 ( 6.0207)  9.000000 ( 6.0207)  9.000000 ( 6.0207)  9.000000 ( 6.0207)  9.000000 ( 6.0207)  9.000000 ( 6.0207)  9.000000 ( 6.0207)  9.000000 ( 6.0207)  9.000000 ( 6.0207)  9.000000 ( 6.0207)  9.000000 ( 6.0207)  9.000000 ( 6.0207)  9.000000 ( 6.0207)  9.000000 ( 6.0207)  9.000000 ( 6.0207)
Hypopterus_macropterus    9.000000 ( 6.0207)  9.000000 ( 6.0207)  9.000000 ( 6.0207)  9.000000 ( 6.0207)  9.000000 ( 6.0207)  9.000000 ( 6.0207)  9.000000 ( 6.0207)  9.000000 ( 6.0207)  9.000000 ( 6.0207)  9.000000 ( 6.0207)  9.000000 ( 6.0207)  9.000000 ( 6.0207)  9.000000 ( 6.0207)  9.000000 ( 6.0207)  9.000000 ( 6.0207)  9.000000 ( 6.0207)  9.000000 ( 6.0207)  9.000000 ( 6.0207)  9.000000 ( 6.0207)  9.000000 ( 6.0207)  9.000000 ( 6.0207)  9.000000 ( 6.0207)  9.000000 ( 6.0207)  9.000000 ( 6.0207)  9.000000 ( 6.0207)  9.000000 ( 6.0207)  9.000000 ( 6.0207)  9.000000 ( 6.0207)  9.000000 ( 6.0207)  9.000000 ( 6.0207)  9.000000 ( 6.0207)  9.000000 ( 6.0207)  9.000000 ( 6.0207)  9.000000 ( 6.0207)  9.000000 ( 6.0207)  9.000000 ( 6.0207)  9.000000 ( 6.0207)  9.000000 ( 6.0207)  9.000000 ( 6.0207)  9.000000 ( 6.0207)  9.000000 ( 6.0207)  9.000000 ( 6.0207)  9.000000 ( 6.0207)  9.000000 ( 6.0207)  9.000000 ( 6.0207)  9.000000 ( 6.0207)  9.000000 ( 6.0207)  9.000000 ( 6.0207)  9.000000 ( 6.0207)  9.000000 ( 6.0207)
Sphyraena_acutipinnis    9.000000 ( 6.0207)  9.000000 ( 6.0207)  9.000000 ( 6.0207)  9.000000 ( 6.0207)  9.000000 ( 6.0207)  9.000000 ( 6.0207)  9.000000 ( 6.0207)  9.000000 ( 6.0207)  9.000000 ( 6.0207)  9.000000 ( 6.0207)  9.000000 ( 6.0207)  9.000000 ( 6.0207)  9.000000 ( 6.0207)  9.000000 ( 6.0207)  9.000000 ( 6.0207)  9.000000 ( 6.0207)  9.000000 ( 6.0207)  9.000000 ( 6.0207)  9.000000 ( 6.0207)  9.000000 ( 6.0207)  9.000000 ( 6.0207)  9.000000 ( 6.0207)  9.000000 ( 6.0207)  9.000000 ( 6.0207)  9.000000 ( 6.0207)  9.000000 ( 6.0207)  9.000000 ( 6.0207)  9.000000 ( 6.0207)  9.000000 ( 6.0207)  9.000000 ( 6.0207)  9.000000 ( 6.0207)  9.000000 ( 6.0207)  9.000000 ( 6.0207)  9.000000 ( 6.0207)  9.000000 ( 6.0207)  9.000000 ( 6.0207)  9.000000 ( 6.0207)  9.000000 ( 6.0207)  9.000000 ( 6.0207)  9.000000 ( 6.0207)  9.000000 ( 6.0207)  9.000000 ( 6.0207)  9.000000 ( 6.0207)  9.000000 ( 6.0207)  9.000000 ( 6.0207)  9.000000 ( 6.0207)  9.000000 ( 6.0207)  9.000000 ( 6.0207)  9.000000 ( 6.0207)  9.000000 ( 6.0207)  9.000000 ( 6.0207)
Sphyraena_waitii    9.000000 ( 6.0207)  9.000000 ( 6.0207)  9.000000 ( 6.0207)  9.000000 ( 6.0207)  9.000000 ( 6.0207)  9.000000 ( 6.0207)  9.000000 ( 6.0207)  9.000000 ( 6.0207)  9.000000 ( 6.0207)  9.000000 ( 6.0207)  9.000000 ( 6.0207)  9.000000 ( 6.0207)  9.000000 ( 6.0207)  9.000000 ( 6.0207)  9.000000 ( 6.0207)  9.000000 ( 6.0207)  9.000000 ( 6.0207)  9.000000 ( 6.0207)  9.000000 ( 6.0207)  9.000000 ( 6.0207)  9.000000 ( 6.0207)  9.000000 ( 6.0207)  9.000000 ( 6.0207)  9.000000 ( 6.0207)  9.000000 ( 6.0207)  9.000000 ( 6.0207)  9.000000 ( 6.0207)  9.000000 ( 6.0207)  9.000000 ( 6.0207)  9.000000 ( 6.0207)  9.000000 ( 6.0207)  9.000000 ( 6.0207)  9.000000 ( 6.0207)  9.000000 ( 6.0207)  9.000000 ( 6.0207)  9.000000 ( 6.0207)  9.000000 ( 6.0207)  9.000000 ( 6.0207)  9.000000 ( 6.0207)  9.000000 ( 6.0207)  9.000000 ( 6.0207)  9.000000 ( 6.0207)  9.000000 ( 6.0207)  9.000000 ( 6.0207)  9.000000 ( 6.0207)  9.000000 ( 6.0207)  9.000000 ( 6.0207)  9.000000 ( 6.0207)  9.000000 ( 6.0207)  9.000000 ( 6.0207)  9.000000 ( 6.0207)  9.000000 ( 6.0207)

TREE #  1:  (((((14, 40), 21), 41), (((11, 12), (13, 1)), (((3, ((2, 7), 9)), ((6, 4), ((((48, (8, 47)), 10), 5), (50, 49)))), ((((30, ((24, (32, (52, 53))), 44)), ((39, 42), 43)), (((31, 45), 36), (34, 46))), (37, (((35, (27, (26, 29))), 28), (38, (25, 33)))))))), ((51, 23), ((((15, 18), 20), 19), (16, 17))), 22);  MP score: -1.00
lnL(ntime:103  np:105):  -1173.105325    +0.000000
  54..55   55..56   56..57   57..58   58..14   58..40   57..21   56..41   55..59   59..60   60..61   61..11   61..12   60..62   62..13   62..1    59..63   63..64   64..65   65..3    65..66   66..67   67..2    67..7    66..9    64..68   68..69   69..6    69..4    68..70   70..71   71..72   72..73   73..48   73..74   74..8    74..47   72..10   71..5    70..75   75..50   75..49   63..76   76..77   77..78   78..79   79..30   79..80   80..81   81..24   81..82   82..32   82..83   83..52   83..53   80..44   78..84   84..85   85..39   85..42   84..43   77..86   86..87   87..88   88..31   88..45   87..36   86..89   89..34   89..46   76..90   90..37   90..91   91..92   92..93   93..35   93..94   94..27   94..95   95..26   95..29   92..28   91..96   96..38   96..97   97..25   97..33   54..98   98..99   99..51   99..23   98..100 100..101 101..102 102..103 103..15  103..18  102..20  101..19  100..104 104..16  104..17   54..22 
 0.017604 0.011978 0.053480 0.000872 0.003756 0.011859 0.000004 0.015616 0.001453 0.099101 0.040436 0.078043 0.107497 0.013871 0.108870 0.098123 0.000057 0.022845 0.004987 0.004465 0.002560 0.000004 0.006992 0.000004 0.002300 0.002068 0.011466 0.002306 0.000004 0.000004 0.005113 0.002682 0.000024 0.035053 0.000004 0.000004 0.088866 0.063659 0.000004 0.063145 0.077027 0.051682 0.023229 0.014628 0.000004 0.078180 0.048736 0.013003 0.018749 0.109176 0.053121 0.023136 0.053091 0.067585 0.014161 0.077120 0.005926 0.000005 0.083828 0.003459 0.071973 0.025607 0.053642 0.031958 0.086867 0.028964 0.052720 0.077819 0.030257 0.031674 0.015631 0.022868 0.000004 0.000363 0.004874 0.046264 0.001769 0.007051 0.000004 0.000004 0.000004 0.010364 0.000004 0.039975 0.000004 0.000004 0.109098 0.090908 0.048106 0.078811 0.040171 0.106319 0.059492 0.100217 0.055016 0.095638 0.045803 0.097405 0.069123 0.042221 0.090980 0.086010 0.048073 7.253250 0.341500
