
BASEML (in paml version 4.10.10, 29 Jan 2026)  tmp0004.txt  HKY85 dGamma (ncatG=5)
Frequencies..
                                    T      C      A      G
Caranx_caninus                 0.28084 0.32021 0.26378 0.13517 GC = 0.455
Centropomus_armatus            0.29028 0.31714 0.25320 0.13939 GC = 0.457
Centropomus_ensiferus          0.29668 0.30818 0.25064 0.14450 GC = 0.453
Centropomus_medius             0.28005 0.32609 0.24680 0.14706 GC = 0.473
Centropomus_nigrescens         0.27749 0.32992 0.24680 0.14578 GC = 0.476
Centropomus_pectinatus         0.27749 0.32864 0.24936 0.14450 GC = 0.473
Centropomus_robalito           0.29577 0.31127 0.25211 0.14085 GC = 0.452
Centropomus_undecimalis        0.25064 0.36061 0.25064 0.13811 GC = 0.499
Centropomus_unionensis         0.25000 0.25000 0.25000 0.25000 GC = 0.500
Centropomus_viridis            0.26854 0.33504 0.25959 0.13683 GC = 0.472
Coryphaena_equiselis           0.31841 0.29668 0.22506 0.15985 GC = 0.457
Echeneis_naucrates             0.30563 0.26598 0.28005 0.14834 GC = 0.414
Gnathanodon_speciosus          0.27621 0.33376 0.25064 0.13939 GC = 0.473
Istiophorus_platypterus        0.27621 0.35422 0.21995 0.14962 GC = 0.504
Lates_angustifrons             0.25000 0.25000 0.25000 0.25000 GC = 0.500
Lates_calcarifer               0.31715 0.28802 0.24272 0.15211 GC = 0.440
Lates_japonicus                0.26087 0.35038 0.24297 0.14578 GC = 0.496
Lates_microlepis               0.25000 0.25000 0.25000 0.25000 GC = 0.500
Lates_niloticus                0.29032 0.31226 0.25806 0.13935 GC = 0.452
Lates_stappersii               0.25000 0.25000 0.25000 0.25000 GC = 0.500
Makaira_nigricans              0.27704 0.35092 0.22032 0.15172 GC = 0.503
Nematistius_pectoralis         0.28005 0.33376 0.24169 0.14450 GC = 0.478
Psammoperca_waigiensis         0.27110 0.32481 0.24425 0.15985 GC = 0.485
Sphyraena_africana             0.32225 0.28261 0.22379 0.17136 GC = 0.454
Sphyraena_barracuda            0.26726 0.32481 0.26215 0.14578 GC = 0.471
Sphyraena_borealis             0.25000 0.25000 0.25000 0.25000 GC = 0.500
Sphyraena_ensis                0.25000 0.25000 0.25000 0.25000 GC = 0.500
Sphyraena_forsteri             0.28900 0.30691 0.25192 0.15217 GC = 0.459
Sphyraena_guachancho           0.25000 0.25000 0.25000 0.25000 GC = 0.500
Sphyraena_helleri              0.28645 0.32097 0.22379 0.16880 GC = 0.490
Sphyraena_iburiensis           0.27238 0.32992 0.21867 0.17903 GC = 0.509
Sphyraena_japonica             0.30818 0.29668 0.21739 0.17775 GC = 0.474
Sphyraena_jello                0.25000 0.25000 0.25000 0.25000 GC = 0.500
Sphyraena_obtusata             0.29795 0.30946 0.23529 0.15729 GC = 0.467
Sphyraena_picudilla            0.25000 0.25000 0.25000 0.25000 GC = 0.500
Sphyraena_pinguis              0.27110 0.32737 0.23657 0.16496 GC = 0.492
Sphyraena_putnamae             0.28312 0.28571 0.27273 0.15844 GC = 0.444
Sphyraena_qenie                0.26598 0.33248 0.26343 0.13811 GC = 0.471
Sphyraena_viridensis           0.28133 0.30946 0.24680 0.16240 GC = 0.472
Tetrapturus_audax              0.27621 0.35038 0.22123 0.15217 GC = 0.503
Xiphias_gladius                0.26598 0.35678 0.23018 0.14706 GC = 0.504
Sphyraena_argentea             0.25000 0.25000 0.25000 0.25000 GC = 0.500
Sphyraena_idiastes             0.25000 0.25000 0.25000 0.25000 GC = 0.500
Sphyraena_novaehollandiae      0.25000 0.25000 0.25000 0.25000 GC = 0.500
Sphyraena_chrysotaenia         0.25000 0.25000 0.25000 0.25000 GC = 0.500
Sphyraena_flavicauda           0.25000 0.25000 0.25000 0.25000 GC = 0.500
Centropomus_irae               0.26272 0.34663 0.25034 0.14030 GC = 0.487
Centropomus_poeyi              0.25587 0.37859 0.22193 0.14360 GC = 0.522
Centropomus_mexicanus          0.28460 0.33943 0.24543 0.13055 GC = 0.470
Centropomus_parallelus         0.28720 0.31399 0.26190 0.13690 GC = 0.451
Hypopterus_macropterus         0.25000 0.25000 0.25000 0.25000 GC = 0.500
Sphyraena_acutipinnis          0.25000 0.25000 0.25000 0.25000 GC = 0.500
Sphyraena_waitii               0.25000 0.25000 0.25000 0.25000 GC = 0.500

Homogeneity statistic: X2 = 1.06701 G = 1.04151 

Average                        0.28218 0.32406 0.24374 0.15002
(Ambiguity characters are used to calculate freqs.)


# constant sites:      0 (0.00%)
Distances:HKY85 (kappa)  (alpha set at 0.50)
This matrix is not used in later m.l. analysis.

(Pairwise deletion.)
Caranx_caninus   
Centropomus_armatus    0.397155 ( 2.3634)
Centropomus_ensiferus    0.424498 ( 2.7302)  0.186363 (12.1987)
Centropomus_medius    0.417970 ( 2.6632)  0.271818 (12.4576)  0.267363 (13.5789)
Centropomus_nigrescens    0.460577 ( 3.3907)  0.288718 ( 9.6533)  0.278240 ( 9.2328)  0.191939 (10.3798)
Centropomus_pectinatus    0.405997 ( 2.2470)  0.255291 (12.9031)  0.274728 (15.6879)  0.094291 (20.5971)  0.187575 ( 8.9800)
Centropomus_robalito    0.394555 ( 2.2680)  0.005164 (999.0000)  0.179791 (11.0968)  0.263107 (10.5624)  0.283520 ( 8.2386)  0.250210 (11.1156)
Centropomus_undecimalis    0.340483 ( 1.9552)  0.211706 ( 6.9251)  0.241638 ( 8.9483)  0.182847 ( 7.3969)  0.189646 ( 8.1712)  0.185429 ( 7.5422)  0.214924 ( 6.0891)
Centropomus_unionensis    9.000000 ( 6.0891)  9.000000 ( 6.0891)  9.000000 ( 6.0891)  9.000000 ( 6.0891)  9.000000 ( 6.0891)  9.000000 ( 6.0891)  9.000000 ( 6.0891)  9.000000 ( 6.0891)
Centropomus_viridis    0.412024 ( 2.4725)  0.230176 ( 7.7295)  0.245052 ( 8.3453)  0.207548 ( 7.8408)  0.170277 ( 7.1685)  0.209199 ( 7.9319)  0.235158 ( 6.8943)  0.108588 ( 7.5482)  9.000000 ( 7.5482)
Coryphaena_equiselis    0.450765 ( 2.7904)  0.497311 ( 2.8676)  0.551076 ( 3.2184)  0.503242 ( 3.5032)  0.484168 ( 3.7536)  0.438196 ( 2.8155)  0.491506 ( 2.6751)  0.492579 ( 3.7551)  9.000000 ( 3.7551)  0.468347 ( 2.9932)
Echeneis_naucrates    0.530463 ( 2.5973)  0.492852 ( 3.1783)  0.496179 ( 3.5642)  0.518470 ( 4.3013)  0.536258 ( 3.4420)  0.460654 ( 3.4262)  0.478849 ( 2.9774)  0.503766 ( 3.7312)  9.000000 ( 3.7312)  0.455643 ( 3.0488)  0.567310 ( 2.6090)
Gnathanodon_speciosus    0.349266 ( 1.9703)  0.328296 ( 3.5356)  0.359819 ( 3.8225)  0.363634 ( 3.9991)  0.385549 ( 3.9937)  0.351859 ( 4.2993)  0.331996 ( 3.4626)  0.323380 ( 2.7897)  9.000000 ( 2.7897)  0.357441 ( 3.1076)  0.502306 ( 3.3959)  0.481351 ( 2.4572)
Istiophorus_platypterus    0.414374 ( 1.9771)  0.420091 ( 5.1808)  0.402504 ( 4.3661)  0.380627 ( 4.3988)  0.340350 ( 3.6259)  0.316151 ( 3.5682)  0.412761 ( 4.6055)  0.311332 ( 3.0802)  9.000000 ( 3.0802)  0.318940 ( 3.2143)  0.458911 ( 2.6962)  0.492685 ( 2.7612)  0.321003 ( 3.3135)
Lates_angustifrons    9.000000 ( 3.3135)  9.000000 ( 3.3135)  9.000000 ( 3.3135)  9.000000 ( 3.3135)  9.000000 ( 3.3135)  9.000000 ( 3.3135)  9.000000 ( 3.3135)  9.000000 ( 3.3135)  9.000000 ( 3.3135)  9.000000 ( 3.3135)  9.000000 ( 3.3135)  9.000000 ( 3.3135)  9.000000 ( 3.3135)  9.000000 ( 3.3135)
Lates_calcarifer    0.442967 ( 3.0634)  0.453313 ( 4.0026)  0.376348 ( 3.2043)  0.363578 ( 3.5674)  0.299960 ( 3.6243)  0.314063 ( 2.6050)  0.439135 ( 3.8231)  0.351468 ( 4.5301)  9.000000 ( 4.5301)  0.373016 ( 3.4574)  0.511897 ( 5.4799)  0.701952 ( 4.3760)  0.393563 ( 3.9919)  0.336082 ( 5.2936)  9.000000 ( 5.2936)
Lates_japonicus    0.410305 ( 1.6526)  0.376754 ( 4.2048)  0.359243 ( 3.6964)  0.363355 ( 4.3611)  0.348907 ( 3.9905)  0.366529 ( 4.4230)  0.361489 ( 3.6642)  0.300232 ( 4.2838)  9.000000 ( 4.2838)  0.311587 ( 3.5099)  0.489429 ( 3.7043)  0.507843 ( 2.9101)  0.340690 ( 3.2105)  0.310468 ( 3.0477)  9.000000 ( 3.0477)  0.220431 (10.8067)
Lates_microlepis    9.000000 (10.8067)  9.000000 (10.8067)  9.000000 (10.8067)  9.000000 (10.8067)  9.000000 (10.8067)  9.000000 (10.8067)  9.000000 (10.8067)  9.000000 (10.8067)  9.000000 (10.8067)  9.000000 (10.8067)  9.000000 (10.8067)  9.000000 (10.8067)  9.000000 (10.8067)  9.000000 (10.8067)  9.000000 (10.8067)  9.000000 (10.8067)  9.000000 (10.8067)
Lates_niloticus    0.445890 ( 2.7595)  0.430202 ( 4.6385)  0.395094 ( 4.6030)  0.388206 ( 5.4975)  0.423261 ( 5.9862)  0.394533 ( 5.6219)  0.409234 ( 3.9820)  0.309949 ( 4.5764)  9.000000 ( 4.5764)  0.327614 ( 3.8681)  0.451037 ( 3.9236)  0.500773 ( 2.8978)  0.368950 ( 3.4923)  0.385784 ( 3.9607)  9.000000 ( 3.9607)  0.230089 (10.0831)  0.180517 ( 8.0384)  9.000000 ( 8.0384)
Lates_stappersii    9.000000 ( 8.0384)  9.000000 ( 8.0384)  9.000000 ( 8.0384)  9.000000 ( 8.0384)  9.000000 ( 8.0384)  9.000000 ( 8.0384)  9.000000 ( 8.0384)  9.000000 ( 8.0384)  9.000000 ( 8.0384)  9.000000 ( 8.0384)  9.000000 ( 8.0384)  9.000000 ( 8.0384)  9.000000 ( 8.0384)  9.000000 ( 8.0384)  9.000000 ( 8.0384)  9.000000 ( 8.0384)  9.000000 ( 8.0384)  9.000000 ( 8.0384)  9.000000 ( 8.0384)
Makaira_nigricans    0.426073 ( 2.0689)  0.389784 ( 4.2963)  0.413935 ( 4.2861)  0.357273 ( 3.9124)  0.335237 ( 3.4431)  0.339245 ( 3.6279)  0.375141 ( 3.7903)  0.320569 ( 3.1241)  9.000000 ( 3.1241)  0.312815 ( 3.0197)  0.482825 ( 3.0344)  0.497662 ( 2.6625)  0.312536 ( 2.8755)  0.050388 (31.9390)  9.000000 (31.9390)  0.331888 ( 5.2134)  0.305804 ( 2.6922)  9.000000 ( 2.6922)  0.351217 ( 3.2246)  9.000000 ( 3.2246)
Nematistius_pectoralis    0.378518 ( 2.3460)  0.403389 ( 4.1172)  0.400881 ( 4.5658)  0.347612 ( 4.8729)  0.370791 ( 4.5877)  0.326919 ( 4.4789)  0.392198 ( 3.7603)  0.312030 ( 3.9453)  9.000000 ( 3.9453)  0.339751 ( 3.7335)  0.510018 ( 5.0427)  0.540325 ( 2.8965)  0.381601 ( 2.8402)  0.272913 ( 2.8005)  9.000000 ( 2.8005)  0.374289 ( 5.8248)  0.358483 ( 4.2435)  9.000000 ( 4.2435)  0.337060 ( 4.6350)  9.000000 ( 4.6350)  0.274195 ( 2.7296)
Psammoperca_waigiensis    0.454878 ( 2.0588)  0.408101 ( 3.8129)  0.417308 ( 3.5328)  0.409671 ( 4.6551)  0.387954 ( 4.1862)  0.362972 ( 4.1518)  0.430380 ( 3.7653)  0.369901 ( 4.0420)  9.000000 ( 4.0420)  0.329041 ( 3.6156)  0.516858 ( 3.5039)  0.520396 ( 2.7643)  0.388631 ( 3.3442)  0.294051 ( 3.4387)  9.000000 ( 3.4387)  0.359009 ( 3.7981)  0.291598 ( 2.7687)  9.000000 ( 2.7687)  0.317396 ( 3.8066)  9.000000 ( 3.8066)  0.290765 ( 3.2797)  0.349729 ( 4.1358)
Sphyraena_africana    0.553807 ( 2.6389)  0.506373 ( 4.2668)  0.448616 ( 3.7715)  0.534157 ( 4.2715)  0.511965 ( 3.7206)  0.519243 ( 4.3137)  0.503524 ( 3.8171)  0.426611 ( 3.9878)  9.000000 ( 3.9878)  0.441917 ( 3.6048)  0.637127 ( 4.3730)  0.542113 ( 3.1542)  0.551311 ( 3.5764)  0.552467 ( 3.8376)  9.000000 ( 3.8376)  0.726351 ( 6.0127)  0.533070 ( 4.4517)  9.000000 ( 4.4517)  0.583237 ( 4.8005)  9.000000 ( 4.8005)  0.565416 ( 3.8013)  0.549903 ( 4.6316)  0.533983 ( 4.5264)
Sphyraena_barracuda    0.406839 ( 1.9617)  0.340285 ( 3.8092)  0.353492 ( 3.7977)  0.379800 ( 4.8760)  0.349180 ( 3.9570)  0.366655 ( 4.3847)  0.322846 ( 3.2509)  0.346394 ( 4.0558)  9.000000 ( 4.0558)  0.337584 ( 3.9190)  0.523275 ( 3.5161)  0.537021 ( 3.5156)  0.373139 ( 3.4602)  0.363046 ( 3.6232)  9.000000 ( 3.6232)  0.305121 ( 2.9685)  0.314702 ( 3.4865)  9.000000 ( 3.4865)  0.311833 ( 3.8574)  9.000000 ( 3.8574)  0.344957 ( 3.2328)  0.408159 ( 5.0504)  0.364429 ( 4.6362)  0.445020 ( 6.1287)
Sphyraena_borealis    9.000000 ( 6.1287)  9.000000 ( 6.1287)  9.000000 ( 6.1287)  9.000000 ( 6.1287)  9.000000 ( 6.1287)  9.000000 ( 6.1287)  9.000000 ( 6.1287)  9.000000 ( 6.1287)  9.000000 ( 6.1287)  9.000000 ( 6.1287)  9.000000 ( 6.1287)  9.000000 ( 6.1287)  9.000000 ( 6.1287)  9.000000 ( 6.1287)  9.000000 ( 6.1287)  9.000000 ( 6.1287)  9.000000 ( 6.1287)  9.000000 ( 6.1287)  9.000000 ( 6.1287)  9.000000 ( 6.1287)  9.000000 ( 6.1287)  9.000000 ( 6.1287)  9.000000 ( 6.1287)  9.000000 ( 6.1287)  9.000000 ( 6.1287)
Sphyraena_ensis    9.000000 ( 6.1287)  9.000000 ( 6.1287)  9.000000 ( 6.1287)  9.000000 ( 6.1287)  9.000000 ( 6.1287)  9.000000 ( 6.1287)  9.000000 ( 6.1287)  9.000000 ( 6.1287)  9.000000 ( 6.1287)  9.000000 ( 6.1287)  9.000000 ( 6.1287)  9.000000 ( 6.1287)  9.000000 ( 6.1287)  9.000000 ( 6.1287)  9.000000 ( 6.1287)  9.000000 ( 6.1287)  9.000000 ( 6.1287)  9.000000 ( 6.1287)  9.000000 ( 6.1287)  9.000000 ( 6.1287)  9.000000 ( 6.1287)  9.000000 ( 6.1287)  9.000000 ( 6.1287)  9.000000 ( 6.1287)  9.000000 ( 6.1287)  9.000000 ( 6.1287)
Sphyraena_forsteri    0.399496 ( 2.3331)  0.381413 ( 4.8563)  0.384361 ( 4.9105)  0.375292 ( 5.1806)  0.366959 ( 3.6389)  0.326733 ( 4.0155)  0.358210 ( 4.6183)  0.336494 ( 3.9517)  9.000000 ( 3.9517)  0.357153 ( 3.8512)  0.513117 ( 3.6518)  0.484238 ( 3.7329)  0.406533 ( 4.4749)  0.346677 ( 4.1197)  9.000000 ( 4.1197)  0.352105 ( 4.2922)  0.377499 ( 4.3778)  9.000000 ( 4.3778)  0.366738 ( 3.9387)  9.000000 ( 3.9387)  0.342356 ( 3.6926)  0.383698 ( 3.9734)  0.382200 ( 3.5824)  0.473679 ( 5.7783)  0.262341 ( 7.7599)  9.000000 ( 7.7599)  9.000000 ( 7.7599)
Sphyraena_guachancho    9.000000 ( 7.7599)  9.000000 ( 7.7599)  9.000000 ( 7.7599)  9.000000 ( 7.7599)  9.000000 ( 7.7599)  9.000000 ( 7.7599)  9.000000 ( 7.7599)  9.000000 ( 7.7599)  9.000000 ( 7.7599)  9.000000 ( 7.7599)  9.000000 ( 7.7599)  9.000000 ( 7.7599)  9.000000 ( 7.7599)  9.000000 ( 7.7599)  9.000000 ( 7.7599)  9.000000 ( 7.7599)  9.000000 ( 7.7599)  9.000000 ( 7.7599)  9.000000 ( 7.7599)  9.000000 ( 7.7599)  9.000000 ( 7.7599)  9.000000 ( 7.7599)  9.000000 ( 7.7599)  9.000000 ( 7.7599)  9.000000 ( 7.7599)  9.000000 ( 7.7599)  9.000000 ( 7.7599)  9.000000 ( 7.7599)
Sphyraena_helleri    0.578905 ( 2.9938)  0.518919 ( 3.8005)  0.558471 ( 3.8432)  0.533496 ( 4.0609)  0.559304 ( 4.0389)  0.485136 ( 3.9124)  0.491225 ( 3.5769)  0.500114 ( 3.7015)  9.000000 ( 3.7015)  0.501428 ( 3.2045)  0.547559 ( 4.4554)  0.623998 ( 3.5502)  0.487376 ( 3.2777)  0.482590 ( 4.0636)  9.000000 ( 4.0636)  0.437754 ( 3.3148)  0.529011 ( 4.0026)  9.000000 ( 4.0026)  0.557325 ( 4.0789)  9.000000 ( 4.0789)  0.446972 ( 3.8982)  0.508289 ( 4.8230)  0.553218 ( 4.3228)  0.480166 ( 6.9715)  0.496189 ( 5.4435)  9.000000 ( 5.4435)  9.000000 ( 5.4435)  0.521592 ( 5.9115)  9.000000 ( 5.9115)
Sphyraena_iburiensis    0.503721 ( 2.8796)  0.432936 ( 3.2142)  0.415841 ( 3.3703)  0.497006 ( 3.8701)  0.423593 ( 2.7788)  0.444923 ( 3.4544)  0.408275 ( 3.1249)  0.407775 ( 3.9912)  9.000000 ( 3.9912)  0.413245 ( 3.4627)  0.559704 ( 3.9927)  0.563588 ( 3.8723)  0.500599 ( 4.0057)  0.457280 ( 3.5883)  9.000000 ( 3.5883)  0.437890 ( 4.5848)  0.405516 ( 3.5229)  9.000000 ( 3.5229)  0.458076 ( 3.9649)  9.000000 ( 3.9649)  0.419315 ( 2.9180)  0.474799 ( 4.6448)  0.413497 ( 3.6677)  0.430142 ( 3.9231)  0.388236 ( 3.0832)  9.000000 ( 3.0832)  9.000000 ( 3.0832)  0.381107 ( 3.6215)  9.000000 ( 3.6215)  0.516727 ( 3.9660)
Sphyraena_japonica    0.559747 ( 3.2235)  0.495938 ( 5.0650)  0.497369 ( 4.6004)  0.474268 ( 4.1838)  0.506252 ( 4.2522)  0.441238 ( 3.9740)  0.503255 ( 4.7551)  0.467665 ( 4.3198)  9.000000 ( 4.3198)  0.484194 ( 4.5690)  0.568299 ( 3.5171)  0.658728 ( 3.2021)  0.563842 ( 3.8800)  0.560986 ( 4.7677)  9.000000 ( 4.7677)  0.585347 ( 4.4663)  0.503814 ( 4.3188)  9.000000 ( 4.3188)  0.606402 ( 4.8206)  9.000000 ( 4.8206)  0.567225 ( 4.5566)  0.527972 ( 5.0703)  0.501739 ( 4.3510)  0.249449 ( 7.9631)  0.471679 ( 5.9306)  9.000000 ( 5.9306)  9.000000 ( 5.9306)  0.534159 ( 6.7407)  9.000000 ( 6.7407)  0.429899 ( 6.7728)  0.534520 ( 4.5900)
Sphyraena_jello    9.000000 ( 4.5900)  9.000000 ( 4.5900)  9.000000 ( 4.5900)  9.000000 ( 4.5900)  9.000000 ( 4.5900)  9.000000 ( 4.5900)  9.000000 ( 4.5900)  9.000000 ( 4.5900)  9.000000 ( 4.5900)  9.000000 ( 4.5900)  9.000000 ( 4.5900)  9.000000 ( 4.5900)  9.000000 ( 4.5900)  9.000000 ( 4.5900)  9.000000 ( 4.5900)  9.000000 ( 4.5900)  9.000000 ( 4.5900)  9.000000 ( 4.5900)  9.000000 ( 4.5900)  9.000000 ( 4.5900)  9.000000 ( 4.5900)  9.000000 ( 4.5900)  9.000000 ( 4.5900)  9.000000 ( 4.5900)  9.000000 ( 4.5900)  9.000000 ( 4.5900)  9.000000 ( 4.5900)  9.000000 ( 4.5900)  9.000000 ( 4.5900)  9.000000 ( 4.5900)  9.000000 ( 4.5900)  9.000000 ( 4.5900)
Sphyraena_obtusata    0.517500 ( 2.9248)  0.440138 ( 3.2910)  0.448779 ( 3.7782)  0.485113 ( 4.1223)  0.500032 ( 5.1384)  0.470104 ( 4.1525)  0.398271 ( 2.9051)  0.474523 ( 3.7970)  9.000000 ( 3.7970)  0.427194 ( 3.2546)  0.591233 ( 4.3112)  0.500120 ( 3.2285)  0.430238 ( 2.9991)  0.444028 ( 3.7958)  9.000000 ( 3.7958)  0.326120 ( 2.7886)  0.385120 ( 3.2336)  9.000000 ( 3.2336)  0.392459 ( 3.5993)  9.000000 ( 3.5993)  0.394600 ( 3.0454)  0.489315 ( 4.5832)  0.396427 ( 3.8321)  0.519310 ( 3.4267)  0.324362 ( 2.9137)  9.000000 ( 2.9137)  9.000000 ( 2.9137)  0.360254 ( 3.5159)  9.000000 ( 3.5159)  0.557697 ( 5.0952)  0.308935 ( 4.3811)  0.640732 ( 5.0969)  9.000000 ( 5.0969)
Sphyraena_picudilla    9.000000 ( 5.0969)  9.000000 ( 5.0969)  9.000000 ( 5.0969)  9.000000 ( 5.0969)  9.000000 ( 5.0969)  9.000000 ( 5.0969)  9.000000 ( 5.0969)  9.000000 ( 5.0969)  9.000000 ( 5.0969)  9.000000 ( 5.0969)  9.000000 ( 5.0969)  9.000000 ( 5.0969)  9.000000 ( 5.0969)  9.000000 ( 5.0969)  9.000000 ( 5.0969)  9.000000 ( 5.0969)  9.000000 ( 5.0969)  9.000000 ( 5.0969)  9.000000 ( 5.0969)  9.000000 ( 5.0969)  9.000000 ( 5.0969)  9.000000 ( 5.0969)  9.000000 ( 5.0969)  9.000000 ( 5.0969)  9.000000 ( 5.0969)  9.000000 ( 5.0969)  9.000000 ( 5.0969)  9.000000 ( 5.0969)  9.000000 ( 5.0969)  9.000000 ( 5.0969)  9.000000 ( 5.0969)  9.000000 ( 5.0969)  9.000000 ( 5.0969)  9.000000 ( 5.0969)
Sphyraena_pinguis    0.465454 ( 2.9267)  0.435965 ( 3.1929)  0.465125 ( 4.1330)  0.413554 ( 2.8531)  0.458711 ( 3.4579)  0.419874 ( 3.2736)  0.408265 ( 3.0574)  0.388572 ( 3.0715)  9.000000 ( 3.0715)  0.403917 ( 3.1021)  0.495238 ( 3.2643)  0.535919 ( 3.5346)  0.429939 ( 2.9538)  0.361323 ( 2.3999)  9.000000 ( 2.3999)  0.373774 ( 2.7423)  0.427722 ( 2.5445)  9.000000 ( 2.5445)  0.394649 ( 2.6744)  9.000000 ( 2.6744)  0.383232 ( 2.6106)  0.452224 ( 3.0960)  0.382038 ( 2.6715)  0.508548 ( 3.9979)  0.341021 ( 2.9196)  9.000000 ( 2.9196)  9.000000 ( 2.9196)  0.387018 ( 3.8464)  9.000000 ( 3.8464)  0.434139 ( 4.5899)  0.239254 ( 6.7424)  0.431885 ( 2.7883)  9.000000 ( 2.7883)  0.300557 ( 4.6851)  9.000000 ( 4.6851)
Sphyraena_putnamae    0.380144 ( 2.9997)  0.322167 ( 3.2726)  0.308778 ( 3.0420)  0.342632 ( 4.3324)  0.309595 ( 3.7234)  0.333072 ( 3.9110)  0.309979 ( 2.5340)  0.269070 ( 3.4209)  9.000000 ( 3.4209)  0.250899 ( 2.4755)  0.447473 ( 4.0379)  0.479068 ( 4.0033)  0.324007 ( 2.3897)  0.297415 ( 3.0112)  9.000000 ( 3.0112)  0.289788 ( 2.2879)  0.307892 ( 3.9254)  9.000000 ( 3.9254)  0.267933 ( 3.4388)  9.000000 ( 3.4388)  0.240492 ( 1.8867)  0.302678 ( 3.8356)  0.276014 ( 5.8679)  0.423454 ( 6.1289)  0.154134 (13.8266)  9.000000 (13.8266)  9.000000 (13.8266)  0.288067 ( 9.0646)  9.000000 ( 9.0646)  0.409915 ( 4.9438)  0.312333 ( 3.7298)  0.423917 ( 6.1089)  9.000000 ( 6.1089)  0.289391 ( 3.5891)  9.000000 ( 3.5891)  0.289704 ( 3.8266)
Sphyraena_qenie    0.425232 ( 2.2635)  0.310428 ( 2.9951)  0.342723 ( 3.2975)  0.371016 ( 4.3092)  0.352867 ( 3.6630)  0.352206 ( 3.7706)  0.288297 ( 2.4975)  0.281331 ( 2.4671)  9.000000 ( 2.4671)  0.310287 ( 2.9299)  0.460862 ( 2.7806)  0.492735 ( 2.6739)  0.349958 ( 3.0224)  0.359547 ( 3.6605)  9.000000 ( 3.6605)  0.335980 ( 3.2154)  0.282757 ( 3.2388)  9.000000 ( 3.2388)  0.260616 ( 3.1171)  9.000000 ( 3.1171)  0.350517 ( 3.5143)  0.359826 ( 4.0900)  0.337588 ( 4.0165)  0.469034 ( 5.4190)  0.141090 (13.5971)  9.000000 (13.5971)  9.000000 (13.5971)  0.209701 ( 4.6887)  9.000000 ( 4.6887)  0.398431 ( 3.6623)  0.401316 ( 3.1466)  0.463938 ( 5.3344)  9.000000 ( 5.3344)  0.334408 ( 3.3424)  9.000000 ( 3.3424)  0.327187 ( 2.1673)  0.152284 ( 9.9904)
Sphyraena_viridensis    0.410207 ( 1.9813)  0.377917 ( 3.2137)  0.410107 ( 3.4537)  0.420726 ( 4.3441)  0.425649 ( 3.8552)  0.396135 ( 3.9852)  0.366420 ( 3.0324)  0.350063 ( 3.1174)  9.000000 ( 3.1174)  0.376951 ( 3.3234)  0.529808 ( 3.4799)  0.513444 ( 3.3386)  0.494224 ( 3.0143)  0.434068 ( 3.1042)  9.000000 ( 3.1042)  0.398164 ( 3.8326)  0.357767 ( 2.2296)  9.000000 ( 2.2296)  0.389327 ( 2.7214)  9.000000 ( 2.7214)  0.448962 ( 3.2261)  0.427367 ( 3.5488)  0.419422 ( 3.3190)  0.377979 ( 6.0312)  0.358001 ( 4.2712)  9.000000 ( 4.2712)  9.000000 ( 4.2712)  0.374117 ( 4.9176)  9.000000 ( 4.9176)  0.292854 ( 5.1990)  0.422905 ( 3.2300)  0.358119 ( 5.6074)  9.000000 ( 5.6074)  0.468836 ( 4.1869)  9.000000 ( 4.1869)  0.398483 ( 3.4081)  0.364438 ( 6.0721)  0.327373 ( 3.4004)
Tetrapturus_audax    0.405150 ( 2.0929)  0.416421 ( 5.2862)  0.404935 ( 4.5471)  0.353871 ( 4.3508)  0.323795 ( 3.7056)  0.320722 ( 3.7771)  0.405163 ( 4.6505)  0.307672 ( 3.3416)  9.000000 ( 3.3416)  0.315475 ( 3.4876)  0.481218 ( 3.0083)  0.498499 ( 2.7537)  0.322110 ( 3.2413)  0.054050 (13.0156)  9.000000 (13.0156)  0.367781 ( 5.5374)  0.302300 ( 2.8370)  9.000000 ( 2.8370)  0.337203 ( 3.3450)  9.000000 ( 3.3450)  0.060459 (25.1632)  0.291018 ( 3.0175)  0.295924 ( 3.6009)  0.591394 ( 3.7754)  0.346486 ( 3.2851)  9.000000 ( 3.2851)  9.000000 ( 3.2851)  0.329521 ( 3.7225)  9.000000 ( 3.7225)  0.516371 ( 4.6082)  0.446770 ( 3.2085)  0.576439 ( 5.0915)  9.000000 ( 5.0915)  0.434456 ( 3.7923)  9.000000 ( 3.7923)  0.357534 ( 2.4401)  0.281407 ( 2.9453)  0.374792 ( 3.7973)  0.457465 ( 3.4759)
Xiphias_gladius    0.390164 ( 1.6648)  0.382316 ( 4.6093)  0.350767 ( 4.0762)  0.348138 ( 4.9945)  0.405244 ( 5.0007)  0.343298 ( 5.2220)  0.379072 ( 4.1229)  0.290091 ( 3.6319)  9.000000 ( 3.6319)  0.326437 ( 4.0712)  0.481984 ( 3.1223)  0.496234 ( 3.3093)  0.371019 ( 4.4209)  0.264666 ( 6.0263)  9.000000 ( 6.0263)  0.425574 ( 7.3905)  0.284611 ( 3.0653)  9.000000 ( 3.0653)  0.327465 ( 3.7553)  9.000000 ( 3.7553)  0.257507 ( 5.1181)  0.313558 ( 4.8716)  0.273278 ( 3.1039)  0.512459 ( 4.9412)  0.278385 ( 4.0937)  9.000000 ( 4.0937)  9.000000 ( 4.0937)  0.402003 ( 5.7548)  9.000000 ( 5.7548)  0.524288 ( 4.1898)  0.439921 ( 5.2750)  0.465422 ( 4.1006)  9.000000 ( 4.1006)  0.441293 ( 5.2648)  9.000000 ( 5.2648)  0.379299 ( 2.9761)  0.302347 ( 5.6992)  0.322160 ( 5.1789)  0.391460 ( 2.9786)  0.252406 ( 5.0637)
Sphyraena_argentea    9.000000 ( 5.0637)  9.000000 ( 5.0637)  9.000000 ( 5.0637)  9.000000 ( 5.0637)  9.000000 ( 5.0637)  9.000000 ( 5.0637)  9.000000 ( 5.0637)  9.000000 ( 5.0637)  9.000000 ( 5.0637)  9.000000 ( 5.0637)  9.000000 ( 5.0637)  9.000000 ( 5.0637)  9.000000 ( 5.0637)  9.000000 ( 5.0637)  9.000000 ( 5.0637)  9.000000 ( 5.0637)  9.000000 ( 5.0637)  9.000000 ( 5.0637)  9.000000 ( 5.0637)  9.000000 ( 5.0637)  9.000000 ( 5.0637)  9.000000 ( 5.0637)  9.000000 ( 5.0637)  9.000000 ( 5.0637)  9.000000 ( 5.0637)  9.000000 ( 5.0637)  9.000000 ( 5.0637)  9.000000 ( 5.0637)  9.000000 ( 5.0637)  9.000000 ( 5.0637)  9.000000 ( 5.0637)  9.000000 ( 5.0637)  9.000000 ( 5.0637)  9.000000 ( 5.0637)  9.000000 ( 5.0637)  9.000000 ( 5.0637)  9.000000 ( 5.0637)  9.000000 ( 5.0637)  9.000000 ( 5.0637)  9.000000 ( 5.0637)  9.000000 ( 5.0637)
Sphyraena_idiastes    9.000000 ( 5.0637)  9.000000 ( 5.0637)  9.000000 ( 5.0637)  9.000000 ( 5.0637)  9.000000 ( 5.0637)  9.000000 ( 5.0637)  9.000000 ( 5.0637)  9.000000 ( 5.0637)  9.000000 ( 5.0637)  9.000000 ( 5.0637)  9.000000 ( 5.0637)  9.000000 ( 5.0637)  9.000000 ( 5.0637)  9.000000 ( 5.0637)  9.000000 ( 5.0637)  9.000000 ( 5.0637)  9.000000 ( 5.0637)  9.000000 ( 5.0637)  9.000000 ( 5.0637)  9.000000 ( 5.0637)  9.000000 ( 5.0637)  9.000000 ( 5.0637)  9.000000 ( 5.0637)  9.000000 ( 5.0637)  9.000000 ( 5.0637)  9.000000 ( 5.0637)  9.000000 ( 5.0637)  9.000000 ( 5.0637)  9.000000 ( 5.0637)  9.000000 ( 5.0637)  9.000000 ( 5.0637)  9.000000 ( 5.0637)  9.000000 ( 5.0637)  9.000000 ( 5.0637)  9.000000 ( 5.0637)  9.000000 ( 5.0637)  9.000000 ( 5.0637)  9.000000 ( 5.0637)  9.000000 ( 5.0637)  9.000000 ( 5.0637)  9.000000 ( 5.0637)  9.000000 ( 5.0637)
Sphyraena_novaehollandiae    9.000000 ( 5.0637)  9.000000 ( 5.0637)  9.000000 ( 5.0637)  9.000000 ( 5.0637)  9.000000 ( 5.0637)  9.000000 ( 5.0637)  9.000000 ( 5.0637)  9.000000 ( 5.0637)  9.000000 ( 5.0637)  9.000000 ( 5.0637)  9.000000 ( 5.0637)  9.000000 ( 5.0637)  9.000000 ( 5.0637)  9.000000 ( 5.0637)  9.000000 ( 5.0637)  9.000000 ( 5.0637)  9.000000 ( 5.0637)  9.000000 ( 5.0637)  9.000000 ( 5.0637)  9.000000 ( 5.0637)  9.000000 ( 5.0637)  9.000000 ( 5.0637)  9.000000 ( 5.0637)  9.000000 ( 5.0637)  9.000000 ( 5.0637)  9.000000 ( 5.0637)  9.000000 ( 5.0637)  9.000000 ( 5.0637)  9.000000 ( 5.0637)  9.000000 ( 5.0637)  9.000000 ( 5.0637)  9.000000 ( 5.0637)  9.000000 ( 5.0637)  9.000000 ( 5.0637)  9.000000 ( 5.0637)  9.000000 ( 5.0637)  9.000000 ( 5.0637)  9.000000 ( 5.0637)  9.000000 ( 5.0637)  9.000000 ( 5.0637)  9.000000 ( 5.0637)  9.000000 ( 5.0637)  9.000000 ( 5.0637)
Sphyraena_chrysotaenia    9.000000 ( 5.0637)  9.000000 ( 5.0637)  9.000000 ( 5.0637)  9.000000 ( 5.0637)  9.000000 ( 5.0637)  9.000000 ( 5.0637)  9.000000 ( 5.0637)  9.000000 ( 5.0637)  9.000000 ( 5.0637)  9.000000 ( 5.0637)  9.000000 ( 5.0637)  9.000000 ( 5.0637)  9.000000 ( 5.0637)  9.000000 ( 5.0637)  9.000000 ( 5.0637)  9.000000 ( 5.0637)  9.000000 ( 5.0637)  9.000000 ( 5.0637)  9.000000 ( 5.0637)  9.000000 ( 5.0637)  9.000000 ( 5.0637)  9.000000 ( 5.0637)  9.000000 ( 5.0637)  9.000000 ( 5.0637)  9.000000 ( 5.0637)  9.000000 ( 5.0637)  9.000000 ( 5.0637)  9.000000 ( 5.0637)  9.000000 ( 5.0637)  9.000000 ( 5.0637)  9.000000 ( 5.0637)  9.000000 ( 5.0637)  9.000000 ( 5.0637)  9.000000 ( 5.0637)  9.000000 ( 5.0637)  9.000000 ( 5.0637)  9.000000 ( 5.0637)  9.000000 ( 5.0637)  9.000000 ( 5.0637)  9.000000 ( 5.0637)  9.000000 ( 5.0637)  9.000000 ( 5.0637)  9.000000 ( 5.0637)  9.000000 ( 5.0637)
Sphyraena_flavicauda    9.000000 ( 5.0637)  9.000000 ( 5.0637)  9.000000 ( 5.0637)  9.000000 ( 5.0637)  9.000000 ( 5.0637)  9.000000 ( 5.0637)  9.000000 ( 5.0637)  9.000000 ( 5.0637)  9.000000 ( 5.0637)  9.000000 ( 5.0637)  9.000000 ( 5.0637)  9.000000 ( 5.0637)  9.000000 ( 5.0637)  9.000000 ( 5.0637)  9.000000 ( 5.0637)  9.000000 ( 5.0637)  9.000000 ( 5.0637)  9.000000 ( 5.0637)  9.000000 ( 5.0637)  9.000000 ( 5.0637)  9.000000 ( 5.0637)  9.000000 ( 5.0637)  9.000000 ( 5.0637)  9.000000 ( 5.0637)  9.000000 ( 5.0637)  9.000000 ( 5.0637)  9.000000 ( 5.0637)  9.000000 ( 5.0637)  9.000000 ( 5.0637)  9.000000 ( 5.0637)  9.000000 ( 5.0637)  9.000000 ( 5.0637)  9.000000 ( 5.0637)  9.000000 ( 5.0637)  9.000000 ( 5.0637)  9.000000 ( 5.0637)  9.000000 ( 5.0637)  9.000000 ( 5.0637)  9.000000 ( 5.0637)  9.000000 ( 5.0637)  9.000000 ( 5.0637)  9.000000 ( 5.0637)  9.000000 ( 5.0637)  9.000000 ( 5.0637)  9.000000 ( 5.0637)
Centropomus_irae    0.381911 ( 2.2087)  0.251433 ( 7.3672)  0.230415 ( 6.8947)  0.210056 ( 7.5116)  0.197765 ( 7.3412)  0.193333 ( 6.7767)  0.252963 ( 7.1692)  0.074907 (18.2057)  9.000000 (18.2057)  0.119686 ( 8.3838)  0.526517 ( 3.8307)  0.513388 ( 3.6171)  0.346747 ( 3.0077)  0.343096 ( 3.1491)  9.000000 ( 3.1491)  0.352948 ( 3.6505)  0.286897 ( 3.3374)  9.000000 ( 3.3374)  0.299592 ( 3.7783)  9.000000 ( 3.7783)  0.340728 ( 3.1301)  0.340953 ( 4.0118)  0.335099 ( 3.1615)  0.504948 ( 4.0224)  0.352397 ( 3.5639)  9.000000 ( 3.5639)  9.000000 ( 3.5639)  0.327356 ( 3.4787)  9.000000 ( 3.4787)  0.523138 ( 3.5281)  0.378437 ( 3.3113)  0.502687 ( 3.8928)  9.000000 ( 3.8928)  0.453629 ( 3.4452)  9.000000 ( 3.4452)  0.401508 ( 2.9597)  0.316957 ( 3.2035)  0.311027 ( 2.7177)  0.373326 ( 3.0066)  0.342144 ( 3.4745)  0.315932 ( 3.6615)  9.000000 ( 3.6615)  9.000000 ( 3.6615)  9.000000 ( 3.6615)  9.000000 ( 3.6615)  9.000000 ( 3.6615)
Centropomus_poeyi    0.489672 ( 3.1752)  0.308592 ( 7.0823)  0.310959 ( 8.4007)  0.215855 ( 6.2717)  0.235158 ( 5.8789)  0.215462 ( 6.9173)  0.308848 ( 7.0972)  0.093086 ( 5.7809)  9.000000 ( 5.7809)  0.118308 (11.3800)  0.557807 ( 2.5675)  0.560552 ( 3.2904)  0.424396 ( 3.7632)  0.369833 ( 2.8877)  9.000000 ( 2.8877)  0.000000 ( 2.8877)  0.333214 ( 2.9101)  9.000000 ( 2.9101)  0.400145 ( 4.7272)  9.000000 ( 4.7272)  0.377450 ( 3.0133)  0.463319 ( 4.6673)  0.409680 ( 4.2404)  0.504706 ( 3.6036)  0.465069 ( 5.1437)  9.000000 ( 5.1437)  9.000000 ( 5.1437)  0.448178 ( 4.3107)  9.000000 ( 4.3107)  0.651468 ( 3.3591)  0.432825 ( 2.7628)  0.543104 ( 4.4421)  9.000000 ( 4.4421)  0.563429 ( 3.6596)  9.000000 ( 3.6596)  0.412109 ( 2.4279)  9.000000 ( 2.4279)  0.392785 ( 3.7670)  0.391411 ( 2.8226)  0.369841 ( 3.2821)  0.354234 ( 3.9558)  9.000000 ( 3.9558)  9.000000 ( 3.9558)  9.000000 ( 3.9558)  9.000000 ( 3.9558)  9.000000 ( 3.9558)  0.135903 ( 9.3073)
Centropomus_mexicanus    0.502634 ( 2.7005)  0.257424 ( 9.5093)  0.309305 ( 8.4396)  0.260973 (14.8179)  0.294771 ( 9.3173)  0.216009 (10.6434)  0.247686 ( 9.0922)  0.198823 ( 4.7834)  9.000000 ( 4.7834)  0.223962 ( 6.7732)  0.528295 ( 2.9595)  0.501189 ( 4.2614)  0.338442 ( 3.4293)  0.392608 ( 4.0590)  9.000000 ( 4.0590)  0.000000 ( 4.0590)  0.488468 ( 5.1500)  9.000000 ( 5.1500)  0.353589 ( 3.5462)  9.000000 ( 3.5462)  0.384149 ( 3.9702)  0.412765 ( 5.0352)  0.497703 ( 6.9459)  0.576103 ( 3.2850)  0.428310 ( 5.8142)  9.000000 ( 5.8142)  9.000000 ( 5.8142)  0.484482 ( 6.0384)  9.000000 ( 6.0384)  0.566406 ( 3.0290)  0.633117 ( 4.4754)  0.632264 ( 4.5734)  9.000000 ( 4.5734)  0.504591 ( 3.4844)  9.000000 ( 3.4844)  0.552007 ( 3.1868)  9.000000 ( 3.1868)  0.320013 ( 3.5821)  0.412708 ( 3.1080)  0.363904 ( 4.1325)  0.399495 ( 4.7143)  9.000000 ( 4.7143)  9.000000 ( 4.7143)  9.000000 ( 4.7143)  9.000000 ( 4.7143)  9.000000 ( 4.7143)  0.200837 ( 4.8604)  0.262148 ( 6.7794)
Centropomus_parallelus    0.404413 ( 2.4503)  0.258512 (10.2790)  0.243968 ( 8.1573)  0.227588 (11.2297)  0.211856 ( 8.5588)  0.203401 ( 9.2457)  0.248934 ( 9.8419)  0.187951 ( 6.2065)  9.000000 ( 6.2065)  0.184580 ( 6.1056)  0.477943 ( 3.6359)  0.477922 ( 3.5286)  0.330204 ( 3.6972)  0.366026 ( 3.6297)  9.000000 ( 3.6297)  0.253385 ( 2.7660)  0.380567 ( 3.9624)  9.000000 ( 3.9624)  0.319472 ( 2.9960)  9.000000 ( 2.9960)  0.342078 ( 3.2914)  0.342179 ( 4.7786)  0.394929 ( 4.2193)  0.493045 ( 3.2007)  0.365378 ( 4.0647)  9.000000 ( 4.0647)  9.000000 ( 4.0647)  0.393247 ( 4.8078)  9.000000 ( 4.8078)  0.498979 ( 3.6724)  0.463753 ( 3.7261)  0.553850 ( 4.2803)  9.000000 ( 4.2803)  0.404640 ( 3.1062)  9.000000 ( 3.1062)  0.414298 ( 2.6800)  0.323910 ( 2.6544)  0.302702 ( 2.8077)  0.381242 ( 3.0796)  0.341550 ( 3.6475)  0.357008 ( 4.2121)  9.000000 ( 4.2121)  9.000000 ( 4.2121)  9.000000 ( 4.2121)  9.000000 ( 4.2121)  9.000000 ( 4.2121)  0.202108 ( 6.4656)  0.273642 ( 7.1491)  0.005345 (999.0000)
Hypopterus_macropterus    9.000000 (999.0000)  9.000000 (999.0000)  9.000000 (999.0000)  9.000000 (999.0000)  9.000000 (999.0000)  9.000000 (999.0000)  9.000000 (999.0000)  9.000000 (999.0000)  9.000000 (999.0000)  9.000000 (999.0000)  9.000000 (999.0000)  9.000000 (999.0000)  9.000000 (999.0000)  9.000000 (999.0000)  9.000000 (999.0000)  9.000000 (999.0000)  9.000000 (999.0000)  9.000000 (999.0000)  9.000000 (999.0000)  9.000000 (999.0000)  9.000000 (999.0000)  9.000000 (999.0000)  9.000000 (999.0000)  9.000000 (999.0000)  9.000000 (999.0000)  9.000000 (999.0000)  9.000000 (999.0000)  9.000000 (999.0000)  9.000000 (999.0000)  9.000000 (999.0000)  9.000000 (999.0000)  9.000000 (999.0000)  9.000000 (999.0000)  9.000000 (999.0000)  9.000000 (999.0000)  9.000000 (999.0000)  9.000000 (999.0000)  9.000000 (999.0000)  9.000000 (999.0000)  9.000000 (999.0000)  9.000000 (999.0000)  9.000000 (999.0000)  9.000000 (999.0000)  9.000000 (999.0000)  9.000000 (999.0000)  9.000000 (999.0000)  9.000000 (999.0000)  9.000000 (999.0000)  9.000000 (999.0000)  9.000000 (999.0000)
Sphyraena_acutipinnis    9.000000 (999.0000)  9.000000 (999.0000)  9.000000 (999.0000)  9.000000 (999.0000)  9.000000 (999.0000)  9.000000 (999.0000)  9.000000 (999.0000)  9.000000 (999.0000)  9.000000 (999.0000)  9.000000 (999.0000)  9.000000 (999.0000)  9.000000 (999.0000)  9.000000 (999.0000)  9.000000 (999.0000)  9.000000 (999.0000)  9.000000 (999.0000)  9.000000 (999.0000)  9.000000 (999.0000)  9.000000 (999.0000)  9.000000 (999.0000)  9.000000 (999.0000)  9.000000 (999.0000)  9.000000 (999.0000)  9.000000 (999.0000)  9.000000 (999.0000)  9.000000 (999.0000)  9.000000 (999.0000)  9.000000 (999.0000)  9.000000 (999.0000)  9.000000 (999.0000)  9.000000 (999.0000)  9.000000 (999.0000)  9.000000 (999.0000)  9.000000 (999.0000)  9.000000 (999.0000)  9.000000 (999.0000)  9.000000 (999.0000)  9.000000 (999.0000)  9.000000 (999.0000)  9.000000 (999.0000)  9.000000 (999.0000)  9.000000 (999.0000)  9.000000 (999.0000)  9.000000 (999.0000)  9.000000 (999.0000)  9.000000 (999.0000)  9.000000 (999.0000)  9.000000 (999.0000)  9.000000 (999.0000)  9.000000 (999.0000)  9.000000 (999.0000)
Sphyraena_waitii    9.000000 (999.0000)  9.000000 (999.0000)  9.000000 (999.0000)  9.000000 (999.0000)  9.000000 (999.0000)  9.000000 (999.0000)  9.000000 (999.0000)  9.000000 (999.0000)  9.000000 (999.0000)  9.000000 (999.0000)  9.000000 (999.0000)  9.000000 (999.0000)  9.000000 (999.0000)  9.000000 (999.0000)  9.000000 (999.0000)  9.000000 (999.0000)  9.000000 (999.0000)  9.000000 (999.0000)  9.000000 (999.0000)  9.000000 (999.0000)  9.000000 (999.0000)  9.000000 (999.0000)  9.000000 (999.0000)  9.000000 (999.0000)  9.000000 (999.0000)  9.000000 (999.0000)  9.000000 (999.0000)  9.000000 (999.0000)  9.000000 (999.0000)  9.000000 (999.0000)  9.000000 (999.0000)  9.000000 (999.0000)  9.000000 (999.0000)  9.000000 (999.0000)  9.000000 (999.0000)  9.000000 (999.0000)  9.000000 (999.0000)  9.000000 (999.0000)  9.000000 (999.0000)  9.000000 (999.0000)  9.000000 (999.0000)  9.000000 (999.0000)  9.000000 (999.0000)  9.000000 (999.0000)  9.000000 (999.0000)  9.000000 (999.0000)  9.000000 (999.0000)  9.000000 (999.0000)  9.000000 (999.0000)  9.000000 (999.0000)  9.000000 (999.0000)  9.000000 (999.0000)

TREE #  1:  (((((14, 40), 21), 41), (((11, 12), (13, 1)), (((3, ((2, 7), 9)), ((6, 4), ((((48, (8, 47)), 10), 5), (50, 49)))), ((((30, ((24, (32, (52, 53))), 44)), ((39, 42), 43)), (((31, 45), 36), (34, 46))), (37, (((35, (27, (26, 29))), 28), (38, (25, 33)))))))), ((51, 23), ((((15, 18), 20), 19), (16, 17))), 22);  MP score: -1.00
lnL(ntime:103  np:105): -10608.540097    +0.000000
  54..55   55..56   56..57   57..58   58..14   58..40   57..21   56..41   55..59   59..60   60..61   61..11   61..12   60..62   62..13   62..1    59..63   63..64   64..65   65..3    65..66   66..67   67..2    67..7    66..9    64..68   68..69   69..6    69..4    68..70   70..71   71..72   72..73   73..48   73..74   74..8    74..47   72..10   71..5    70..75   75..50   75..49   63..76   76..77   77..78   78..79   79..30   79..80   80..81   81..24   81..82   82..32   82..83   83..52   83..53   80..44   78..84   84..85   85..39   85..42   84..43   77..86   86..87   87..88   88..31   88..45   87..36   86..89   89..34   89..46   76..90   90..37   90..91   91..92   92..93   93..35   93..94   94..27   94..95   95..26   95..29   92..28   91..96   96..38   96..97   97..25   97..33   54..98   98..99   99..51   99..23   98..100 100..101 101..102 102..103 103..15  103..18  102..20  101..19  100..104 104..16  104..17   54..22 
 0.029691 0.144361 0.250399 0.013465 0.026399 0.031793 0.013178 0.252705 0.028032 0.080295 0.189202 0.843733 1.005850 0.114445 0.374121 0.801609 0.017876 0.245538 0.120396 0.137589 0.061225 0.075113 0.003224 0.000004 0.081491 0.017474 0.104754 0.048293 0.068357 0.005494 0.027255 0.051555 0.000004 0.058564 0.036785 0.029022 0.054381 0.085735 0.164910 0.176789 0.002665 0.000004 0.138264 0.027360 0.290499 0.070070 0.422537 0.119494 0.161920 0.242309 0.133001 0.062873 0.038638 0.063250 0.105463 0.043493 0.040241 0.057890 0.076715 0.079977 0.031010 0.301819 0.169569 0.091431 0.156058 0.011028 0.143211 0.172902 0.149595 0.066769 0.073501 0.156101 0.022401 0.132192 0.093486 0.092132 0.045674 0.063894 0.080574 0.059104 0.024113 0.149084 0.056435 0.079279 0.064870 0.062378 0.044017 0.000004 0.181592 0.013487 0.218267 0.221558 0.068299 0.028695 0.092815 0.068507 0.016634 0.088128 0.093028 0.000004 0.262547 0.153000 0.469833 9.305059 0.220840
