
BASEML (in paml version 4.10.10, 29 Jan 2026)  tmp0001.txt  HKY85 dGamma (ncatG=5)
Frequencies..
                                    T      C      A      G
Caranx_caninus                 0.19623 0.27296 0.30566 0.22516 GC = 0.498
Centropomus_armatus            0.20275 0.27409 0.31039 0.21277 GC = 0.487
Centropomus_ensiferus          0.20672 0.26401 0.31756 0.21171 GC = 0.476
Centropomus_medius             0.18570 0.27353 0.31117 0.22961 GC = 0.503
Centropomus_nigrescens         0.18147 0.29204 0.30531 0.22117 GC = 0.513
Centropomus_pectinatus         0.19429 0.27810 0.31619 0.21143 GC = 0.490
Centropomus_robalito           0.20387 0.26710 0.31355 0.21548 GC = 0.483
Centropomus_undecimalis        0.17982 0.27038 0.32212 0.22768 GC = 0.498
Centropomus_unionensis         0.20992 0.27660 0.31235 0.20113 GC = 0.478
Centropomus_viridis            0.18600 0.28369 0.32162 0.20868 GC = 0.492
Coryphaena_equiselis           0.23253 0.23507 0.32147 0.21093 GC = 0.446
Echeneis_naucrates             0.22250 0.24273 0.31985 0.21492 GC = 0.458
Gnathanodon_speciosus          0.20277 0.27078 0.30730 0.21914 GC = 0.490
Istiophorus_platypterus        0.20228 0.26802 0.30594 0.22377 GC = 0.492
Lates_angustifrons             0.20901 0.26658 0.30413 0.22028 GC = 0.487
Lates_calcarifer               0.23398 0.24513 0.32033 0.20056 GC = 0.446
Lates_japonicus                0.20275 0.27785 0.30038 0.21902 GC = 0.497
Lates_microlepis               0.20901 0.26658 0.30413 0.22028 GC = 0.487
Lates_niloticus                0.20703 0.26725 0.30991 0.21581 GC = 0.483
Lates_stappersii               0.20226 0.27136 0.31156 0.21482 GC = 0.486
Makaira_nigricans              0.20354 0.26675 0.30468 0.22503 GC = 0.492
Nematistius_pectoralis         0.21598 0.25218 0.30587 0.22597 GC = 0.478
Psammoperca_waigiensis         0.20157 0.28534 0.28010 0.23298 GC = 0.518
Sphyraena_africana             0.21798 0.19470 0.31113 0.27620 GC = 0.471
Sphyraena_barracuda            0.20301 0.27444 0.29699 0.22556 GC = 0.500
Sphyraena_borealis             0.19748 0.27421 0.29937 0.22893 GC = 0.503
Sphyraena_ensis                0.19748 0.28050 0.29308 0.22893 GC = 0.509
Sphyraena_forsteri             0.17619 0.25145 0.32671 0.24566 GC = 0.497
Sphyraena_guachancho           0.19975 0.27638 0.29648 0.22739 GC = 0.504
Sphyraena_helleri              0.20052 0.21798 0.34023 0.24127 GC = 0.459
Sphyraena_iburiensis           0.19820 0.22188 0.31660 0.26332 GC = 0.485
Sphyraena_japonica             0.21341 0.20756 0.30708 0.27195 GC = 0.480
Sphyraena_jello                0.17413 0.25429 0.33445 0.23712 GC = 0.491
Sphyraena_obtusata             0.18887 0.20634 0.35770 0.24709 GC = 0.453
Sphyraena_picudilla            0.20000 0.27673 0.29434 0.22893 GC = 0.506
Sphyraena_pinguis              0.17452 0.23372 0.32252 0.26924 GC = 0.503
Sphyraena_putnamae             0.20052 0.22380 0.34023 0.23545 GC = 0.459
Sphyraena_qenie                0.20101 0.27513 0.30151 0.22236 GC = 0.497
Sphyraena_viridensis           0.21538 0.27179 0.26667 0.24615 GC = 0.518
Tetrapturus_audax              0.20228 0.26802 0.30594 0.22377 GC = 0.492
Xiphias_gladius                0.20101 0.26549 0.30847 0.22503 GC = 0.491
Sphyraena_argentea             0.25000 0.25000 0.25000 0.25000 GC = 0.500
Sphyraena_idiastes             0.25000 0.25000 0.25000 0.25000 GC = 0.500
Sphyraena_novaehollandiae      0.25000 0.25000 0.25000 0.25000 GC = 0.500
Sphyraena_chrysotaenia         0.25000 0.25000 0.25000 0.25000 GC = 0.500
Sphyraena_flavicauda           0.25000 0.25000 0.25000 0.25000 GC = 0.500
Centropomus_irae               0.25000 0.25000 0.25000 0.25000 GC = 0.500
Centropomus_poeyi              0.25000 0.25000 0.25000 0.25000 GC = 0.500
Centropomus_mexicanus          0.25000 0.25000 0.25000 0.25000 GC = 0.500
Centropomus_parallelus         0.25000 0.25000 0.25000 0.25000 GC = 0.500
Hypopterus_macropterus         0.25000 0.25000 0.25000 0.25000 GC = 0.500
Sphyraena_acutipinnis          0.25000 0.25000 0.25000 0.25000 GC = 0.500
Sphyraena_waitii               0.25000 0.25000 0.25000 0.25000 GC = 0.500

Homogeneity statistic: X2 = 0.45207 G = 0.45566 

Average                        0.20255 0.26642 0.30799 0.22304
(Ambiguity characters are used to calculate freqs.)


# constant sites:      0 (0.00%)
Distances:HKY85 (kappa)  (alpha set at 0.50)
This matrix is not used in later m.l. analysis.

(Pairwise deletion.)
Caranx_caninus   
Centropomus_armatus    0.381339 ( 4.4850)
Centropomus_ensiferus    0.432075 ( 5.1997)  0.108821 (13.4774)
Centropomus_medius    0.401497 ( 6.1358)  0.256932 ( 7.6744)  0.278891 ( 7.5669)
Centropomus_nigrescens    0.377655 ( 4.2394)  0.212002 ( 6.5401)  0.221617 ( 8.4737)  0.215545 ( 8.8441)
Centropomus_pectinatus    0.414710 ( 7.1066)  0.188780 ( 9.5106)  0.183827 ( 8.4738)  0.019710 (19.0960)  0.222452 ( 8.5684)
Centropomus_robalito    0.356329 ( 4.5354)  0.000000 ( 4.5354)  0.107821 (12.7907)  0.226191 ( 7.6679)  0.212002 ( 6.5401)  0.188780 ( 9.5106)
Centropomus_undecimalis    0.382937 ( 3.8400)  0.227395 ( 6.4921)  0.215248 ( 6.2832)  0.156628 ( 4.2243)  0.131187 (10.0077)  0.152608 ( 4.1768)  0.227395 ( 6.4921)
Centropomus_unionensis    0.364302 ( 5.4329)  0.045700 ( 7.4766)  0.106122 (16.2790)  0.160368 ( 7.0708)  0.193717 ( 5.7591)  0.146393 ( 6.8717)  0.045700 ( 7.4766)  0.192494 ( 5.3630)
Centropomus_viridis    0.351324 ( 4.1502)  0.172270 ( 7.7779)  0.166577 ( 8.1058)  0.117887 ( 4.2786)  0.132794 (11.5090)  0.112458 ( 4.3854)  0.172270 ( 7.7779)  0.088870 ( 6.0978)  0.156645 ( 6.8545)
Coryphaena_equiselis    0.241352 ( 4.0612)  0.365123 ( 4.0422)  0.393112 ( 4.4987)  0.395520 ( 6.2934)  0.359787 ( 4.4313)  0.320121 ( 6.9802)  0.332011 ( 3.9149)  0.354587 ( 3.3611)  0.273453 ( 5.0613)  0.325928 ( 5.3040)
Echeneis_naucrates    0.204257 ( 4.5447)  0.359142 ( 4.0802)  0.387492 ( 4.9452)  0.343022 ( 6.2577)  0.396349 ( 6.0889)  0.358373 ( 5.6028)  0.327093 ( 4.2254)  0.354856 ( 4.8445)  0.274018 ( 4.1688)  0.340200 ( 4.1318)  0.215952 ( 3.2867)
Gnathanodon_speciosus    0.064017 ( 4.4675)  0.357539 ( 4.8618)  0.414297 ( 5.4793)  0.360712 ( 5.9903)  0.385986 ( 4.9834)  0.376572 ( 7.1895)  0.339900 ( 4.9452)  0.338829 ( 3.3760)  0.327534 ( 5.3946)  0.329960 ( 4.3413)  0.230121 ( 4.5748)  0.166904 ( 4.6226)
Istiophorus_platypterus    0.159451 ( 3.9253)  0.347568 ( 4.4934)  0.400752 ( 5.0456)  0.336512 ( 7.1643)  0.348832 ( 4.9106)  0.361634 ( 7.1350)  0.313282 ( 4.3582)  0.312935 ( 4.3045)  0.298161 ( 5.4703)  0.279401 ( 3.8956)  0.280336 ( 4.6925)  0.179508 ( 6.1477)  0.147516 ( 4.7225)
Lates_angustifrons    0.254513 ( 4.6295)  0.376199 ( 4.6872)  0.430972 ( 4.7088)  0.440329 ( 8.9486)  0.371314 ( 5.3643)  0.422740 ( 7.9554)  0.347159 ( 4.6771)  0.414284 ( 5.9061)  0.285235 ( 4.2156)  0.403373 ( 6.5452)  0.322867 ( 5.0900)  0.218131 ( 5.3973)  0.250028 ( 5.4196)  0.196557 ( 6.6245)
Lates_calcarifer    0.360685 (11.9660)  0.535532 (13.2452)  0.520707 (11.2932)  0.411335 ( 8.9975)  0.490186 ( 9.7426)  0.411719 ( 9.7013)  0.535532 (13.2452)  0.471033 ( 8.7433)  0.384250 ( 7.7816)  0.461431 (10.4007)  0.416545 ( 8.4780)  0.263365 ( 7.5561)  0.334936 (13.1578)  0.345579 (11.4079)  0.127252 (10.4330)
Lates_japonicus    0.274146 ( 6.1139)  0.392424 ( 5.5233)  0.419197 ( 5.1272)  0.380722 ( 8.1557)  0.439845 ( 7.6632)  0.349652 ( 7.1951)  0.356422 ( 5.4419)  0.429872 ( 6.1830)  0.301304 ( 5.3038)  0.377586 ( 6.8849)  0.369360 ( 6.0959)  0.247185 ( 7.1594)  0.281715 ( 7.6173)  0.212081 ( 8.3950)  0.095540 (23.1596)  0.102501 (16.0220)
Lates_microlepis    0.254513 ( 4.6295)  0.376199 ( 4.6872)  0.430972 ( 4.7088)  0.440329 ( 8.9486)  0.371314 ( 5.3643)  0.422740 ( 7.9554)  0.347159 ( 4.6771)  0.414284 ( 5.9061)  0.285235 ( 4.2156)  0.403373 ( 6.5452)  0.322867 ( 5.0900)  0.218131 ( 5.3973)  0.250028 ( 5.4196)  0.196557 ( 6.6245)  0.000000 ( 6.6245)  0.127252 (10.4330)  0.095540 (23.1596)
Lates_niloticus    0.237579 ( 4.8335)  0.386566 ( 4.7268)  0.433265 ( 4.7303)  0.432704 ( 8.2448)  0.407170 ( 5.5934)  0.443793 ( 7.7705)  0.357415 ( 4.7194)  0.432094 ( 5.8950)  0.305641 ( 4.2469)  0.427753 ( 6.5030)  0.314634 ( 5.3932)  0.205114 ( 5.3718)  0.239446 ( 5.7021)  0.178305 ( 6.3961)  0.030897 (22.8476)  0.116955 ( 9.4576)  0.084261 (14.5269)  0.030897 (22.8476)
Lates_stappersii    0.244429 ( 4.5198)  0.374209 ( 4.9048)  0.425346 ( 4.9801)  0.425435 ( 8.0856)  0.377048 ( 5.4978)  0.418156 ( 7.8805)  0.345169 ( 4.9124)  0.403706 ( 5.6959)  0.286474 ( 4.2606)  0.423156 ( 6.9996)  0.319906 ( 5.5234)  0.220907 ( 5.2709)  0.241083 ( 4.9615)  0.177383 ( 5.5041)  0.022152 (15.8062)  0.098156 ( 7.6124)  0.074375 (12.6024)  0.022152 (15.8062)  0.020752 ( 6.2678)
Makaira_nigricans    0.166216 ( 4.1748)  0.356245 ( 4.6527)  0.410820 ( 5.2192)  0.345515 ( 7.4041)  0.358355 ( 5.0972)  0.372088 ( 7.3963)  0.321542 ( 4.5230)  0.318816 ( 4.4196)  0.306536 ( 5.6787)  0.287091 ( 4.0570)  0.278000 ( 4.6333)  0.177736 ( 6.0628)  0.145926 ( 4.6461)  0.004916 (999.0000)  0.200468 ( 6.7916)  0.329705 (10.7885)  0.218318 ( 8.6949)  0.200468 ( 6.7916)  0.181887 ( 6.5603)  0.180939 ( 5.6507)
Nematistius_pectoralis    0.260272 ( 5.2955)  0.427154 ( 5.5523)  0.432987 ( 4.9468)  0.346993 ( 5.6564)  0.430700 ( 4.5626)  0.364455 ( 5.7400)  0.387006 ( 5.4040)  0.397228 ( 4.1746)  0.373556 ( 6.1516)  0.389165 ( 4.2491)  0.326374 ( 4.6863)  0.233704 ( 5.4752)  0.232805 ( 6.4203)  0.210022 ( 7.8970)  0.283591 ( 6.8633)  0.308319 (11.9821)  0.252406 ( 6.8263)  0.283591 ( 6.8633)  0.257986 ( 6.2747)  0.280494 ( 6.5226)  0.207862 ( 7.7897)
Psammoperca_waigiensis    0.056691 ( 6.4391)  0.287606 ( 6.8784)  0.322903 ( 6.5097)  0.358764 ( 8.5029)  0.335656 ( 6.8159)  0.385030 ( 9.9490)  0.287606 ( 6.8784)  0.298998 ( 5.8376)  0.358007 ( 8.4648)  0.354568 ( 7.3797)  0.209958 ( 5.6810)  0.165487 ( 5.4999)  0.014084 ( 8.8353)  0.130324 ( 6.3474)  0.235348 (11.7311)  0.254783 (13.2343)  0.238156 (15.0849)  0.235348 (11.7311)  0.240491 (13.4669)  0.227208 (11.3013)  0.124238 ( 5.9543)  0.250736 ( 9.3613)
Sphyraena_africana    0.797134 ( 8.8217)  0.476168 ( 2.1753)  0.465502 ( 1.8017)  0.660072 ( 4.1030)  0.725979 ( 2.3380)  0.601832 ( 0.8074)  0.476168 ( 2.1753)  0.699671 ( 4.8786)  0.446131 ( 0.9805)  0.579560 ( 0.8810)  0.527564 ( 3.1923)  0.694869 (11.2082)  0.655269 ( 6.2258)  0.486610 ( 7.3642)  0.439943 ( 3.9476)  9.000000 ( 3.9476)  0.521709 ( 4.9663)  0.439943 ( 3.9476)  0.536569 ( 5.1456)  0.475631 ( 4.3545)  0.486610 ( 7.3642)  0.576150 ( 5.5857)  9.000000 ( 5.5857)
Sphyraena_barracuda    0.242323 ( 4.3257)  0.457988 ( 4.4123)  0.411003 ( 3.6418)  0.364505 ( 4.9658)  0.425773 ( 4.7116)  0.411708 ( 5.5006)  0.437674 ( 4.7690)  0.424352 ( 4.6358)  0.377803 ( 5.2581)  0.419163 ( 4.9951)  0.304314 ( 5.3219)  0.268921 ( 5.3288)  0.235541 ( 4.4583)  0.223295 ( 7.1444)  0.267553 ( 5.1681)  0.405031 (10.1705)  0.305332 ( 6.8145)  0.267553 ( 5.1681)  0.267409 ( 5.9308)  0.261312 ( 5.3608)  0.221844 ( 7.0794)  0.255735 ( 3.9128)  0.243741 ( 8.2799)  0.367466 ( 4.4510)
Sphyraena_borealis    0.263566 ( 4.2236)  0.445158 ( 5.0456)  0.439986 ( 4.8254)  0.388263 ( 6.3889)  0.431487 ( 5.8138)  0.428594 ( 8.0701)  0.420576 ( 5.2863)  0.374489 ( 4.1771)  0.353399 ( 5.6939)  0.371318 ( 5.1452)  0.318257 ( 5.6398)  0.248716 ( 4.4314)  0.262236 ( 5.0008)  0.195457 ( 4.8097)  0.264933 ( 4.9197)  0.333276 ( 7.9446)  0.279620 ( 5.8505)  0.264933 ( 4.9197)  0.267296 ( 5.3314)  0.246209 ( 4.7456)  0.194086 ( 4.7580)  0.253374 ( 3.5787)  0.258439 ( 6.9195)  0.526778 ( 4.5783)  0.120352 ( 8.6482)
Sphyraena_ensis    0.249330 ( 4.0317)  0.440696 ( 4.8549)  0.451156 ( 4.8815)  0.391342 ( 6.6580)  0.437953 ( 6.1884)  0.435041 ( 8.6025)  0.411964 ( 5.1442)  0.380760 ( 4.2898)  0.357954 ( 6.0702)  0.376498 ( 5.4875)  0.327673 ( 6.0612)  0.260268 ( 4.9065)  0.250583 ( 5.2299)  0.189263 ( 5.2463)  0.260453 ( 4.9794)  0.355365 ( 9.2835)  0.275216 ( 5.9382)  0.260453 ( 4.9794)  0.262894 ( 5.4040)  0.241995 ( 4.8083)  0.194835 ( 5.4565)  0.254457 ( 4.0030)  0.253000 ( 7.3162)  0.526778 ( 4.5783)  0.104180 (11.3430)  0.010466 ( 1.2871)
Sphyraena_forsteri    0.319111 ( 4.3604)  0.767930 ( 6.3780)  0.888349 ( 6.9016)  0.524910 ( 6.4953)  0.518151 ( 1.7718)  0.753115 ( 5.2838)  0.767930 ( 6.3780)  0.418504 ( 4.2022)  0.860594 ( 7.3711)  0.565603 ( 2.6293)  0.394189 ( 4.3834)  0.479159 ( 7.2888)  0.371126 ( 4.6996)  0.261868 ( 6.1452)  0.347780 ( 6.4458)  9.000000 ( 6.4458)  0.361329 ( 7.8111)  0.347780 ( 6.4458)  0.337679 ( 7.1410)  0.296892 ( 6.0658)  0.261868 ( 6.1452)  0.364402 ( 5.0306)  9.000000 ( 5.0306)  0.496330 ( 5.3013)  0.082073 (11.3116)  0.129406 ( 8.0675)  0.129406 ( 8.0675)
Sphyraena_guachancho    0.254502 ( 4.3102)  0.455151 ( 5.2217)  0.450264 ( 5.0031)  0.393188 ( 6.9010)  0.445493 ( 6.3433)  0.438186 ( 8.7033)  0.426510 ( 5.5567)  0.382559 ( 4.4496)  0.360887 ( 6.1573)  0.383375 ( 5.6384)  0.323754 ( 6.1677)  0.253028 ( 4.8920)  0.257704 ( 5.2512)  0.195636 ( 5.2621)  0.260108 ( 5.1559)  0.329709 ( 8.5080)  0.274756 ( 6.1465)  0.260108 ( 5.1559)  0.264922 ( 5.6649)  0.241611 ( 4.9849)  0.194314 ( 5.2088)  0.253366 ( 3.8471)  0.262567 ( 7.6878)  0.526778 ( 4.5783)  0.112650 (11.2756)  0.007429 ( 0.9231)  0.005263 ( 6.4487)  0.129406 ( 8.0675)
Sphyraena_helleri    0.400437 ( 1.7911)  0.535617 ( 2.4245)  0.559970 ( 2.2988)  0.529800 ( 3.3425)  0.499141 ( 0.6293)  0.813142 ( 2.4661)  0.535617 ( 2.4245)  0.442995 ( 2.1468)  0.544058 ( 1.7051)  0.445209 (-0.0899)  0.589019 ( 2.1475)  0.600978 ( 8.5254)  0.393430 ( 2.0007)  0.322057 ( 3.7437)  0.652181 ( 6.2005)  9.000000 ( 6.2005)  0.607843 ( 6.2420)  0.652181 ( 6.2005)  0.526029 ( 5.1160)  0.563496 ( 5.6366)  0.322057 ( 3.7437)  0.362528 ( 2.5034)  9.000000 ( 2.5034)  0.221597 ( 4.7866)  0.282653 ( 3.5474)  0.348195 ( 2.7884)  0.348195 ( 2.7884)  0.311224 ( 3.0772)  0.348195 ( 2.7884)
Sphyraena_iburiensis    0.375326 ( 2.0175)  0.682049 ( 4.7006)  0.894881 ( 7.3890)  0.881435 ( 9.6623)  0.814213 ( 5.0104)  0.727982 ( 2.7751)  0.682049 ( 4.7006)  0.518369 ( 4.3221)  0.664422 ( 2.0899)  0.601181 ( 3.0761)  0.422079 ( 2.8250)  0.454193 ( 6.5508)  0.334032 ( 2.1660)  0.439751 ( 5.6412)  0.430490 ( 3.7744)  9.000000 ( 3.7744)  0.441092 ( 4.3891)  0.430490 ( 3.7744)  0.369879 ( 3.3567)  0.370404 ( 3.3734)  0.439751 ( 5.6412)  0.467201 ( 4.6397)  9.000000 ( 4.6397)  0.431043 ( 6.1540)  0.433045 ( 4.8668)  0.459527 ( 4.1668)  0.459527 ( 4.1668)  0.457005 ( 4.1280)  0.459527 ( 4.1668)  0.431710 ( 5.4902)
Sphyraena_japonica    0.780280 ( 6.3675)  0.545559 ( 1.6342)  0.611515 ( 1.7953)  0.682313 ( 3.8678)  0.738496 ( 1.8755)  0.803313 ( 1.2996)  0.545559 ( 1.6342)  0.790522 ( 5.2162)  0.621301 ( 0.7147)  0.695849 ( 1.0327)  0.590605 ( 2.7222)  0.725107 ( 9.3707)  0.712677 ( 5.6303)  0.412092 ( 4.0405)  0.540495 ( 4.7117)  9.000000 ( 4.7117)  0.592965 ( 5.2798)  0.540495 ( 4.7117)  0.608903 ( 5.4564)  0.539348 ( 4.6243)  0.412092 ( 4.0405)  0.703758 ( 5.3057)  9.000000 ( 5.3057)  0.084546 ( 1.4884)  0.423256 ( 6.1558)  0.568917 ( 6.3244)  0.568917 ( 6.3244)  0.538251 ( 8.3932)  0.568917 ( 6.3244)  0.266466 ( 7.3259)  0.578598 ( 5.0660)
Sphyraena_jello    0.307748 ( 3.5735)  0.491736 ( 4.3229)  0.607992 ( 5.1526)  0.736908 ( 8.1130)  0.705300 ( 3.1862)  1.080822 ( 8.4826)  0.491736 ( 4.3229)  0.539584 ( 5.5109)  0.453088 ( 3.8365)  0.780759 ( 4.4499)  0.315983 ( 2.6966)  0.401797 ( 4.4491)  0.301002 ( 3.9864)  0.247478 ( 3.4256)  0.194531 ( 3.3246)  9.000000 ( 3.3246)  0.176749 ( 3.4640)  0.194531 ( 3.3246)  0.216556 ( 4.6640)  0.195865 ( 4.0485)  0.247478 ( 3.4256)  0.342455 ( 5.3093)  9.000000 ( 5.3093)  0.428941 ( 3.8074)  0.100157 ( 4.1700)  0.060029 ( 4.3597)  0.060029 ( 4.3597)  0.153521 ( 7.4500)  0.060029 ( 4.3597)  0.352143 ( 2.4636)  0.413036 ( 3.5553)  0.509481 ( 5.4708)
Sphyraena_obtusata    0.596356 ( 4.3399)  0.856293 ( 6.4855)  1.267916 (11.3987)  0.895339 ( 7.4083)  1.223437 ( 5.7874)  0.725976 ( 2.8086)  0.856293 ( 6.4855)  0.700800 ( 4.9121)  0.723811 ( 2.4874)  0.841457 ( 3.2678)  0.434003 ( 2.5443)  0.361233 ( 5.5435)  0.430543 ( 3.8072)  0.483650 ( 8.1891)  0.470402 ( 5.4510)  9.000000 ( 5.4510)  0.508917 ( 6.7766)  0.470402 ( 5.4510)  0.405661 ( 4.9891)  0.406258 ( 5.0156)  0.483650 ( 8.1891)  0.400552 ( 6.2500)  9.000000 ( 6.2500)  0.533735 ( 6.2955)  0.570979 ( 6.9825)  0.514991 ( 5.4962)  0.514991 ( 5.4962)  0.669438 ( 6.8989)  0.514991 ( 5.4962)  0.605102 ( 6.7165)  0.188198 ( 5.4842)  0.596506 ( 5.7677)  0.585879 ( 6.6904)
Sphyraena_picudilla    0.254777 ( 4.3071)  0.452432 ( 5.1634)  0.447448 ( 4.9446)  0.387945 ( 6.7680)  0.436705 ( 6.1555)  0.433921 ( 8.5639)  0.423933 ( 5.4953)  0.377261 ( 4.3491)  0.357260 ( 6.0472)  0.375579 ( 5.4611)  0.319051 ( 6.0354)  0.248735 ( 4.7638)  0.253243 ( 5.1138)  0.191540 ( 5.0986)  0.257939 ( 5.0828)  0.324918 ( 8.3080)  0.272595 ( 6.0670)  0.257939 ( 5.0828)  0.260367 ( 5.5205)  0.239555 ( 4.9120)  0.190154 ( 5.0431)  0.248843 ( 3.7331)  0.252510 ( 7.2858)  0.526778 ( 4.5783)  0.110989 (11.0575)  0.006250 ( 0.4540)  0.004104 ( 4.5789)  0.129406 ( 8.0675)  0.001154 (999.0000)  0.348195 ( 2.7884)  0.459527 ( 4.1668)  0.568917 ( 6.3244)  0.060029 ( 4.3597)  0.514991 ( 5.4962)
Sphyraena_pinguis    0.381166 ( 2.7387)  0.511939 ( 3.8322)  0.697749 ( 6.5045)  0.746382 ( 6.3810)  0.578568 ( 3.0252)  0.758526 ( 2.9878)  0.511939 ( 3.8322)  0.486365 ( 3.9060)  0.577732 ( 1.5733)  0.583831 ( 2.9527)  0.385565 ( 1.7834)  0.469336 ( 7.6809)  0.417964 ( 4.0990)  0.311778 ( 3.4182)  0.270396 ( 2.3124)  9.000000 ( 2.3124)  0.314638 ( 3.4472)  0.270396 ( 2.3124)  0.276740 ( 2.7904)  0.228705 ( 1.9792)  0.311778 ( 3.4182)  0.440547 ( 5.4346)  9.000000 ( 5.4346)  0.352158 ( 4.6355)  0.294451 ( 2.6765)  0.282354 ( 2.5084)  0.282354 ( 2.5084)  0.385787 ( 3.1644)  0.282354 ( 2.5084)  0.426396 ( 5.3561)  0.116829 ( 6.6870)  0.397873 ( 3.7206)  0.246218 ( 2.7495)  0.162107 ( 7.3090)  0.282354 ( 2.5084)
Sphyraena_putnamae    0.398442 ( 3.9654)  0.939146 ( 9.7659)  0.811029 ( 7.3289)  1.095390 (11.5789)  0.826408 ( 4.9592)  1.475542 (10.1515)  0.939146 ( 9.7659)  1.070042 (10.2030)  0.706656 ( 4.4295)  1.482517 ( 8.5359)  0.383417 ( 2.8213)  0.337160 ( 6.0003)  0.328456 ( 3.8669)  0.358553 ( 7.7129)  0.366528 ( 7.8982)  9.000000 ( 7.8982)  0.301252 ( 7.1976)  0.366528 ( 7.8982)  0.394345 ( 9.9787)  0.312324 ( 7.5243)  0.358553 ( 7.7129)  0.428941 ( 7.0606)  9.000000 ( 7.0606)  0.535227 ( 6.5105)  0.189177 ( 5.9019)  0.220861 ( 4.8400)  0.220861 ( 4.8400)  0.261702 ( 6.1757)  0.220861 ( 4.8400)  0.469249 ( 4.9290)  0.568216 ( 6.2381)  0.585988 ( 6.5705)  0.234510 ( 4.4724)  0.504977 ( 7.5224)  0.220861 ( 4.8400)  0.497401 ( 6.5832)
Sphyraena_qenie    0.252676 ( 4.4210)  0.410987 ( 4.2670)  0.369081 ( 3.3198)  0.337707 ( 4.9953)  0.412977 ( 4.6957)  0.359159 ( 5.1704)  0.390466 ( 4.6268)  0.347766 ( 3.7391)  0.337167 ( 4.6793)  0.388343 ( 4.6693)  0.288377 ( 4.9192)  0.257652 ( 5.0028)  0.220149 ( 4.0190)  0.211078 ( 6.3646)  0.252553 ( 5.0964)  0.384682 ( 9.5517)  0.278096 ( 6.2322)  0.252553 ( 5.0964)  0.257560 ( 5.6166)  0.242126 ( 5.1658)  0.213250 ( 6.4460)  0.271935 ( 4.7271)  0.212902 ( 6.3649)  0.395283 ( 4.3564)  0.040745 (19.7261)  0.109541 ( 8.3205)  0.096192 (11.4723)  0.106791 ( 9.4145)  0.102002 (11.0532)  0.301137 ( 3.3879)  0.385674 ( 3.6369)  0.461057 ( 6.1001)  0.070152 ( 1.5597)  0.504653 ( 5.3222)  0.100434 (10.8302)  0.262567 ( 1.8476)  0.220771 ( 5.9469)
Sphyraena_viridensis    0.275656 ( 7.1062)  0.520666 ( 7.6974)  0.412364 ( 5.3855)  0.383711 ( 6.4650)  0.391317 ( 5.2571)  0.406315 ( 7.3987)  0.520666 ( 7.6974)  0.346840 ( 3.4871)  0.455733 ( 6.8411)  0.423586 ( 5.5877)  0.250310 ( 3.2122)  0.343378 ( 8.1260)  0.232624 ( 6.6984)  0.290041 (11.3910)  0.353982 ( 6.5322)  0.392903 ( 9.0225)  0.429655 (10.0663)  0.353982 ( 6.5322)  0.342486 ( 6.2610)  0.354109 ( 6.5522)  0.306113 (12.1278)  0.348045 ( 6.8252)  0.205070 ( 8.7692)  9.000000 ( 8.7692)  0.214286 ( 7.9113)  0.187973 ( 6.6461)  0.183451 ( 7.1317)  9.000000 ( 7.1317)  0.192216 ( 7.5870)  9.000000 ( 7.5870)  9.000000 ( 7.5870)  9.000000 ( 7.5870)  9.000000 ( 7.5870)  9.000000 ( 7.5870)  0.183261 ( 7.1126)  9.000000 ( 7.1126)  9.000000 ( 7.1126)  0.162877 ( 6.8295)
Tetrapturus_audax    0.169624 ( 4.3053)  0.363114 ( 4.7858)  0.419209 ( 5.3719)  0.353130 ( 7.6184)  0.358264 ( 5.0988)  0.371963 ( 7.3988)  0.328037 ( 4.6595)  0.325191 ( 4.5527)  0.306431 ( 5.6804)  0.286997 ( 4.0583)  0.283052 ( 4.7575)  0.181364 ( 6.2323)  0.149150 ( 4.7974)  0.005207 (999.0000)  0.204583 ( 6.9779)  0.329519 (10.7929)  0.222777 ( 8.9210)  0.204583 ( 6.9779)  0.185636 ( 6.7426)  0.184665 ( 5.8136)  0.002583 (999.0000)  0.212028 ( 7.9917)  0.124238 ( 5.9543)  0.486610 ( 7.3642)  0.228421 ( 7.3551)  0.195457 ( 4.8097)  0.196369 ( 5.5197)  0.261868 ( 6.1452)  0.195636 ( 5.2621)  0.322057 ( 3.7437)  0.439751 ( 5.6412)  0.412092 ( 4.0405)  0.247478 ( 3.4256)  0.483650 ( 8.1891)  0.191540 ( 5.0986)  0.311778 ( 3.4182)  0.358553 ( 7.7129)  0.219571 ( 6.7025)  0.301108 (11.9017)
Xiphias_gladius    0.163582 ( 4.9426)  0.315257 ( 4.5342)  0.395596 ( 5.6916)  0.355318 ( 8.4626)  0.344098 ( 5.2438)  0.340703 ( 7.9884)  0.290332 ( 4.5954)  0.335200 ( 5.0604)  0.249765 ( 5.2616)  0.265586 ( 3.9688)  0.263639 ( 5.1201)  0.161372 ( 5.6048)  0.151015 ( 5.1473)  0.048226 ( 5.3943)  0.194514 ( 6.8563)  0.268924 (12.4296)  0.189406 ( 6.9252)  0.194514 ( 6.8563)  0.183699 ( 6.9986)  0.179201 ( 5.8622)  0.046310 ( 5.0956)  0.190316 ( 7.6953)  0.128004 ( 7.0716)  0.430494 ( 7.1404)  0.211609 ( 6.1149)  0.205485 ( 4.7521)  0.206208 ( 5.4181)  0.247454 ( 4.7571)  0.205790 ( 5.1864)  0.289293 ( 2.6994)  0.375843 ( 3.9462)  0.384523 ( 4.1297)  0.212459 ( 3.1727)  0.422290 ( 7.8784)  0.201428 ( 5.0228)  0.271714 ( 3.1837)  0.309844 ( 7.4861)  0.222846 ( 6.8084)  0.309598 (10.3548)  0.048226 ( 5.3943)
Sphyraena_argentea    9.000000 ( 5.3943)  9.000000 ( 5.3943)  9.000000 ( 5.3943)  9.000000 ( 5.3943)  9.000000 ( 5.3943)  9.000000 ( 5.3943)  9.000000 ( 5.3943)  9.000000 ( 5.3943)  9.000000 ( 5.3943)  9.000000 ( 5.3943)  9.000000 ( 5.3943)  9.000000 ( 5.3943)  9.000000 ( 5.3943)  9.000000 ( 5.3943)  9.000000 ( 5.3943)  9.000000 ( 5.3943)  9.000000 ( 5.3943)  9.000000 ( 5.3943)  9.000000 ( 5.3943)  9.000000 ( 5.3943)  9.000000 ( 5.3943)  9.000000 ( 5.3943)  9.000000 ( 5.3943)  9.000000 ( 5.3943)  9.000000 ( 5.3943)  9.000000 ( 5.3943)  9.000000 ( 5.3943)  9.000000 ( 5.3943)  9.000000 ( 5.3943)  9.000000 ( 5.3943)  9.000000 ( 5.3943)  9.000000 ( 5.3943)  9.000000 ( 5.3943)  9.000000 ( 5.3943)  9.000000 ( 5.3943)  9.000000 ( 5.3943)  9.000000 ( 5.3943)  9.000000 ( 5.3943)  9.000000 ( 5.3943)  9.000000 ( 5.3943)  9.000000 ( 5.3943)
Sphyraena_idiastes    9.000000 ( 5.3943)  9.000000 ( 5.3943)  9.000000 ( 5.3943)  9.000000 ( 5.3943)  9.000000 ( 5.3943)  9.000000 ( 5.3943)  9.000000 ( 5.3943)  9.000000 ( 5.3943)  9.000000 ( 5.3943)  9.000000 ( 5.3943)  9.000000 ( 5.3943)  9.000000 ( 5.3943)  9.000000 ( 5.3943)  9.000000 ( 5.3943)  9.000000 ( 5.3943)  9.000000 ( 5.3943)  9.000000 ( 5.3943)  9.000000 ( 5.3943)  9.000000 ( 5.3943)  9.000000 ( 5.3943)  9.000000 ( 5.3943)  9.000000 ( 5.3943)  9.000000 ( 5.3943)  9.000000 ( 5.3943)  9.000000 ( 5.3943)  9.000000 ( 5.3943)  9.000000 ( 5.3943)  9.000000 ( 5.3943)  9.000000 ( 5.3943)  9.000000 ( 5.3943)  9.000000 ( 5.3943)  9.000000 ( 5.3943)  9.000000 ( 5.3943)  9.000000 ( 5.3943)  9.000000 ( 5.3943)  9.000000 ( 5.3943)  9.000000 ( 5.3943)  9.000000 ( 5.3943)  9.000000 ( 5.3943)  9.000000 ( 5.3943)  9.000000 ( 5.3943)  9.000000 ( 5.3943)
Sphyraena_novaehollandiae    9.000000 ( 5.3943)  9.000000 ( 5.3943)  9.000000 ( 5.3943)  9.000000 ( 5.3943)  9.000000 ( 5.3943)  9.000000 ( 5.3943)  9.000000 ( 5.3943)  9.000000 ( 5.3943)  9.000000 ( 5.3943)  9.000000 ( 5.3943)  9.000000 ( 5.3943)  9.000000 ( 5.3943)  9.000000 ( 5.3943)  9.000000 ( 5.3943)  9.000000 ( 5.3943)  9.000000 ( 5.3943)  9.000000 ( 5.3943)  9.000000 ( 5.3943)  9.000000 ( 5.3943)  9.000000 ( 5.3943)  9.000000 ( 5.3943)  9.000000 ( 5.3943)  9.000000 ( 5.3943)  9.000000 ( 5.3943)  9.000000 ( 5.3943)  9.000000 ( 5.3943)  9.000000 ( 5.3943)  9.000000 ( 5.3943)  9.000000 ( 5.3943)  9.000000 ( 5.3943)  9.000000 ( 5.3943)  9.000000 ( 5.3943)  9.000000 ( 5.3943)  9.000000 ( 5.3943)  9.000000 ( 5.3943)  9.000000 ( 5.3943)  9.000000 ( 5.3943)  9.000000 ( 5.3943)  9.000000 ( 5.3943)  9.000000 ( 5.3943)  9.000000 ( 5.3943)  9.000000 ( 5.3943)  9.000000 ( 5.3943)
Sphyraena_chrysotaenia    9.000000 ( 5.3943)  9.000000 ( 5.3943)  9.000000 ( 5.3943)  9.000000 ( 5.3943)  9.000000 ( 5.3943)  9.000000 ( 5.3943)  9.000000 ( 5.3943)  9.000000 ( 5.3943)  9.000000 ( 5.3943)  9.000000 ( 5.3943)  9.000000 ( 5.3943)  9.000000 ( 5.3943)  9.000000 ( 5.3943)  9.000000 ( 5.3943)  9.000000 ( 5.3943)  9.000000 ( 5.3943)  9.000000 ( 5.3943)  9.000000 ( 5.3943)  9.000000 ( 5.3943)  9.000000 ( 5.3943)  9.000000 ( 5.3943)  9.000000 ( 5.3943)  9.000000 ( 5.3943)  9.000000 ( 5.3943)  9.000000 ( 5.3943)  9.000000 ( 5.3943)  9.000000 ( 5.3943)  9.000000 ( 5.3943)  9.000000 ( 5.3943)  9.000000 ( 5.3943)  9.000000 ( 5.3943)  9.000000 ( 5.3943)  9.000000 ( 5.3943)  9.000000 ( 5.3943)  9.000000 ( 5.3943)  9.000000 ( 5.3943)  9.000000 ( 5.3943)  9.000000 ( 5.3943)  9.000000 ( 5.3943)  9.000000 ( 5.3943)  9.000000 ( 5.3943)  9.000000 ( 5.3943)  9.000000 ( 5.3943)  9.000000 ( 5.3943)
Sphyraena_flavicauda    9.000000 ( 5.3943)  9.000000 ( 5.3943)  9.000000 ( 5.3943)  9.000000 ( 5.3943)  9.000000 ( 5.3943)  9.000000 ( 5.3943)  9.000000 ( 5.3943)  9.000000 ( 5.3943)  9.000000 ( 5.3943)  9.000000 ( 5.3943)  9.000000 ( 5.3943)  9.000000 ( 5.3943)  9.000000 ( 5.3943)  9.000000 ( 5.3943)  9.000000 ( 5.3943)  9.000000 ( 5.3943)  9.000000 ( 5.3943)  9.000000 ( 5.3943)  9.000000 ( 5.3943)  9.000000 ( 5.3943)  9.000000 ( 5.3943)  9.000000 ( 5.3943)  9.000000 ( 5.3943)  9.000000 ( 5.3943)  9.000000 ( 5.3943)  9.000000 ( 5.3943)  9.000000 ( 5.3943)  9.000000 ( 5.3943)  9.000000 ( 5.3943)  9.000000 ( 5.3943)  9.000000 ( 5.3943)  9.000000 ( 5.3943)  9.000000 ( 5.3943)  9.000000 ( 5.3943)  9.000000 ( 5.3943)  9.000000 ( 5.3943)  9.000000 ( 5.3943)  9.000000 ( 5.3943)  9.000000 ( 5.3943)  9.000000 ( 5.3943)  9.000000 ( 5.3943)  9.000000 ( 5.3943)  9.000000 ( 5.3943)  9.000000 ( 5.3943)  9.000000 ( 5.3943)
Centropomus_irae    9.000000 ( 5.3943)  9.000000 ( 5.3943)  9.000000 ( 5.3943)  9.000000 ( 5.3943)  9.000000 ( 5.3943)  9.000000 ( 5.3943)  9.000000 ( 5.3943)  9.000000 ( 5.3943)  9.000000 ( 5.3943)  9.000000 ( 5.3943)  9.000000 ( 5.3943)  9.000000 ( 5.3943)  9.000000 ( 5.3943)  9.000000 ( 5.3943)  9.000000 ( 5.3943)  9.000000 ( 5.3943)  9.000000 ( 5.3943)  9.000000 ( 5.3943)  9.000000 ( 5.3943)  9.000000 ( 5.3943)  9.000000 ( 5.3943)  9.000000 ( 5.3943)  9.000000 ( 5.3943)  9.000000 ( 5.3943)  9.000000 ( 5.3943)  9.000000 ( 5.3943)  9.000000 ( 5.3943)  9.000000 ( 5.3943)  9.000000 ( 5.3943)  9.000000 ( 5.3943)  9.000000 ( 5.3943)  9.000000 ( 5.3943)  9.000000 ( 5.3943)  9.000000 ( 5.3943)  9.000000 ( 5.3943)  9.000000 ( 5.3943)  9.000000 ( 5.3943)  9.000000 ( 5.3943)  9.000000 ( 5.3943)  9.000000 ( 5.3943)  9.000000 ( 5.3943)  9.000000 ( 5.3943)  9.000000 ( 5.3943)  9.000000 ( 5.3943)  9.000000 ( 5.3943)  9.000000 ( 5.3943)
Centropomus_poeyi    9.000000 ( 5.3943)  9.000000 ( 5.3943)  9.000000 ( 5.3943)  9.000000 ( 5.3943)  9.000000 ( 5.3943)  9.000000 ( 5.3943)  9.000000 ( 5.3943)  9.000000 ( 5.3943)  9.000000 ( 5.3943)  9.000000 ( 5.3943)  9.000000 ( 5.3943)  9.000000 ( 5.3943)  9.000000 ( 5.3943)  9.000000 ( 5.3943)  9.000000 ( 5.3943)  9.000000 ( 5.3943)  9.000000 ( 5.3943)  9.000000 ( 5.3943)  9.000000 ( 5.3943)  9.000000 ( 5.3943)  9.000000 ( 5.3943)  9.000000 ( 5.3943)  9.000000 ( 5.3943)  9.000000 ( 5.3943)  9.000000 ( 5.3943)  9.000000 ( 5.3943)  9.000000 ( 5.3943)  9.000000 ( 5.3943)  9.000000 ( 5.3943)  9.000000 ( 5.3943)  9.000000 ( 5.3943)  9.000000 ( 5.3943)  9.000000 ( 5.3943)  9.000000 ( 5.3943)  9.000000 ( 5.3943)  9.000000 ( 5.3943)  9.000000 ( 5.3943)  9.000000 ( 5.3943)  9.000000 ( 5.3943)  9.000000 ( 5.3943)  9.000000 ( 5.3943)  9.000000 ( 5.3943)  9.000000 ( 5.3943)  9.000000 ( 5.3943)  9.000000 ( 5.3943)  9.000000 ( 5.3943)  9.000000 ( 5.3943)
Centropomus_mexicanus    9.000000 ( 5.3943)  9.000000 ( 5.3943)  9.000000 ( 5.3943)  9.000000 ( 5.3943)  9.000000 ( 5.3943)  9.000000 ( 5.3943)  9.000000 ( 5.3943)  9.000000 ( 5.3943)  9.000000 ( 5.3943)  9.000000 ( 5.3943)  9.000000 ( 5.3943)  9.000000 ( 5.3943)  9.000000 ( 5.3943)  9.000000 ( 5.3943)  9.000000 ( 5.3943)  9.000000 ( 5.3943)  9.000000 ( 5.3943)  9.000000 ( 5.3943)  9.000000 ( 5.3943)  9.000000 ( 5.3943)  9.000000 ( 5.3943)  9.000000 ( 5.3943)  9.000000 ( 5.3943)  9.000000 ( 5.3943)  9.000000 ( 5.3943)  9.000000 ( 5.3943)  9.000000 ( 5.3943)  9.000000 ( 5.3943)  9.000000 ( 5.3943)  9.000000 ( 5.3943)  9.000000 ( 5.3943)  9.000000 ( 5.3943)  9.000000 ( 5.3943)  9.000000 ( 5.3943)  9.000000 ( 5.3943)  9.000000 ( 5.3943)  9.000000 ( 5.3943)  9.000000 ( 5.3943)  9.000000 ( 5.3943)  9.000000 ( 5.3943)  9.000000 ( 5.3943)  9.000000 ( 5.3943)  9.000000 ( 5.3943)  9.000000 ( 5.3943)  9.000000 ( 5.3943)  9.000000 ( 5.3943)  9.000000 ( 5.3943)  9.000000 ( 5.3943)
Centropomus_parallelus    9.000000 ( 5.3943)  9.000000 ( 5.3943)  9.000000 ( 5.3943)  9.000000 ( 5.3943)  9.000000 ( 5.3943)  9.000000 ( 5.3943)  9.000000 ( 5.3943)  9.000000 ( 5.3943)  9.000000 ( 5.3943)  9.000000 ( 5.3943)  9.000000 ( 5.3943)  9.000000 ( 5.3943)  9.000000 ( 5.3943)  9.000000 ( 5.3943)  9.000000 ( 5.3943)  9.000000 ( 5.3943)  9.000000 ( 5.3943)  9.000000 ( 5.3943)  9.000000 ( 5.3943)  9.000000 ( 5.3943)  9.000000 ( 5.3943)  9.000000 ( 5.3943)  9.000000 ( 5.3943)  9.000000 ( 5.3943)  9.000000 ( 5.3943)  9.000000 ( 5.3943)  9.000000 ( 5.3943)  9.000000 ( 5.3943)  9.000000 ( 5.3943)  9.000000 ( 5.3943)  9.000000 ( 5.3943)  9.000000 ( 5.3943)  9.000000 ( 5.3943)  9.000000 ( 5.3943)  9.000000 ( 5.3943)  9.000000 ( 5.3943)  9.000000 ( 5.3943)  9.000000 ( 5.3943)  9.000000 ( 5.3943)  9.000000 ( 5.3943)  9.000000 ( 5.3943)  9.000000 ( 5.3943)  9.000000 ( 5.3943)  9.000000 ( 5.3943)  9.000000 ( 5.3943)  9.000000 ( 5.3943)  9.000000 ( 5.3943)  9.000000 ( 5.3943)  9.000000 ( 5.3943)
Hypopterus_macropterus    9.000000 ( 5.3943)  9.000000 ( 5.3943)  9.000000 ( 5.3943)  9.000000 ( 5.3943)  9.000000 ( 5.3943)  9.000000 ( 5.3943)  9.000000 ( 5.3943)  9.000000 ( 5.3943)  9.000000 ( 5.3943)  9.000000 ( 5.3943)  9.000000 ( 5.3943)  9.000000 ( 5.3943)  9.000000 ( 5.3943)  9.000000 ( 5.3943)  9.000000 ( 5.3943)  9.000000 ( 5.3943)  9.000000 ( 5.3943)  9.000000 ( 5.3943)  9.000000 ( 5.3943)  9.000000 ( 5.3943)  9.000000 ( 5.3943)  9.000000 ( 5.3943)  9.000000 ( 5.3943)  9.000000 ( 5.3943)  9.000000 ( 5.3943)  9.000000 ( 5.3943)  9.000000 ( 5.3943)  9.000000 ( 5.3943)  9.000000 ( 5.3943)  9.000000 ( 5.3943)  9.000000 ( 5.3943)  9.000000 ( 5.3943)  9.000000 ( 5.3943)  9.000000 ( 5.3943)  9.000000 ( 5.3943)  9.000000 ( 5.3943)  9.000000 ( 5.3943)  9.000000 ( 5.3943)  9.000000 ( 5.3943)  9.000000 ( 5.3943)  9.000000 ( 5.3943)  9.000000 ( 5.3943)  9.000000 ( 5.3943)  9.000000 ( 5.3943)  9.000000 ( 5.3943)  9.000000 ( 5.3943)  9.000000 ( 5.3943)  9.000000 ( 5.3943)  9.000000 ( 5.3943)  9.000000 ( 5.3943)
Sphyraena_acutipinnis    9.000000 ( 5.3943)  9.000000 ( 5.3943)  9.000000 ( 5.3943)  9.000000 ( 5.3943)  9.000000 ( 5.3943)  9.000000 ( 5.3943)  9.000000 ( 5.3943)  9.000000 ( 5.3943)  9.000000 ( 5.3943)  9.000000 ( 5.3943)  9.000000 ( 5.3943)  9.000000 ( 5.3943)  9.000000 ( 5.3943)  9.000000 ( 5.3943)  9.000000 ( 5.3943)  9.000000 ( 5.3943)  9.000000 ( 5.3943)  9.000000 ( 5.3943)  9.000000 ( 5.3943)  9.000000 ( 5.3943)  9.000000 ( 5.3943)  9.000000 ( 5.3943)  9.000000 ( 5.3943)  9.000000 ( 5.3943)  9.000000 ( 5.3943)  9.000000 ( 5.3943)  9.000000 ( 5.3943)  9.000000 ( 5.3943)  9.000000 ( 5.3943)  9.000000 ( 5.3943)  9.000000 ( 5.3943)  9.000000 ( 5.3943)  9.000000 ( 5.3943)  9.000000 ( 5.3943)  9.000000 ( 5.3943)  9.000000 ( 5.3943)  9.000000 ( 5.3943)  9.000000 ( 5.3943)  9.000000 ( 5.3943)  9.000000 ( 5.3943)  9.000000 ( 5.3943)  9.000000 ( 5.3943)  9.000000 ( 5.3943)  9.000000 ( 5.3943)  9.000000 ( 5.3943)  9.000000 ( 5.3943)  9.000000 ( 5.3943)  9.000000 ( 5.3943)  9.000000 ( 5.3943)  9.000000 ( 5.3943)  9.000000 ( 5.3943)
Sphyraena_waitii    9.000000 ( 5.3943)  9.000000 ( 5.3943)  9.000000 ( 5.3943)  9.000000 ( 5.3943)  9.000000 ( 5.3943)  9.000000 ( 5.3943)  9.000000 ( 5.3943)  9.000000 ( 5.3943)  9.000000 ( 5.3943)  9.000000 ( 5.3943)  9.000000 ( 5.3943)  9.000000 ( 5.3943)  9.000000 ( 5.3943)  9.000000 ( 5.3943)  9.000000 ( 5.3943)  9.000000 ( 5.3943)  9.000000 ( 5.3943)  9.000000 ( 5.3943)  9.000000 ( 5.3943)  9.000000 ( 5.3943)  9.000000 ( 5.3943)  9.000000 ( 5.3943)  9.000000 ( 5.3943)  9.000000 ( 5.3943)  9.000000 ( 5.3943)  9.000000 ( 5.3943)  9.000000 ( 5.3943)  9.000000 ( 5.3943)  9.000000 ( 5.3943)  9.000000 ( 5.3943)  9.000000 ( 5.3943)  9.000000 ( 5.3943)  9.000000 ( 5.3943)  9.000000 ( 5.3943)  9.000000 ( 5.3943)  9.000000 ( 5.3943)  9.000000 ( 5.3943)  9.000000 ( 5.3943)  9.000000 ( 5.3943)  9.000000 ( 5.3943)  9.000000 ( 5.3943)  9.000000 ( 5.3943)  9.000000 ( 5.3943)  9.000000 ( 5.3943)  9.000000 ( 5.3943)  9.000000 ( 5.3943)  9.000000 ( 5.3943)  9.000000 ( 5.3943)  9.000000 ( 5.3943)  9.000000 ( 5.3943)  9.000000 ( 5.3943)  9.000000 ( 5.3943)

TREE #  1:  (((((14, 40), 21), 41), (((11, 12), (13, 1)), (((3, ((2, 7), 9)), ((6, 4), ((((48, (8, 47)), 10), 5), (50, 49)))), ((((30, ((24, (32, (52, 53))), 44)), ((39, 42), 43)), (((31, 45), 36), (34, 46))), (37, (((35, (27, (26, 29))), 28), (38, (25, 33)))))))), ((51, 23), ((((15, 18), 20), 19), (16, 17))), 22);  MP score: -1.00
lnL(ntime:103  np:105):  -6504.486372    +0.000000
  54..55   55..56   56..57   57..58   58..14   58..40   57..21   56..41   55..59   59..60   60..61   61..11   61..12   60..62   62..13   62..1    59..63   63..64   64..65   65..3    65..66   66..67   67..2    67..7    66..9    64..68   68..69   69..6    69..4    68..70   70..71   71..72   72..73   73..48   73..74   74..8    74..47   72..10   71..5    70..75   75..50   75..49   63..76   76..77   77..78   78..79   79..30   79..80   80..81   81..24   81..82   82..32   82..83   83..52   83..53   80..44   78..84   84..85   85..39   85..42   84..43   77..86   86..87   87..88   88..31   88..45   87..36   86..89   89..34   89..46   76..90   90..37   90..91   91..92   92..93   93..35   93..94   94..27   94..95   95..26   95..29   92..28   91..96   96..38   96..97   97..25   97..33   54..98   98..99   99..51   99..23   98..100 100..101 101..102 102..103 103..15  103..18  102..20  101..19  100..104 104..16  104..17   54..22 
 0.006170 0.033107 0.029640 0.000063 0.004229 0.001436 0.001329 0.021513 0.014853 0.018938 0.037624 0.192905 0.086446 0.058626 0.014408 0.055546 0.021791 0.212127 0.091981 0.066373 0.012421 0.027400 0.000004 0.000004 0.022425 0.038701 0.077866 0.009080 0.013922 0.032924 0.004601 0.004060 0.000613 0.078223 0.000005 0.069082 0.076181 0.029854 0.104403 0.052491 0.038523 0.016354 0.084816 0.050008 0.003220 0.114184 0.090845 0.053572 0.023424 0.029444 0.032210 0.021212 0.094054 0.060355 0.056392 0.092832 0.009300 0.046188 0.000243 0.083137 0.021306 0.121113 0.020523 0.070876 0.005695 0.060587 0.023180 0.034963 0.086896 0.028342 0.029860 0.142004 0.027409 0.003096 0.062387 0.000004 0.000004 0.004137 0.000004 0.006960 0.001363 0.054924 0.026261 0.011952 0.000004 0.029729 0.062805 0.004237 0.058823 0.088413 0.011452 0.135459 0.032036 0.004276 0.017595 0.000004 0.000004 0.005657 0.012737 0.000549 0.037683 0.043609 0.158857 6.318035 0.295628
